[2025-12-13T03:56:44.214+0000] {local_task_job_runner.py:120} INFO - ::group::Pre task execution logs
[2025-12-13T03:56:44.273+0000] {taskinstance.py:2076} INFO - Dependencies all met for dep_context=non-requeueable deps ti=<TaskInstance: medallion_crypto_pipeline.bronze_extraction manual__2025-12-13T03:46:15.108816+00:00 [queued]>
[2025-12-13T03:56:44.287+0000] {taskinstance.py:2076} INFO - Dependencies all met for dep_context=requeueable deps ti=<TaskInstance: medallion_crypto_pipeline.bronze_extraction manual__2025-12-13T03:46:15.108816+00:00 [queued]>
[2025-12-13T03:56:44.289+0000] {taskinstance.py:2306} INFO - Starting attempt 3 of 3
[2025-12-13T03:56:44.313+0000] {taskinstance.py:2330} INFO - Executing <Task(_PythonDecoratedOperator): bronze_extraction> on 2025-12-13 03:46:15.108816+00:00
[2025-12-13T03:56:44.327+0000] {logging_mixin.py:188} WARNING - /home/***/.local/lib/python3.12/site-packages/***/task/task_runner/standard_task_runner.py:61 DeprecationWarning: This process (pid=180) is multi-threaded, use of fork() may lead to deadlocks in the child.
[2025-12-13T03:56:44.331+0000] {standard_task_runner.py:63} INFO - Started process 184 to run task
[2025-12-13T03:56:44.327+0000] {standard_task_runner.py:90} INFO - Running: ['***', 'tasks', 'run', 'medallion_crypto_pipeline', 'bronze_extraction', 'manual__2025-12-13T03:46:15.108816+00:00', '--job-id', '28', '--raw', '--subdir', 'DAGS_FOLDER/medallion_crypto_dag.py', '--cfg-path', '/tmp/tmpohkzmdi7']
[2025-12-13T03:56:44.333+0000] {standard_task_runner.py:91} INFO - Job 28: Subtask bronze_extraction
[2025-12-13T03:56:44.362+0000] {logging_mixin.py:188} WARNING - /home/***/.local/lib/python3.12/site-packages/***/settings.py:195 DeprecationWarning: The sql_alchemy_conn option in [core] has been moved to the sql_alchemy_conn option in [database] - the old setting has been used, but please update your config.
[2025-12-13T03:56:44.454+0000] {task_command.py:426} INFO - Running <TaskInstance: medallion_crypto_pipeline.bronze_extraction manual__2025-12-13T03:46:15.108816+00:00 [running]> on host 39d110474c35
[2025-12-13T03:56:44.963+0000] {taskinstance.py:2648} INFO - Exporting env vars: AIRFLOW_CTX_DAG_EMAIL='your_alert_address@example.com' AIRFLOW_CTX_DAG_OWNER='data_engineer' AIRFLOW_CTX_DAG_ID='medallion_crypto_pipeline' AIRFLOW_CTX_TASK_ID='bronze_extraction' AIRFLOW_CTX_EXECUTION_DATE='2025-12-13T03:46:15.108816+00:00' AIRFLOW_CTX_TRY_NUMBER='3' AIRFLOW_CTX_DAG_RUN_ID='manual__2025-12-13T03:46:15.108816+00:00'
[2025-12-13T03:56:44.965+0000] {taskinstance.py:430} INFO - ::endgroup::
[2025-12-13T03:56:44.966+0000] {medallion_crypto_dag.py:48} INFO - Starting Bronze extraction for date: 2025-12-13
[2025-12-13T03:56:44.967+0000] {bronze_extract.py:39} INFO - [2025-12-13] Starting Bronze Extraction...
[2025-12-13T03:56:44.990+0000] {bronze_extract.py:53} ERROR - Failed to retrieve Airflow Variable: coingecko_api_key Variable is missing in Airflow.
[2025-12-13T03:56:44.991+0000] {taskinstance.py:441} INFO - ::group::Post task execution logs
[2025-12-13T03:56:44.992+0000] {taskinstance.py:2905} ERROR - Task failed with exception
Traceback (most recent call last):
  File "/home/airflow/.local/lib/python3.12/site-packages/airflow/models/taskinstance.py", line 465, in _execute_task
    result = _execute_callable(context=context, **execute_callable_kwargs)
             ^^^^^^^^^^^^^^^^^^^^^^^^^^^^^^^^^^^^^^^^^^^^^^^^^^^^^^^^^^^^^
  File "/home/airflow/.local/lib/python3.12/site-packages/airflow/models/taskinstance.py", line 432, in _execute_callable
    return execute_callable(context=context, **execute_callable_kwargs)
           ^^^^^^^^^^^^^^^^^^^^^^^^^^^^^^^^^^^^^^^^^^^^^^^^^^^^^^^^^^^^
  File "/home/airflow/.local/lib/python3.12/site-packages/airflow/models/baseoperator.py", line 400, in wrapper
    return func(self, *args, **kwargs)
           ^^^^^^^^^^^^^^^^^^^^^^^^^^^
  File "/home/airflow/.local/lib/python3.12/site-packages/airflow/decorators/base.py", line 265, in execute
    return_value = super().execute(context)
                   ^^^^^^^^^^^^^^^^^^^^^^^^
  File "/home/airflow/.local/lib/python3.12/site-packages/airflow/models/baseoperator.py", line 400, in wrapper
    return func(self, *args, **kwargs)
           ^^^^^^^^^^^^^^^^^^^^^^^^^^^
  File "/home/airflow/.local/lib/python3.12/site-packages/airflow/operators/python.py", line 235, in execute
    return_value = self.execute_callable()
                   ^^^^^^^^^^^^^^^^^^^^^^^
  File "/home/airflow/.local/lib/python3.12/site-packages/airflow/operators/python.py", line 252, in execute_callable
    return self.python_callable(*self.op_args, **self.op_kwargs)
           ^^^^^^^^^^^^^^^^^^^^^^^^^^^^^^^^^^^^^^^^^^^^^^^^^^^^^
  File "/opt/airflow/dags/medallion_crypto_dag.py", line 52, in run_bronze_extract
    extract_and_load_bronze(ds)
  File "/opt/airflow/dags/medallion/bronze_extract.py", line 51, in extract_and_load_bronze
    raise ValueError("coingecko_api_key Variable is missing in Airflow.")
ValueError: coingecko_api_key Variable is missing in Airflow.
[2025-12-13T03:56:45.030+0000] {taskinstance.py:1206} INFO - Marking task as FAILED. dag_id=medallion_crypto_pipeline, task_id=bronze_extraction, run_id=manual__2025-12-13T03:46:15.108816+00:00, execution_date=20251213T034615, start_date=20251213T035644, end_date=20251213T035645
[2025-12-13T03:56:45.050+0000] {standard_task_runner.py:110} ERROR - Failed to execute job 28 for task bronze_extraction (coingecko_api_key Variable is missing in Airflow.; 184)
[2025-12-13T03:56:45.110+0000] {local_task_job_runner.py:240} INFO - Task exited with return code 1
[2025-12-13T03:56:45.155+0000] {taskinstance.py:3498} INFO - 0 downstream tasks scheduled from follow-on schedule check
[2025-12-13T03:56:45.164+0000] {local_task_job_runner.py:222} INFO - ::endgroup::
