[2025-12-12T06:13:57.073+0000] {local_task_job_runner.py:120} INFO - ::group::Pre task execution logs
[2025-12-12T06:13:57.134+0000] {taskinstance.py:2076} INFO - Dependencies all met for dep_context=non-requeueable deps ti=<TaskInstance: medallion_crypto_pipeline.bronze_extraction scheduled__2025-12-11T00:00:00+00:00 [queued]>
[2025-12-12T06:13:57.153+0000] {taskinstance.py:2076} INFO - Dependencies all met for dep_context=requeueable deps ti=<TaskInstance: medallion_crypto_pipeline.bronze_extraction scheduled__2025-12-11T00:00:00+00:00 [queued]>
[2025-12-12T06:13:57.155+0000] {taskinstance.py:2306} INFO - Starting attempt 2 of 3
[2025-12-12T06:13:57.194+0000] {taskinstance.py:2330} INFO - Executing <Task(_PythonDecoratedOperator): bronze_extraction> on 2025-12-11 00:00:00+00:00
[2025-12-12T06:13:57.225+0000] {logging_mixin.py:188} WARNING - /home/***/.local/lib/python3.12/site-packages/***/task/task_runner/standard_task_runner.py:61 DeprecationWarning: This process (pid=788) is multi-threaded, use of fork() may lead to deadlocks in the child.
[2025-12-12T06:13:57.228+0000] {standard_task_runner.py:63} INFO - Started process 790 to run task
[2025-12-12T06:13:57.223+0000] {standard_task_runner.py:90} INFO - Running: ['***', 'tasks', 'run', 'medallion_crypto_pipeline', 'bronze_extraction', 'scheduled__2025-12-11T00:00:00+00:00', '--job-id', '10', '--raw', '--subdir', 'DAGS_FOLDER/medallion_crypto_dag.py', '--cfg-path', '/tmp/tmpel3uooe9']
[2025-12-12T06:13:57.232+0000] {standard_task_runner.py:91} INFO - Job 10: Subtask bronze_extraction
[2025-12-12T06:13:57.317+0000] {logging_mixin.py:188} WARNING - /home/***/.local/lib/python3.12/site-packages/***/settings.py:195 DeprecationWarning: The sql_alchemy_conn option in [core] has been moved to the sql_alchemy_conn option in [database] - the old setting has been used, but please update your config.
[2025-12-12T06:13:57.423+0000] {task_command.py:426} INFO - Running <TaskInstance: medallion_crypto_pipeline.bronze_extraction scheduled__2025-12-11T00:00:00+00:00 [running]> on host 7b770ee7e2a1
[2025-12-12T06:13:57.866+0000] {taskinstance.py:2648} INFO - Exporting env vars: AIRFLOW_CTX_DAG_OWNER='data_engineer' AIRFLOW_CTX_DAG_ID='medallion_crypto_pipeline' AIRFLOW_CTX_TASK_ID='bronze_extraction' AIRFLOW_CTX_EXECUTION_DATE='2025-12-11T00:00:00+00:00' AIRFLOW_CTX_TRY_NUMBER='2' AIRFLOW_CTX_DAG_RUN_ID='scheduled__2025-12-11T00:00:00+00:00'
[2025-12-12T06:13:57.867+0000] {taskinstance.py:430} INFO - ::endgroup::
[2025-12-12T06:13:57.868+0000] {medallion_crypto_dag.py:38} INFO - Starting Bronze extraction for date: 2025-12-11
[2025-12-12T06:13:57.869+0000] {bronze_extract.py:31} INFO - [2025-12-11] Starting Bronze Extraction with Config...
[2025-12-12T06:13:57.876+0000] {bronze_extract.py:45} INFO - Extracting coins: bitcoin,ethereum,cardano,solana | VS: usd
[2025-12-12T06:13:57.877+0000] {bronze_extract.py:46} INFO - Rate limit: Sleep 1.2s between requests
[2025-12-12T06:13:58.637+0000] {bronze_extract.py:56} INFO - Successfully extracted 4 coins
[2025-12-12T06:13:58.659+0000] {base.py:84} INFO - Using connection ID 'postgres_default' for task execution.
[2025-12-12T06:13:58.688+0000] {bronze_extract.py:82} INFO - Data successfully loaded into Bronze table: bronze_raw_prices
[2025-12-12T06:13:58.692+0000] {medallion_crypto_dag.py:40} INFO - Bronze extraction completed for date: 2025-12-11
[2025-12-12T06:13:58.693+0000] {python.py:237} INFO - Done. Returned value was: 2025-12-11
[2025-12-12T06:13:58.694+0000] {taskinstance.py:441} INFO - ::group::Post task execution logs
[2025-12-12T06:13:58.742+0000] {taskinstance.py:1206} INFO - Marking task as SUCCESS. dag_id=medallion_crypto_pipeline, task_id=bronze_extraction, run_id=scheduled__2025-12-11T00:00:00+00:00, execution_date=20251211T000000, start_date=20251212T061357, end_date=20251212T061358
[2025-12-12T06:13:58.812+0000] {local_task_job_runner.py:240} INFO - Task exited with return code 0
[2025-12-12T06:13:59.098+0000] {taskinstance.py:3498} INFO - 0 downstream tasks scheduled from follow-on schedule check
[2025-12-12T06:13:59.102+0000] {local_task_job_runner.py:222} INFO - ::endgroup::
