[2025-12-13T05:24:41.274+0000] {local_task_job_runner.py:120} INFO - ::group::Pre task execution logs
[2025-12-13T05:24:41.430+0000] {taskinstance.py:2076} INFO - Dependencies all met for dep_context=non-requeueable deps ti=<TaskInstance: medallion_crypto_pipeline.silver_transformation manual__2025-12-13T05:10:10.524819+00:00 [queued]>
[2025-12-13T05:24:41.460+0000] {taskinstance.py:2076} INFO - Dependencies all met for dep_context=requeueable deps ti=<TaskInstance: medallion_crypto_pipeline.silver_transformation manual__2025-12-13T05:10:10.524819+00:00 [queued]>
[2025-12-13T05:24:41.462+0000] {taskinstance.py:2306} INFO - Starting attempt 2 of 3
[2025-12-13T05:24:41.496+0000] {taskinstance.py:2330} INFO - Executing <Task(_PythonDecoratedOperator): silver_transformation> on 2025-12-13 05:10:10.524819+00:00
[2025-12-13T05:24:41.521+0000] {standard_task_runner.py:63} INFO - Started process 166 to run task
[2025-12-13T05:24:41.536+0000] {standard_task_runner.py:90} INFO - Running: ['***', 'tasks', 'run', 'medallion_crypto_pipeline', 'silver_transformation', 'manual__2025-12-13T05:10:10.524819+00:00', '--job-id', '49', '--raw', '--subdir', 'DAGS_FOLDER/medallion_crypto_dag.py', '--cfg-path', '/tmp/tmpaptfqgab']
[2025-12-13T05:24:41.548+0000] {standard_task_runner.py:91} INFO - Job 49: Subtask silver_transformation
[2025-12-13T05:24:41.615+0000] {logging_mixin.py:188} WARNING - /home/***/.local/lib/python3.11/site-packages/***/settings.py:195 DeprecationWarning: The sql_alchemy_conn option in [core] has been moved to the sql_alchemy_conn option in [database] - the old setting has been used, but please update your config.
[2025-12-13T05:24:41.810+0000] {task_command.py:426} INFO - Running <TaskInstance: medallion_crypto_pipeline.silver_transformation manual__2025-12-13T05:10:10.524819+00:00 [running]> on host b2b624885c21
[2025-12-13T05:24:42.124+0000] {taskinstance.py:2648} INFO - Exporting env vars: AIRFLOW_CTX_DAG_OWNER='data_engineer' AIRFLOW_CTX_DAG_ID='medallion_crypto_pipeline' AIRFLOW_CTX_TASK_ID='silver_transformation' AIRFLOW_CTX_EXECUTION_DATE='2025-12-13T05:10:10.524819+00:00' AIRFLOW_CTX_TRY_NUMBER='2' AIRFLOW_CTX_DAG_RUN_ID='manual__2025-12-13T05:10:10.524819+00:00'
[2025-12-13T05:24:42.128+0000] {taskinstance.py:430} INFO - ::endgroup::
[2025-12-13T05:24:42.131+0000] {silver_transform.py:43} INFO - Starting Silver Transformation for date: 2025-12-13
[2025-12-13T05:24:42.159+0000] {base.py:84} INFO - Using connection ID 'postgres_default' for task execution.
[2025-12-13T05:24:42.175+0000] {sql.py:470} INFO - Running statement: 
        SELECT raw_json_payload, extracted_at
        FROM bronze_raw_prices
        WHERE execution_date = %s;
    , parameters: ('2025-12-13',)
[2025-12-13T05:24:42.179+0000] {sql.py:479} INFO - Rows affected: 1
[2025-12-13T05:24:42.200+0000] {silver_transform.py:93} INFO - Prepared 4 rows for Silver layer.
[2025-12-13T05:24:42.225+0000] {base.py:84} INFO - Using connection ID 'postgres_default' for task execution.
[2025-12-13T05:24:42.264+0000] {silver_transform.py:124} INFO - Successfully loaded 4 rows into Silver layer: silver_clean_prices.
[2025-12-13T05:24:42.265+0000] {python.py:237} INFO - Done. Returned value was: None
[2025-12-13T05:24:42.267+0000] {taskinstance.py:441} INFO - ::group::Post task execution logs
[2025-12-13T05:24:42.293+0000] {taskinstance.py:1206} INFO - Marking task as SUCCESS. dag_id=medallion_crypto_pipeline, task_id=silver_transformation, run_id=manual__2025-12-13T05:10:10.524819+00:00, execution_date=20251213T051010, start_date=20251213T052441, end_date=20251213T052442
[2025-12-13T05:24:42.362+0000] {local_task_job_runner.py:240} INFO - Task exited with return code 0
[2025-12-13T05:24:42.417+0000] {taskinstance.py:3498} INFO - 1 downstream tasks scheduled from follow-on schedule check
[2025-12-13T05:24:42.422+0000] {local_task_job_runner.py:222} INFO - ::endgroup::
