[2025-12-13T05:18:37.498+0000] {local_task_job_runner.py:120} INFO - ::group::Pre task execution logs
[2025-12-13T05:18:37.556+0000] {taskinstance.py:2076} INFO - Dependencies all met for dep_context=non-requeueable deps ti=<TaskInstance: medallion_crypto_pipeline.silver_transformation manual__2025-12-13T05:10:10.524819+00:00 [queued]>
[2025-12-13T05:18:37.570+0000] {taskinstance.py:2076} INFO - Dependencies all met for dep_context=requeueable deps ti=<TaskInstance: medallion_crypto_pipeline.silver_transformation manual__2025-12-13T05:10:10.524819+00:00 [queued]>
[2025-12-13T05:18:37.572+0000] {taskinstance.py:2306} INFO - Starting attempt 1 of 3
[2025-12-13T05:18:37.590+0000] {taskinstance.py:2330} INFO - Executing <Task(_PythonDecoratedOperator): silver_transformation> on 2025-12-13 05:10:10.524819+00:00
[2025-12-13T05:18:37.597+0000] {standard_task_runner.py:63} INFO - Started process 178 to run task
[2025-12-13T05:18:37.603+0000] {standard_task_runner.py:90} INFO - Running: ['***', 'tasks', 'run', 'medallion_crypto_pipeline', 'silver_transformation', 'manual__2025-12-13T05:10:10.524819+00:00', '--job-id', '45', '--raw', '--subdir', 'DAGS_FOLDER/medallion_crypto_dag.py', '--cfg-path', '/tmp/tmpsc5wcfy3']
[2025-12-13T05:18:37.607+0000] {standard_task_runner.py:91} INFO - Job 45: Subtask silver_transformation
[2025-12-13T05:18:37.636+0000] {logging_mixin.py:188} WARNING - /home/***/.local/lib/python3.11/site-packages/***/settings.py:195 DeprecationWarning: The sql_alchemy_conn option in [core] has been moved to the sql_alchemy_conn option in [database] - the old setting has been used, but please update your config.
[2025-12-13T05:18:37.721+0000] {task_command.py:426} INFO - Running <TaskInstance: medallion_crypto_pipeline.silver_transformation manual__2025-12-13T05:10:10.524819+00:00 [running]> on host 86054a8149f6
[2025-12-13T05:18:38.099+0000] {taskinstance.py:2648} INFO - Exporting env vars: AIRFLOW_CTX_DAG_OWNER='data_engineer' AIRFLOW_CTX_DAG_ID='medallion_crypto_pipeline' AIRFLOW_CTX_TASK_ID='silver_transformation' AIRFLOW_CTX_EXECUTION_DATE='2025-12-13T05:10:10.524819+00:00' AIRFLOW_CTX_TRY_NUMBER='1' AIRFLOW_CTX_DAG_RUN_ID='manual__2025-12-13T05:10:10.524819+00:00'
[2025-12-13T05:18:38.102+0000] {taskinstance.py:430} INFO - ::endgroup::
[2025-12-13T05:18:38.103+0000] {taskinstance.py:441} INFO - ::group::Post task execution logs
[2025-12-13T05:18:38.104+0000] {taskinstance.py:2905} ERROR - Task failed with exception
Traceback (most recent call last):
  File "/home/airflow/.local/lib/python3.11/site-packages/airflow/models/taskinstance.py", line 465, in _execute_task
    result = _execute_callable(context=context, **execute_callable_kwargs)
             ^^^^^^^^^^^^^^^^^^^^^^^^^^^^^^^^^^^^^^^^^^^^^^^^^^^^^^^^^^^^^
  File "/home/airflow/.local/lib/python3.11/site-packages/airflow/models/taskinstance.py", line 432, in _execute_callable
    return execute_callable(context=context, **execute_callable_kwargs)
           ^^^^^^^^^^^^^^^^^^^^^^^^^^^^^^^^^^^^^^^^^^^^^^^^^^^^^^^^^^^^
  File "/home/airflow/.local/lib/python3.11/site-packages/airflow/models/baseoperator.py", line 400, in wrapper
    return func(self, *args, **kwargs)
           ^^^^^^^^^^^^^^^^^^^^^^^^^^^
  File "/home/airflow/.local/lib/python3.11/site-packages/airflow/decorators/base.py", line 265, in execute
    return_value = super().execute(context)
                   ^^^^^^^^^^^^^^^^^^^^^^^^
  File "/home/airflow/.local/lib/python3.11/site-packages/airflow/models/baseoperator.py", line 400, in wrapper
    return func(self, *args, **kwargs)
           ^^^^^^^^^^^^^^^^^^^^^^^^^^^
  File "/home/airflow/.local/lib/python3.11/site-packages/airflow/operators/python.py", line 235, in execute
    return_value = self.execute_callable()
                   ^^^^^^^^^^^^^^^^^^^^^^^
  File "/home/airflow/.local/lib/python3.11/site-packages/airflow/operators/python.py", line 252, in execute_callable
    return self.python_callable(*self.op_args, **self.op_kwargs)
           ^^^^^^^^^^^^^^^^^^^^^^^^^^^^^^^^^^^^^^^^^^^^^^^^^^^^^
  File "/opt/airflow/dags/medallion_crypto_dag.py", line 28, in silver_task
    transform_and_load_silver(ds)
  File "/opt/airflow/dags/medallion/silver_transform.py", line 5, in transform_and_load_silver
    log.info(f"Starting Silver Transformation for date: {run_date}")
    ^^^
NameError: name 'log' is not defined
[2025-12-13T05:18:38.142+0000] {taskinstance.py:1206} INFO - Marking task as UP_FOR_RETRY. dag_id=medallion_crypto_pipeline, task_id=silver_transformation, run_id=manual__2025-12-13T05:10:10.524819+00:00, execution_date=20251213T051010, start_date=20251213T051837, end_date=20251213T051838
[2025-12-13T05:18:38.160+0000] {standard_task_runner.py:110} ERROR - Failed to execute job 45 for task silver_transformation (name 'log' is not defined; 178)
[2025-12-13T05:18:38.218+0000] {local_task_job_runner.py:240} INFO - Task exited with return code 1
[2025-12-13T05:18:38.256+0000] {taskinstance.py:3498} INFO - 0 downstream tasks scheduled from follow-on schedule check
[2025-12-13T05:18:38.260+0000] {local_task_job_runner.py:222} INFO - ::endgroup::
