[2025-12-12T06:08:18.137+0000] {processor.py:161} INFO - Started process (PID=719) to work on /opt/airflow/dags/medallion_crypto_dag.py
[2025-12-12T06:08:18.193+0000] {processor.py:830} INFO - Processing file /opt/airflow/dags/medallion_crypto_dag.py for tasks to queue
[2025-12-12T06:08:18.213+0000] {logging_mixin.py:188} INFO - [2025-12-12T06:08:18.205+0000] {dagbag.py:545} INFO - Filling up the DagBag from /opt/airflow/dags/medallion_crypto_dag.py
[2025-12-12T06:08:33.089+0000] {processor.py:840} INFO - DAG(s) 'medallion_crypto_pipeline' retrieved from /opt/airflow/dags/medallion_crypto_dag.py
[2025-12-12T06:08:37.354+0000] {logging_mixin.py:188} INFO - [2025-12-12T06:08:37.353+0000] {dag.py:3096} INFO - Sync 1 DAGs
[2025-12-12T06:08:37.533+0000] {logging_mixin.py:188} INFO - [2025-12-12T06:08:37.532+0000] {dag.py:3954} INFO - Setting next_dagrun for medallion_crypto_pipeline to 2025-12-12 00:00:00+00:00, run_after=2025-12-13 00:00:00+00:00
[2025-12-12T06:08:37.719+0000] {processor.py:183} INFO - Processing /opt/airflow/dags/medallion_crypto_dag.py took 19.649 seconds
[2025-12-12T06:09:08.189+0000] {processor.py:161} INFO - Started process (PID=728) to work on /opt/airflow/dags/medallion_crypto_dag.py
[2025-12-12T06:09:08.195+0000] {processor.py:830} INFO - Processing file /opt/airflow/dags/medallion_crypto_dag.py for tasks to queue
[2025-12-12T06:09:08.205+0000] {logging_mixin.py:188} INFO - [2025-12-12T06:09:08.205+0000] {dagbag.py:545} INFO - Filling up the DagBag from /opt/airflow/dags/medallion_crypto_dag.py
[2025-12-12T06:09:11.547+0000] {processor.py:840} INFO - DAG(s) 'medallion_crypto_pipeline' retrieved from /opt/airflow/dags/medallion_crypto_dag.py
[2025-12-12T06:09:11.825+0000] {logging_mixin.py:188} INFO - [2025-12-12T06:09:11.823+0000] {dag.py:3096} INFO - Sync 1 DAGs
[2025-12-12T06:09:11.954+0000] {logging_mixin.py:188} INFO - [2025-12-12T06:09:11.953+0000] {dag.py:3954} INFO - Setting next_dagrun for medallion_crypto_pipeline to 2025-12-12 00:00:00+00:00, run_after=2025-12-13 00:00:00+00:00
[2025-12-12T06:09:12.047+0000] {processor.py:183} INFO - Processing /opt/airflow/dags/medallion_crypto_dag.py took 3.886 seconds
[2025-12-12T06:09:43.098+0000] {processor.py:161} INFO - Started process (PID=734) to work on /opt/airflow/dags/medallion_crypto_dag.py
[2025-12-12T06:09:43.100+0000] {processor.py:830} INFO - Processing file /opt/airflow/dags/medallion_crypto_dag.py for tasks to queue
[2025-12-12T06:09:43.103+0000] {logging_mixin.py:188} INFO - [2025-12-12T06:09:43.102+0000] {dagbag.py:545} INFO - Filling up the DagBag from /opt/airflow/dags/medallion_crypto_dag.py
[2025-12-12T06:09:43.796+0000] {processor.py:840} INFO - DAG(s) 'medallion_crypto_pipeline' retrieved from /opt/airflow/dags/medallion_crypto_dag.py
[2025-12-12T06:09:43.840+0000] {logging_mixin.py:188} INFO - [2025-12-12T06:09:43.839+0000] {dag.py:3096} INFO - Sync 1 DAGs
[2025-12-12T06:09:43.881+0000] {logging_mixin.py:188} INFO - [2025-12-12T06:09:43.881+0000] {dag.py:3954} INFO - Setting next_dagrun for medallion_crypto_pipeline to 2025-12-12 00:00:00+00:00, run_after=2025-12-13 00:00:00+00:00
[2025-12-12T06:09:43.916+0000] {processor.py:183} INFO - Processing /opt/airflow/dags/medallion_crypto_dag.py took 0.828 seconds
[2025-12-12T06:10:14.271+0000] {processor.py:161} INFO - Started process (PID=740) to work on /opt/airflow/dags/medallion_crypto_dag.py
[2025-12-12T06:10:14.274+0000] {processor.py:830} INFO - Processing file /opt/airflow/dags/medallion_crypto_dag.py for tasks to queue
[2025-12-12T06:10:14.277+0000] {logging_mixin.py:188} INFO - [2025-12-12T06:10:14.276+0000] {dagbag.py:545} INFO - Filling up the DagBag from /opt/airflow/dags/medallion_crypto_dag.py
[2025-12-12T06:10:14.839+0000] {processor.py:840} INFO - DAG(s) 'medallion_crypto_pipeline' retrieved from /opt/airflow/dags/medallion_crypto_dag.py
[2025-12-12T06:10:14.885+0000] {logging_mixin.py:188} INFO - [2025-12-12T06:10:14.884+0000] {dag.py:3096} INFO - Sync 1 DAGs
[2025-12-12T06:10:14.920+0000] {logging_mixin.py:188} INFO - [2025-12-12T06:10:14.920+0000] {dag.py:3954} INFO - Setting next_dagrun for medallion_crypto_pipeline to 2025-12-12 00:00:00+00:00, run_after=2025-12-13 00:00:00+00:00
[2025-12-12T06:10:15.133+0000] {processor.py:183} INFO - Processing /opt/airflow/dags/medallion_crypto_dag.py took 0.871 seconds
[2025-12-12T06:10:45.474+0000] {processor.py:161} INFO - Started process (PID=746) to work on /opt/airflow/dags/medallion_crypto_dag.py
[2025-12-12T06:10:45.476+0000] {processor.py:830} INFO - Processing file /opt/airflow/dags/medallion_crypto_dag.py for tasks to queue
[2025-12-12T06:10:45.479+0000] {logging_mixin.py:188} INFO - [2025-12-12T06:10:45.479+0000] {dagbag.py:545} INFO - Filling up the DagBag from /opt/airflow/dags/medallion_crypto_dag.py
[2025-12-12T06:10:46.025+0000] {processor.py:840} INFO - DAG(s) 'medallion_crypto_pipeline' retrieved from /opt/airflow/dags/medallion_crypto_dag.py
[2025-12-12T06:10:46.087+0000] {logging_mixin.py:188} INFO - [2025-12-12T06:10:46.086+0000] {dag.py:3096} INFO - Sync 1 DAGs
[2025-12-12T06:10:46.295+0000] {logging_mixin.py:188} INFO - [2025-12-12T06:10:46.295+0000] {dag.py:3954} INFO - Setting next_dagrun for medallion_crypto_pipeline to 2025-12-12 00:00:00+00:00, run_after=2025-12-13 00:00:00+00:00
[2025-12-12T06:10:46.325+0000] {processor.py:183} INFO - Processing /opt/airflow/dags/medallion_crypto_dag.py took 0.861 seconds
[2025-12-12T06:11:16.652+0000] {processor.py:161} INFO - Started process (PID=752) to work on /opt/airflow/dags/medallion_crypto_dag.py
[2025-12-12T06:11:16.654+0000] {processor.py:830} INFO - Processing file /opt/airflow/dags/medallion_crypto_dag.py for tasks to queue
[2025-12-12T06:11:16.657+0000] {logging_mixin.py:188} INFO - [2025-12-12T06:11:16.657+0000] {dagbag.py:545} INFO - Filling up the DagBag from /opt/airflow/dags/medallion_crypto_dag.py
[2025-12-12T06:11:17.208+0000] {processor.py:840} INFO - DAG(s) 'medallion_crypto_pipeline' retrieved from /opt/airflow/dags/medallion_crypto_dag.py
[2025-12-12T06:11:17.255+0000] {logging_mixin.py:188} INFO - [2025-12-12T06:11:17.254+0000] {dag.py:3096} INFO - Sync 1 DAGs
[2025-12-12T06:11:17.458+0000] {logging_mixin.py:188} INFO - [2025-12-12T06:11:17.458+0000] {dag.py:3954} INFO - Setting next_dagrun for medallion_crypto_pipeline to 2025-12-12 00:00:00+00:00, run_after=2025-12-13 00:00:00+00:00
[2025-12-12T06:11:17.508+0000] {processor.py:183} INFO - Processing /opt/airflow/dags/medallion_crypto_dag.py took 0.864 seconds
[2025-12-12T06:11:47.816+0000] {processor.py:161} INFO - Started process (PID=758) to work on /opt/airflow/dags/medallion_crypto_dag.py
[2025-12-12T06:11:47.818+0000] {processor.py:830} INFO - Processing file /opt/airflow/dags/medallion_crypto_dag.py for tasks to queue
[2025-12-12T06:11:47.822+0000] {logging_mixin.py:188} INFO - [2025-12-12T06:11:47.821+0000] {dagbag.py:545} INFO - Filling up the DagBag from /opt/airflow/dags/medallion_crypto_dag.py
[2025-12-12T06:11:48.518+0000] {processor.py:840} INFO - DAG(s) 'medallion_crypto_pipeline' retrieved from /opt/airflow/dags/medallion_crypto_dag.py
[2025-12-12T06:11:48.807+0000] {logging_mixin.py:188} INFO - [2025-12-12T06:11:48.806+0000] {dag.py:3096} INFO - Sync 1 DAGs
[2025-12-12T06:11:48.838+0000] {logging_mixin.py:188} INFO - [2025-12-12T06:11:48.838+0000] {dag.py:3954} INFO - Setting next_dagrun for medallion_crypto_pipeline to 2025-12-12 00:00:00+00:00, run_after=2025-12-13 00:00:00+00:00
[2025-12-12T06:11:48.891+0000] {processor.py:183} INFO - Processing /opt/airflow/dags/medallion_crypto_dag.py took 1.085 seconds
[2025-12-12T06:12:19.046+0000] {processor.py:161} INFO - Started process (PID=764) to work on /opt/airflow/dags/medallion_crypto_dag.py
[2025-12-12T06:12:19.048+0000] {processor.py:830} INFO - Processing file /opt/airflow/dags/medallion_crypto_dag.py for tasks to queue
[2025-12-12T06:12:19.051+0000] {logging_mixin.py:188} INFO - [2025-12-12T06:12:19.050+0000] {dagbag.py:545} INFO - Filling up the DagBag from /opt/airflow/dags/medallion_crypto_dag.py
[2025-12-12T06:12:19.798+0000] {processor.py:840} INFO - DAG(s) 'medallion_crypto_pipeline' retrieved from /opt/airflow/dags/medallion_crypto_dag.py
[2025-12-12T06:12:19.839+0000] {logging_mixin.py:188} INFO - [2025-12-12T06:12:19.838+0000] {dag.py:3096} INFO - Sync 1 DAGs
[2025-12-12T06:12:19.867+0000] {logging_mixin.py:188} INFO - [2025-12-12T06:12:19.866+0000] {dag.py:3954} INFO - Setting next_dagrun for medallion_crypto_pipeline to 2025-12-12 00:00:00+00:00, run_after=2025-12-13 00:00:00+00:00
[2025-12-12T06:12:19.901+0000] {processor.py:183} INFO - Processing /opt/airflow/dags/medallion_crypto_dag.py took 0.863 seconds
[2025-12-12T06:12:50.626+0000] {processor.py:161} INFO - Started process (PID=770) to work on /opt/airflow/dags/medallion_crypto_dag.py
[2025-12-12T06:12:50.628+0000] {processor.py:830} INFO - Processing file /opt/airflow/dags/medallion_crypto_dag.py for tasks to queue
[2025-12-12T06:12:50.632+0000] {logging_mixin.py:188} INFO - [2025-12-12T06:12:50.631+0000] {dagbag.py:545} INFO - Filling up the DagBag from /opt/airflow/dags/medallion_crypto_dag.py
[2025-12-12T06:12:51.390+0000] {processor.py:840} INFO - DAG(s) 'medallion_crypto_pipeline' retrieved from /opt/airflow/dags/medallion_crypto_dag.py
[2025-12-12T06:12:51.433+0000] {logging_mixin.py:188} INFO - [2025-12-12T06:12:51.432+0000] {dag.py:3096} INFO - Sync 1 DAGs
[2025-12-12T06:12:51.463+0000] {logging_mixin.py:188} INFO - [2025-12-12T06:12:51.461+0000] {dag.py:3954} INFO - Setting next_dagrun for medallion_crypto_pipeline to 2025-12-12 00:00:00+00:00, run_after=2025-12-13 00:00:00+00:00
[2025-12-12T06:12:51.495+0000] {processor.py:183} INFO - Processing /opt/airflow/dags/medallion_crypto_dag.py took 0.877 seconds
[2025-12-12T06:13:22.209+0000] {processor.py:161} INFO - Started process (PID=776) to work on /opt/airflow/dags/medallion_crypto_dag.py
[2025-12-12T06:13:22.236+0000] {processor.py:830} INFO - Processing file /opt/airflow/dags/medallion_crypto_dag.py for tasks to queue
[2025-12-12T06:13:22.242+0000] {logging_mixin.py:188} INFO - [2025-12-12T06:13:22.241+0000] {dagbag.py:545} INFO - Filling up the DagBag from /opt/airflow/dags/medallion_crypto_dag.py
[2025-12-12T06:13:23.973+0000] {processor.py:840} INFO - DAG(s) 'medallion_crypto_pipeline' retrieved from /opt/airflow/dags/medallion_crypto_dag.py
[2025-12-12T06:13:24.055+0000] {logging_mixin.py:188} INFO - [2025-12-12T06:13:24.054+0000] {dag.py:3096} INFO - Sync 1 DAGs
[2025-12-12T06:13:24.143+0000] {logging_mixin.py:188} INFO - [2025-12-12T06:13:24.143+0000] {dag.py:3954} INFO - Setting next_dagrun for medallion_crypto_pipeline to 2025-12-12 00:00:00+00:00, run_after=2025-12-13 00:00:00+00:00
[2025-12-12T06:13:24.600+0000] {processor.py:183} INFO - Processing /opt/airflow/dags/medallion_crypto_dag.py took 2.441 seconds
[2025-12-12T06:13:54.702+0000] {processor.py:161} INFO - Started process (PID=782) to work on /opt/airflow/dags/medallion_crypto_dag.py
[2025-12-12T06:13:54.704+0000] {processor.py:830} INFO - Processing file /opt/airflow/dags/medallion_crypto_dag.py for tasks to queue
[2025-12-12T06:13:54.708+0000] {logging_mixin.py:188} INFO - [2025-12-12T06:13:54.707+0000] {dagbag.py:545} INFO - Filling up the DagBag from /opt/airflow/dags/medallion_crypto_dag.py
[2025-12-12T06:13:55.361+0000] {processor.py:840} INFO - DAG(s) 'medallion_crypto_pipeline' retrieved from /opt/airflow/dags/medallion_crypto_dag.py
[2025-12-12T06:13:55.409+0000] {logging_mixin.py:188} INFO - [2025-12-12T06:13:55.408+0000] {dag.py:3096} INFO - Sync 1 DAGs
[2025-12-12T06:13:55.645+0000] {logging_mixin.py:188} INFO - [2025-12-12T06:13:55.644+0000] {dag.py:3954} INFO - Setting next_dagrun for medallion_crypto_pipeline to 2025-12-12 00:00:00+00:00, run_after=2025-12-13 00:00:00+00:00
[2025-12-12T06:13:55.724+0000] {processor.py:183} INFO - Processing /opt/airflow/dags/medallion_crypto_dag.py took 1.031 seconds
[2025-12-12T06:14:25.968+0000] {processor.py:161} INFO - Started process (PID=794) to work on /opt/airflow/dags/medallion_crypto_dag.py
[2025-12-12T06:14:25.969+0000] {processor.py:830} INFO - Processing file /opt/airflow/dags/medallion_crypto_dag.py for tasks to queue
[2025-12-12T06:14:25.973+0000] {logging_mixin.py:188} INFO - [2025-12-12T06:14:25.972+0000] {dagbag.py:545} INFO - Filling up the DagBag from /opt/airflow/dags/medallion_crypto_dag.py
[2025-12-12T06:14:26.556+0000] {processor.py:840} INFO - DAG(s) 'medallion_crypto_pipeline' retrieved from /opt/airflow/dags/medallion_crypto_dag.py
[2025-12-12T06:14:26.795+0000] {logging_mixin.py:188} INFO - [2025-12-12T06:14:26.795+0000] {dag.py:3096} INFO - Sync 1 DAGs
[2025-12-12T06:14:26.827+0000] {logging_mixin.py:188} INFO - [2025-12-12T06:14:26.826+0000] {dag.py:3954} INFO - Setting next_dagrun for medallion_crypto_pipeline to 2025-12-12 00:00:00+00:00, run_after=2025-12-13 00:00:00+00:00
[2025-12-12T06:14:26.863+0000] {processor.py:183} INFO - Processing /opt/airflow/dags/medallion_crypto_dag.py took 0.904 seconds
[2025-12-12T06:14:57.176+0000] {processor.py:161} INFO - Started process (PID=800) to work on /opt/airflow/dags/medallion_crypto_dag.py
[2025-12-12T06:14:57.178+0000] {processor.py:830} INFO - Processing file /opt/airflow/dags/medallion_crypto_dag.py for tasks to queue
[2025-12-12T06:14:57.182+0000] {logging_mixin.py:188} INFO - [2025-12-12T06:14:57.181+0000] {dagbag.py:545} INFO - Filling up the DagBag from /opt/airflow/dags/medallion_crypto_dag.py
[2025-12-12T06:14:57.737+0000] {processor.py:840} INFO - DAG(s) 'medallion_crypto_pipeline' retrieved from /opt/airflow/dags/medallion_crypto_dag.py
[2025-12-12T06:14:57.992+0000] {logging_mixin.py:188} INFO - [2025-12-12T06:14:57.991+0000] {dag.py:3096} INFO - Sync 1 DAGs
[2025-12-12T06:14:58.024+0000] {logging_mixin.py:188} INFO - [2025-12-12T06:14:58.024+0000] {dag.py:3954} INFO - Setting next_dagrun for medallion_crypto_pipeline to 2025-12-12 00:00:00+00:00, run_after=2025-12-13 00:00:00+00:00
[2025-12-12T06:14:58.055+0000] {processor.py:183} INFO - Processing /opt/airflow/dags/medallion_crypto_dag.py took 0.887 seconds
[2025-12-12T06:15:28.275+0000] {processor.py:161} INFO - Started process (PID=806) to work on /opt/airflow/dags/medallion_crypto_dag.py
[2025-12-12T06:15:28.277+0000] {processor.py:830} INFO - Processing file /opt/airflow/dags/medallion_crypto_dag.py for tasks to queue
[2025-12-12T06:15:28.280+0000] {logging_mixin.py:188} INFO - [2025-12-12T06:15:28.280+0000] {dagbag.py:545} INFO - Filling up the DagBag from /opt/airflow/dags/medallion_crypto_dag.py
[2025-12-12T06:15:29.202+0000] {processor.py:840} INFO - DAG(s) 'medallion_crypto_pipeline' retrieved from /opt/airflow/dags/medallion_crypto_dag.py
[2025-12-12T06:15:29.251+0000] {logging_mixin.py:188} INFO - [2025-12-12T06:15:29.251+0000] {dag.py:3096} INFO - Sync 1 DAGs
[2025-12-12T06:15:29.286+0000] {logging_mixin.py:188} INFO - [2025-12-12T06:15:29.286+0000] {dag.py:3954} INFO - Setting next_dagrun for medallion_crypto_pipeline to 2025-12-12 00:00:00+00:00, run_after=2025-12-13 00:00:00+00:00
[2025-12-12T06:15:29.338+0000] {processor.py:183} INFO - Processing /opt/airflow/dags/medallion_crypto_dag.py took 1.075 seconds
[2025-12-12T06:15:59.544+0000] {processor.py:161} INFO - Started process (PID=812) to work on /opt/airflow/dags/medallion_crypto_dag.py
[2025-12-12T06:15:59.546+0000] {processor.py:830} INFO - Processing file /opt/airflow/dags/medallion_crypto_dag.py for tasks to queue
[2025-12-12T06:15:59.552+0000] {logging_mixin.py:188} INFO - [2025-12-12T06:15:59.550+0000] {dagbag.py:545} INFO - Filling up the DagBag from /opt/airflow/dags/medallion_crypto_dag.py
[2025-12-12T06:16:00.448+0000] {processor.py:840} INFO - DAG(s) 'medallion_crypto_pipeline' retrieved from /opt/airflow/dags/medallion_crypto_dag.py
[2025-12-12T06:16:00.501+0000] {logging_mixin.py:188} INFO - [2025-12-12T06:16:00.500+0000] {dag.py:3096} INFO - Sync 1 DAGs
[2025-12-12T06:16:00.540+0000] {logging_mixin.py:188} INFO - [2025-12-12T06:16:00.540+0000] {dag.py:3954} INFO - Setting next_dagrun for medallion_crypto_pipeline to 2025-12-12 00:00:00+00:00, run_after=2025-12-13 00:00:00+00:00
[2025-12-12T06:16:00.573+0000] {processor.py:183} INFO - Processing /opt/airflow/dags/medallion_crypto_dag.py took 1.038 seconds
[2025-12-12T06:16:30.791+0000] {processor.py:161} INFO - Started process (PID=818) to work on /opt/airflow/dags/medallion_crypto_dag.py
[2025-12-12T06:16:30.793+0000] {processor.py:830} INFO - Processing file /opt/airflow/dags/medallion_crypto_dag.py for tasks to queue
[2025-12-12T06:16:30.797+0000] {logging_mixin.py:188} INFO - [2025-12-12T06:16:30.796+0000] {dagbag.py:545} INFO - Filling up the DagBag from /opt/airflow/dags/medallion_crypto_dag.py
[2025-12-12T06:16:31.462+0000] {processor.py:840} INFO - DAG(s) 'medallion_crypto_pipeline' retrieved from /opt/airflow/dags/medallion_crypto_dag.py
[2025-12-12T06:16:31.511+0000] {logging_mixin.py:188} INFO - [2025-12-12T06:16:31.510+0000] {dag.py:3096} INFO - Sync 1 DAGs
[2025-12-12T06:16:31.745+0000] {logging_mixin.py:188} INFO - [2025-12-12T06:16:31.745+0000] {dag.py:3954} INFO - Setting next_dagrun for medallion_crypto_pipeline to 2025-12-12 00:00:00+00:00, run_after=2025-12-13 00:00:00+00:00
[2025-12-12T06:16:31.780+0000] {processor.py:183} INFO - Processing /opt/airflow/dags/medallion_crypto_dag.py took 1.002 seconds
[2025-12-12T06:17:02.091+0000] {processor.py:161} INFO - Started process (PID=824) to work on /opt/airflow/dags/medallion_crypto_dag.py
[2025-12-12T06:17:02.093+0000] {processor.py:830} INFO - Processing file /opt/airflow/dags/medallion_crypto_dag.py for tasks to queue
[2025-12-12T06:17:02.097+0000] {logging_mixin.py:188} INFO - [2025-12-12T06:17:02.096+0000] {dagbag.py:545} INFO - Filling up the DagBag from /opt/airflow/dags/medallion_crypto_dag.py
[2025-12-12T06:17:02.807+0000] {processor.py:840} INFO - DAG(s) 'medallion_crypto_pipeline' retrieved from /opt/airflow/dags/medallion_crypto_dag.py
[2025-12-12T06:17:02.867+0000] {logging_mixin.py:188} INFO - [2025-12-12T06:17:02.867+0000] {dag.py:3096} INFO - Sync 1 DAGs
[2025-12-12T06:17:03.111+0000] {logging_mixin.py:188} INFO - [2025-12-12T06:17:03.111+0000] {dag.py:3954} INFO - Setting next_dagrun for medallion_crypto_pipeline to 2025-12-12 00:00:00+00:00, run_after=2025-12-13 00:00:00+00:00
[2025-12-12T06:17:03.144+0000] {processor.py:183} INFO - Processing /opt/airflow/dags/medallion_crypto_dag.py took 1.063 seconds
[2025-12-12T06:17:33.393+0000] {processor.py:161} INFO - Started process (PID=830) to work on /opt/airflow/dags/medallion_crypto_dag.py
[2025-12-12T06:17:33.399+0000] {processor.py:830} INFO - Processing file /opt/airflow/dags/medallion_crypto_dag.py for tasks to queue
[2025-12-12T06:17:33.417+0000] {logging_mixin.py:188} INFO - [2025-12-12T06:17:33.416+0000] {dagbag.py:545} INFO - Filling up the DagBag from /opt/airflow/dags/medallion_crypto_dag.py
[2025-12-12T06:17:34.773+0000] {processor.py:840} INFO - DAG(s) 'medallion_crypto_pipeline' retrieved from /opt/airflow/dags/medallion_crypto_dag.py
[2025-12-12T06:17:35.227+0000] {logging_mixin.py:188} INFO - [2025-12-12T06:17:35.225+0000] {dag.py:3096} INFO - Sync 1 DAGs
[2025-12-12T06:17:35.319+0000] {logging_mixin.py:188} INFO - [2025-12-12T06:17:35.319+0000] {dag.py:3954} INFO - Setting next_dagrun for medallion_crypto_pipeline to 2025-12-12 00:00:00+00:00, run_after=2025-12-13 00:00:00+00:00
[2025-12-12T06:17:35.374+0000] {processor.py:183} INFO - Processing /opt/airflow/dags/medallion_crypto_dag.py took 2.008 seconds
[2025-12-12T06:18:05.714+0000] {processor.py:161} INFO - Started process (PID=836) to work on /opt/airflow/dags/medallion_crypto_dag.py
[2025-12-12T06:18:05.716+0000] {processor.py:830} INFO - Processing file /opt/airflow/dags/medallion_crypto_dag.py for tasks to queue
[2025-12-12T06:18:05.719+0000] {logging_mixin.py:188} INFO - [2025-12-12T06:18:05.718+0000] {dagbag.py:545} INFO - Filling up the DagBag from /opt/airflow/dags/medallion_crypto_dag.py
[2025-12-12T06:18:06.526+0000] {processor.py:840} INFO - DAG(s) 'medallion_crypto_pipeline' retrieved from /opt/airflow/dags/medallion_crypto_dag.py
[2025-12-12T06:18:06.779+0000] {logging_mixin.py:188} INFO - [2025-12-12T06:18:06.778+0000] {dag.py:3096} INFO - Sync 1 DAGs
[2025-12-12T06:18:06.817+0000] {logging_mixin.py:188} INFO - [2025-12-12T06:18:06.817+0000] {dag.py:3954} INFO - Setting next_dagrun for medallion_crypto_pipeline to 2025-12-12 00:00:00+00:00, run_after=2025-12-13 00:00:00+00:00
[2025-12-12T06:18:06.863+0000] {processor.py:183} INFO - Processing /opt/airflow/dags/medallion_crypto_dag.py took 1.157 seconds
[2025-12-12T06:18:36.992+0000] {processor.py:161} INFO - Started process (PID=842) to work on /opt/airflow/dags/medallion_crypto_dag.py
[2025-12-12T06:18:36.995+0000] {processor.py:830} INFO - Processing file /opt/airflow/dags/medallion_crypto_dag.py for tasks to queue
[2025-12-12T06:18:36.999+0000] {logging_mixin.py:188} INFO - [2025-12-12T06:18:36.998+0000] {dagbag.py:545} INFO - Filling up the DagBag from /opt/airflow/dags/medallion_crypto_dag.py
[2025-12-12T06:18:38.056+0000] {processor.py:840} INFO - DAG(s) 'medallion_crypto_pipeline' retrieved from /opt/airflow/dags/medallion_crypto_dag.py
[2025-12-12T06:18:38.116+0000] {logging_mixin.py:188} INFO - [2025-12-12T06:18:38.115+0000] {dag.py:3096} INFO - Sync 1 DAGs
[2025-12-12T06:18:38.154+0000] {logging_mixin.py:188} INFO - [2025-12-12T06:18:38.153+0000] {dag.py:3954} INFO - Setting next_dagrun for medallion_crypto_pipeline to 2025-12-12 00:00:00+00:00, run_after=2025-12-13 00:00:00+00:00
[2025-12-12T06:18:38.192+0000] {processor.py:183} INFO - Processing /opt/airflow/dags/medallion_crypto_dag.py took 1.212 seconds
[2025-12-12T06:19:09.082+0000] {processor.py:161} INFO - Started process (PID=851) to work on /opt/airflow/dags/medallion_crypto_dag.py
[2025-12-12T06:19:09.092+0000] {processor.py:830} INFO - Processing file /opt/airflow/dags/medallion_crypto_dag.py for tasks to queue
[2025-12-12T06:19:09.107+0000] {logging_mixin.py:188} INFO - [2025-12-12T06:19:09.106+0000] {dagbag.py:545} INFO - Filling up the DagBag from /opt/airflow/dags/medallion_crypto_dag.py
[2025-12-12T06:19:11.378+0000] {processor.py:840} INFO - DAG(s) 'medallion_crypto_pipeline' retrieved from /opt/airflow/dags/medallion_crypto_dag.py
[2025-12-12T06:19:11.459+0000] {logging_mixin.py:188} INFO - [2025-12-12T06:19:11.458+0000] {dag.py:3096} INFO - Sync 1 DAGs
[2025-12-12T06:19:11.517+0000] {logging_mixin.py:188} INFO - [2025-12-12T06:19:11.517+0000] {dag.py:3954} INFO - Setting next_dagrun for medallion_crypto_pipeline to 2025-12-12 00:00:00+00:00, run_after=2025-12-13 00:00:00+00:00
[2025-12-12T06:19:11.581+0000] {processor.py:183} INFO - Processing /opt/airflow/dags/medallion_crypto_dag.py took 2.522 seconds
[2025-12-12T06:19:42.276+0000] {processor.py:161} INFO - Started process (PID=857) to work on /opt/airflow/dags/medallion_crypto_dag.py
[2025-12-12T06:19:42.280+0000] {processor.py:830} INFO - Processing file /opt/airflow/dags/medallion_crypto_dag.py for tasks to queue
[2025-12-12T06:19:42.287+0000] {logging_mixin.py:188} INFO - [2025-12-12T06:19:42.285+0000] {dagbag.py:545} INFO - Filling up the DagBag from /opt/airflow/dags/medallion_crypto_dag.py
[2025-12-12T06:19:43.052+0000] {processor.py:840} INFO - DAG(s) 'medallion_crypto_pipeline' retrieved from /opt/airflow/dags/medallion_crypto_dag.py
[2025-12-12T06:19:43.107+0000] {logging_mixin.py:188} INFO - [2025-12-12T06:19:43.106+0000] {dag.py:3096} INFO - Sync 1 DAGs
[2025-12-12T06:19:43.353+0000] {logging_mixin.py:188} INFO - [2025-12-12T06:19:43.352+0000] {dag.py:3954} INFO - Setting next_dagrun for medallion_crypto_pipeline to 2025-12-12 00:00:00+00:00, run_after=2025-12-13 00:00:00+00:00
[2025-12-12T06:19:43.407+0000] {processor.py:183} INFO - Processing /opt/airflow/dags/medallion_crypto_dag.py took 1.148 seconds
[2025-12-12T06:20:13.659+0000] {processor.py:161} INFO - Started process (PID=863) to work on /opt/airflow/dags/medallion_crypto_dag.py
[2025-12-12T06:20:13.661+0000] {processor.py:830} INFO - Processing file /opt/airflow/dags/medallion_crypto_dag.py for tasks to queue
[2025-12-12T06:20:13.664+0000] {logging_mixin.py:188} INFO - [2025-12-12T06:20:13.663+0000] {dagbag.py:545} INFO - Filling up the DagBag from /opt/airflow/dags/medallion_crypto_dag.py
[2025-12-12T06:20:14.221+0000] {processor.py:840} INFO - DAG(s) 'medallion_crypto_pipeline' retrieved from /opt/airflow/dags/medallion_crypto_dag.py
[2025-12-12T06:20:14.266+0000] {logging_mixin.py:188} INFO - [2025-12-12T06:20:14.266+0000] {dag.py:3096} INFO - Sync 1 DAGs
[2025-12-12T06:20:14.469+0000] {logging_mixin.py:188} INFO - [2025-12-12T06:20:14.468+0000] {dag.py:3954} INFO - Setting next_dagrun for medallion_crypto_pipeline to 2025-12-12 00:00:00+00:00, run_after=2025-12-13 00:00:00+00:00
[2025-12-12T06:20:14.503+0000] {processor.py:183} INFO - Processing /opt/airflow/dags/medallion_crypto_dag.py took 0.852 seconds
[2025-12-12T06:20:44.816+0000] {processor.py:161} INFO - Started process (PID=869) to work on /opt/airflow/dags/medallion_crypto_dag.py
[2025-12-12T06:20:44.818+0000] {processor.py:830} INFO - Processing file /opt/airflow/dags/medallion_crypto_dag.py for tasks to queue
[2025-12-12T06:20:44.821+0000] {logging_mixin.py:188} INFO - [2025-12-12T06:20:44.820+0000] {dagbag.py:545} INFO - Filling up the DagBag from /opt/airflow/dags/medallion_crypto_dag.py
[2025-12-12T06:20:45.492+0000] {processor.py:840} INFO - DAG(s) 'medallion_crypto_pipeline' retrieved from /opt/airflow/dags/medallion_crypto_dag.py
[2025-12-12T06:20:45.749+0000] {logging_mixin.py:188} INFO - [2025-12-12T06:20:45.748+0000] {dag.py:3096} INFO - Sync 1 DAGs
[2025-12-12T06:20:45.805+0000] {logging_mixin.py:188} INFO - [2025-12-12T06:20:45.805+0000] {dag.py:3954} INFO - Setting next_dagrun for medallion_crypto_pipeline to 2025-12-12 00:00:00+00:00, run_after=2025-12-13 00:00:00+00:00
[2025-12-12T06:20:45.845+0000] {processor.py:183} INFO - Processing /opt/airflow/dags/medallion_crypto_dag.py took 1.040 seconds
[2025-12-12T06:21:16.093+0000] {processor.py:161} INFO - Started process (PID=875) to work on /opt/airflow/dags/medallion_crypto_dag.py
[2025-12-12T06:21:16.095+0000] {processor.py:830} INFO - Processing file /opt/airflow/dags/medallion_crypto_dag.py for tasks to queue
[2025-12-12T06:21:16.098+0000] {logging_mixin.py:188} INFO - [2025-12-12T06:21:16.098+0000] {dagbag.py:545} INFO - Filling up the DagBag from /opt/airflow/dags/medallion_crypto_dag.py
[2025-12-12T06:21:16.834+0000] {processor.py:840} INFO - DAG(s) 'medallion_crypto_pipeline' retrieved from /opt/airflow/dags/medallion_crypto_dag.py
[2025-12-12T06:21:16.884+0000] {logging_mixin.py:188} INFO - [2025-12-12T06:21:16.883+0000] {dag.py:3096} INFO - Sync 1 DAGs
[2025-12-12T06:21:16.913+0000] {logging_mixin.py:188} INFO - [2025-12-12T06:21:16.912+0000] {dag.py:3954} INFO - Setting next_dagrun for medallion_crypto_pipeline to 2025-12-12 00:00:00+00:00, run_after=2025-12-13 00:00:00+00:00
[2025-12-12T06:21:16.983+0000] {processor.py:183} INFO - Processing /opt/airflow/dags/medallion_crypto_dag.py took 0.898 seconds
[2025-12-12T06:21:47.281+0000] {processor.py:161} INFO - Started process (PID=881) to work on /opt/airflow/dags/medallion_crypto_dag.py
[2025-12-12T06:21:47.283+0000] {processor.py:830} INFO - Processing file /opt/airflow/dags/medallion_crypto_dag.py for tasks to queue
[2025-12-12T06:21:47.286+0000] {logging_mixin.py:188} INFO - [2025-12-12T06:21:47.285+0000] {dagbag.py:545} INFO - Filling up the DagBag from /opt/airflow/dags/medallion_crypto_dag.py
[2025-12-12T06:21:47.992+0000] {processor.py:840} INFO - DAG(s) 'medallion_crypto_pipeline' retrieved from /opt/airflow/dags/medallion_crypto_dag.py
[2025-12-12T06:21:48.034+0000] {logging_mixin.py:188} INFO - [2025-12-12T06:21:48.033+0000] {dag.py:3096} INFO - Sync 1 DAGs
[2025-12-12T06:21:48.065+0000] {logging_mixin.py:188} INFO - [2025-12-12T06:21:48.065+0000] {dag.py:3954} INFO - Setting next_dagrun for medallion_crypto_pipeline to 2025-12-12 00:00:00+00:00, run_after=2025-12-13 00:00:00+00:00
[2025-12-12T06:21:48.098+0000] {processor.py:183} INFO - Processing /opt/airflow/dags/medallion_crypto_dag.py took 0.825 seconds
[2025-12-12T06:22:21.775+0000] {processor.py:161} INFO - Started process (PID=887) to work on /opt/airflow/dags/medallion_crypto_dag.py
[2025-12-12T06:22:21.794+0000] {processor.py:830} INFO - Processing file /opt/airflow/dags/medallion_crypto_dag.py for tasks to queue
[2025-12-12T06:22:21.827+0000] {logging_mixin.py:188} INFO - [2025-12-12T06:22:21.826+0000] {dagbag.py:545} INFO - Filling up the DagBag from /opt/airflow/dags/medallion_crypto_dag.py
[2025-12-12T06:22:27.194+0000] {processor.py:840} INFO - DAG(s) 'medallion_crypto_pipeline' retrieved from /opt/airflow/dags/medallion_crypto_dag.py
[2025-12-12T06:22:27.377+0000] {logging_mixin.py:188} INFO - [2025-12-12T06:22:27.376+0000] {dag.py:3096} INFO - Sync 1 DAGs
[2025-12-12T06:22:27.549+0000] {logging_mixin.py:188} INFO - [2025-12-12T06:22:27.548+0000] {dag.py:3954} INFO - Setting next_dagrun for medallion_crypto_pipeline to 2025-12-12 00:00:00+00:00, run_after=2025-12-13 00:00:00+00:00
[2025-12-12T06:22:27.777+0000] {processor.py:183} INFO - Processing /opt/airflow/dags/medallion_crypto_dag.py took 6.028 seconds
[2025-12-12T06:22:58.708+0000] {processor.py:161} INFO - Started process (PID=893) to work on /opt/airflow/dags/medallion_crypto_dag.py
[2025-12-12T06:22:58.711+0000] {processor.py:830} INFO - Processing file /opt/airflow/dags/medallion_crypto_dag.py for tasks to queue
[2025-12-12T06:22:58.717+0000] {logging_mixin.py:188} INFO - [2025-12-12T06:22:58.715+0000] {dagbag.py:545} INFO - Filling up the DagBag from /opt/airflow/dags/medallion_crypto_dag.py
[2025-12-12T06:23:01.251+0000] {processor.py:840} INFO - DAG(s) 'medallion_crypto_pipeline' retrieved from /opt/airflow/dags/medallion_crypto_dag.py
[2025-12-12T06:23:01.329+0000] {logging_mixin.py:188} INFO - [2025-12-12T06:23:01.328+0000] {dag.py:3096} INFO - Sync 1 DAGs
[2025-12-12T06:23:01.816+0000] {logging_mixin.py:188} INFO - [2025-12-12T06:23:01.815+0000] {dag.py:3954} INFO - Setting next_dagrun for medallion_crypto_pipeline to 2025-12-12 00:00:00+00:00, run_after=2025-12-13 00:00:00+00:00
[2025-12-12T06:23:01.944+0000] {processor.py:183} INFO - Processing /opt/airflow/dags/medallion_crypto_dag.py took 3.257 seconds
[2025-12-12T06:23:32.602+0000] {processor.py:161} INFO - Started process (PID=899) to work on /opt/airflow/dags/medallion_crypto_dag.py
[2025-12-12T06:23:32.604+0000] {processor.py:830} INFO - Processing file /opt/airflow/dags/medallion_crypto_dag.py for tasks to queue
[2025-12-12T06:23:32.610+0000] {logging_mixin.py:188} INFO - [2025-12-12T06:23:32.609+0000] {dagbag.py:545} INFO - Filling up the DagBag from /opt/airflow/dags/medallion_crypto_dag.py
[2025-12-12T06:23:34.528+0000] {processor.py:840} INFO - DAG(s) 'medallion_crypto_pipeline' retrieved from /opt/airflow/dags/medallion_crypto_dag.py
[2025-12-12T06:23:34.891+0000] {logging_mixin.py:188} INFO - [2025-12-12T06:23:34.890+0000] {dag.py:3096} INFO - Sync 1 DAGs
[2025-12-12T06:23:34.932+0000] {logging_mixin.py:188} INFO - [2025-12-12T06:23:34.932+0000] {dag.py:3954} INFO - Setting next_dagrun for medallion_crypto_pipeline to 2025-12-12 00:00:00+00:00, run_after=2025-12-13 00:00:00+00:00
[2025-12-12T06:23:34.973+0000] {processor.py:183} INFO - Processing /opt/airflow/dags/medallion_crypto_dag.py took 2.388 seconds
[2025-12-12T06:24:06.322+0000] {processor.py:161} INFO - Started process (PID=906) to work on /opt/airflow/dags/medallion_crypto_dag.py
[2025-12-12T06:24:06.370+0000] {processor.py:830} INFO - Processing file /opt/airflow/dags/medallion_crypto_dag.py for tasks to queue
[2025-12-12T06:24:06.414+0000] {logging_mixin.py:188} INFO - [2025-12-12T06:24:06.414+0000] {dagbag.py:545} INFO - Filling up the DagBag from /opt/airflow/dags/medallion_crypto_dag.py
[2025-12-12T06:24:09.643+0000] {processor.py:840} INFO - DAG(s) 'medallion_crypto_pipeline' retrieved from /opt/airflow/dags/medallion_crypto_dag.py
[2025-12-12T06:24:10.788+0000] {logging_mixin.py:188} INFO - [2025-12-12T06:24:10.785+0000] {dag.py:3096} INFO - Sync 1 DAGs
[2025-12-12T06:24:10.957+0000] {logging_mixin.py:188} INFO - [2025-12-12T06:24:10.956+0000] {dag.py:3954} INFO - Setting next_dagrun for medallion_crypto_pipeline to 2025-12-12 00:00:00+00:00, run_after=2025-12-13 00:00:00+00:00
[2025-12-12T06:24:11.130+0000] {processor.py:183} INFO - Processing /opt/airflow/dags/medallion_crypto_dag.py took 4.842 seconds
[2025-12-12T06:24:41.664+0000] {processor.py:161} INFO - Started process (PID=914) to work on /opt/airflow/dags/medallion_crypto_dag.py
[2025-12-12T06:24:41.666+0000] {processor.py:830} INFO - Processing file /opt/airflow/dags/medallion_crypto_dag.py for tasks to queue
[2025-12-12T06:24:41.670+0000] {logging_mixin.py:188} INFO - [2025-12-12T06:24:41.669+0000] {dagbag.py:545} INFO - Filling up the DagBag from /opt/airflow/dags/medallion_crypto_dag.py
[2025-12-12T06:24:42.575+0000] {processor.py:840} INFO - DAG(s) 'medallion_crypto_pipeline' retrieved from /opt/airflow/dags/medallion_crypto_dag.py
[2025-12-12T06:24:42.623+0000] {logging_mixin.py:188} INFO - [2025-12-12T06:24:42.622+0000] {dag.py:3096} INFO - Sync 1 DAGs
[2025-12-12T06:24:42.659+0000] {logging_mixin.py:188} INFO - [2025-12-12T06:24:42.659+0000] {dag.py:3954} INFO - Setting next_dagrun for medallion_crypto_pipeline to 2025-12-12 00:00:00+00:00, run_after=2025-12-13 00:00:00+00:00
[2025-12-12T06:24:42.704+0000] {processor.py:183} INFO - Processing /opt/airflow/dags/medallion_crypto_dag.py took 1.053 seconds
[2025-12-12T06:25:13.799+0000] {processor.py:161} INFO - Started process (PID=920) to work on /opt/airflow/dags/medallion_crypto_dag.py
[2025-12-12T06:25:13.809+0000] {processor.py:830} INFO - Processing file /opt/airflow/dags/medallion_crypto_dag.py for tasks to queue
[2025-12-12T06:25:13.819+0000] {logging_mixin.py:188} INFO - [2025-12-12T06:25:13.818+0000] {dagbag.py:545} INFO - Filling up the DagBag from /opt/airflow/dags/medallion_crypto_dag.py
[2025-12-12T06:25:16.002+0000] {processor.py:840} INFO - DAG(s) 'medallion_crypto_pipeline' retrieved from /opt/airflow/dags/medallion_crypto_dag.py
[2025-12-12T06:25:16.141+0000] {logging_mixin.py:188} INFO - [2025-12-12T06:25:16.137+0000] {dag.py:3096} INFO - Sync 1 DAGs
[2025-12-12T06:25:16.194+0000] {logging_mixin.py:188} INFO - [2025-12-12T06:25:16.194+0000] {dag.py:3954} INFO - Setting next_dagrun for medallion_crypto_pipeline to 2025-12-12 00:00:00+00:00, run_after=2025-12-13 00:00:00+00:00
[2025-12-12T06:25:16.255+0000] {processor.py:183} INFO - Processing /opt/airflow/dags/medallion_crypto_dag.py took 2.501 seconds
[2025-12-12T06:25:46.678+0000] {processor.py:161} INFO - Started process (PID=926) to work on /opt/airflow/dags/medallion_crypto_dag.py
[2025-12-12T06:25:46.680+0000] {processor.py:830} INFO - Processing file /opt/airflow/dags/medallion_crypto_dag.py for tasks to queue
[2025-12-12T06:25:46.683+0000] {logging_mixin.py:188} INFO - [2025-12-12T06:25:46.683+0000] {dagbag.py:545} INFO - Filling up the DagBag from /opt/airflow/dags/medallion_crypto_dag.py
[2025-12-12T06:25:47.345+0000] {processor.py:840} INFO - DAG(s) 'medallion_crypto_pipeline' retrieved from /opt/airflow/dags/medallion_crypto_dag.py
[2025-12-12T06:25:47.402+0000] {logging_mixin.py:188} INFO - [2025-12-12T06:25:47.401+0000] {dag.py:3096} INFO - Sync 1 DAGs
[2025-12-12T06:25:47.624+0000] {logging_mixin.py:188} INFO - [2025-12-12T06:25:47.624+0000] {dag.py:3954} INFO - Setting next_dagrun for medallion_crypto_pipeline to 2025-12-12 00:00:00+00:00, run_after=2025-12-13 00:00:00+00:00
[2025-12-12T06:25:47.659+0000] {processor.py:183} INFO - Processing /opt/airflow/dags/medallion_crypto_dag.py took 0.995 seconds
[2025-12-12T06:26:18.315+0000] {processor.py:161} INFO - Started process (PID=932) to work on /opt/airflow/dags/medallion_crypto_dag.py
[2025-12-12T06:26:18.318+0000] {processor.py:830} INFO - Processing file /opt/airflow/dags/medallion_crypto_dag.py for tasks to queue
[2025-12-12T06:26:18.332+0000] {logging_mixin.py:188} INFO - [2025-12-12T06:26:18.332+0000] {dagbag.py:545} INFO - Filling up the DagBag from /opt/airflow/dags/medallion_crypto_dag.py
[2025-12-12T06:26:19.977+0000] {processor.py:840} INFO - DAG(s) 'medallion_crypto_pipeline' retrieved from /opt/airflow/dags/medallion_crypto_dag.py
[2025-12-12T06:26:20.091+0000] {logging_mixin.py:188} INFO - [2025-12-12T06:26:20.090+0000] {dag.py:3096} INFO - Sync 1 DAGs
[2025-12-12T06:26:20.750+0000] {logging_mixin.py:188} INFO - [2025-12-12T06:26:20.749+0000] {dag.py:3954} INFO - Setting next_dagrun for medallion_crypto_pipeline to 2025-12-12 00:00:00+00:00, run_after=2025-12-13 00:00:00+00:00
[2025-12-12T06:26:20.866+0000] {processor.py:183} INFO - Processing /opt/airflow/dags/medallion_crypto_dag.py took 2.585 seconds
[2025-12-12T06:26:51.665+0000] {processor.py:161} INFO - Started process (PID=938) to work on /opt/airflow/dags/medallion_crypto_dag.py
[2025-12-12T06:26:51.667+0000] {processor.py:830} INFO - Processing file /opt/airflow/dags/medallion_crypto_dag.py for tasks to queue
[2025-12-12T06:26:51.671+0000] {logging_mixin.py:188} INFO - [2025-12-12T06:26:51.670+0000] {dagbag.py:545} INFO - Filling up the DagBag from /opt/airflow/dags/medallion_crypto_dag.py
[2025-12-12T06:26:52.249+0000] {processor.py:840} INFO - DAG(s) 'medallion_crypto_pipeline' retrieved from /opt/airflow/dags/medallion_crypto_dag.py
[2025-12-12T06:26:52.481+0000] {logging_mixin.py:188} INFO - [2025-12-12T06:26:52.480+0000] {dag.py:3096} INFO - Sync 1 DAGs
[2025-12-12T06:26:52.510+0000] {logging_mixin.py:188} INFO - [2025-12-12T06:26:52.509+0000] {dag.py:3954} INFO - Setting next_dagrun for medallion_crypto_pipeline to 2025-12-12 00:00:00+00:00, run_after=2025-12-13 00:00:00+00:00
[2025-12-12T06:26:52.543+0000] {processor.py:183} INFO - Processing /opt/airflow/dags/medallion_crypto_dag.py took 0.888 seconds
[2025-12-12T06:27:23.632+0000] {processor.py:161} INFO - Started process (PID=944) to work on /opt/airflow/dags/medallion_crypto_dag.py
[2025-12-12T06:27:23.635+0000] {processor.py:830} INFO - Processing file /opt/airflow/dags/medallion_crypto_dag.py for tasks to queue
[2025-12-12T06:27:23.646+0000] {logging_mixin.py:188} INFO - [2025-12-12T06:27:23.645+0000] {dagbag.py:545} INFO - Filling up the DagBag from /opt/airflow/dags/medallion_crypto_dag.py
[2025-12-12T06:27:25.514+0000] {processor.py:840} INFO - DAG(s) 'medallion_crypto_pipeline' retrieved from /opt/airflow/dags/medallion_crypto_dag.py
[2025-12-12T06:27:25.634+0000] {logging_mixin.py:188} INFO - [2025-12-12T06:27:25.632+0000] {dag.py:3096} INFO - Sync 1 DAGs
[2025-12-12T06:27:25.710+0000] {logging_mixin.py:188} INFO - [2025-12-12T06:27:25.710+0000] {dag.py:3954} INFO - Setting next_dagrun for medallion_crypto_pipeline to 2025-12-12 00:00:00+00:00, run_after=2025-12-13 00:00:00+00:00
[2025-12-12T06:27:25.746+0000] {processor.py:183} INFO - Processing /opt/airflow/dags/medallion_crypto_dag.py took 2.144 seconds
[2025-12-12T06:27:56.358+0000] {processor.py:161} INFO - Started process (PID=950) to work on /opt/airflow/dags/medallion_crypto_dag.py
[2025-12-12T06:27:56.361+0000] {processor.py:830} INFO - Processing file /opt/airflow/dags/medallion_crypto_dag.py for tasks to queue
[2025-12-12T06:27:56.365+0000] {logging_mixin.py:188} INFO - [2025-12-12T06:27:56.364+0000] {dagbag.py:545} INFO - Filling up the DagBag from /opt/airflow/dags/medallion_crypto_dag.py
[2025-12-12T06:27:58.781+0000] {processor.py:840} INFO - DAG(s) 'medallion_crypto_pipeline' retrieved from /opt/airflow/dags/medallion_crypto_dag.py
[2025-12-12T06:27:58.859+0000] {logging_mixin.py:188} INFO - [2025-12-12T06:27:58.858+0000] {dag.py:3096} INFO - Sync 1 DAGs
[2025-12-12T06:27:58.904+0000] {logging_mixin.py:188} INFO - [2025-12-12T06:27:58.903+0000] {dag.py:3954} INFO - Setting next_dagrun for medallion_crypto_pipeline to 2025-12-12 00:00:00+00:00, run_after=2025-12-13 00:00:00+00:00
[2025-12-12T06:27:58.958+0000] {processor.py:183} INFO - Processing /opt/airflow/dags/medallion_crypto_dag.py took 2.619 seconds
[2025-12-12T06:28:30.519+0000] {processor.py:161} INFO - Started process (PID=956) to work on /opt/airflow/dags/medallion_crypto_dag.py
[2025-12-12T06:28:30.555+0000] {processor.py:830} INFO - Processing file /opt/airflow/dags/medallion_crypto_dag.py for tasks to queue
[2025-12-12T06:28:30.575+0000] {logging_mixin.py:188} INFO - [2025-12-12T06:28:30.574+0000] {dagbag.py:545} INFO - Filling up the DagBag from /opt/airflow/dags/medallion_crypto_dag.py
[2025-12-12T06:28:36.223+0000] {processor.py:840} INFO - DAG(s) 'medallion_crypto_pipeline' retrieved from /opt/airflow/dags/medallion_crypto_dag.py
[2025-12-12T06:28:36.393+0000] {logging_mixin.py:188} INFO - [2025-12-12T06:28:36.391+0000] {dag.py:3096} INFO - Sync 1 DAGs
[2025-12-12T06:28:36.585+0000] {logging_mixin.py:188} INFO - [2025-12-12T06:28:36.572+0000] {dag.py:3954} INFO - Setting next_dagrun for medallion_crypto_pipeline to 2025-12-12 00:00:00+00:00, run_after=2025-12-13 00:00:00+00:00
[2025-12-12T06:28:36.793+0000] {processor.py:183} INFO - Processing /opt/airflow/dags/medallion_crypto_dag.py took 6.316 seconds
[2025-12-12T06:29:08.234+0000] {processor.py:161} INFO - Started process (PID=962) to work on /opt/airflow/dags/medallion_crypto_dag.py
[2025-12-12T06:29:08.266+0000] {processor.py:830} INFO - Processing file /opt/airflow/dags/medallion_crypto_dag.py for tasks to queue
[2025-12-12T06:29:08.302+0000] {logging_mixin.py:188} INFO - [2025-12-12T06:29:08.301+0000] {dagbag.py:545} INFO - Filling up the DagBag from /opt/airflow/dags/medallion_crypto_dag.py
[2025-12-12T06:29:14.763+0000] {processor.py:840} INFO - DAG(s) 'medallion_crypto_pipeline' retrieved from /opt/airflow/dags/medallion_crypto_dag.py
[2025-12-12T06:29:14.995+0000] {logging_mixin.py:188} INFO - [2025-12-12T06:29:14.984+0000] {dag.py:3096} INFO - Sync 1 DAGs
[2025-12-12T06:29:16.077+0000] {logging_mixin.py:188} INFO - [2025-12-12T06:29:16.076+0000] {dag.py:3954} INFO - Setting next_dagrun for medallion_crypto_pipeline to 2025-12-12 00:00:00+00:00, run_after=2025-12-13 00:00:00+00:00
[2025-12-12T06:29:16.489+0000] {processor.py:183} INFO - Processing /opt/airflow/dags/medallion_crypto_dag.py took 8.324 seconds
[2025-12-12T06:29:51.803+0000] {processor.py:161} INFO - Started process (PID=968) to work on /opt/airflow/dags/medallion_crypto_dag.py
[2025-12-12T06:29:51.840+0000] {processor.py:830} INFO - Processing file /opt/airflow/dags/medallion_crypto_dag.py for tasks to queue
[2025-12-12T06:29:51.885+0000] {logging_mixin.py:188} INFO - [2025-12-12T06:29:51.885+0000] {dagbag.py:545} INFO - Filling up the DagBag from /opt/airflow/dags/medallion_crypto_dag.py
[2025-12-12T06:30:00.281+0000] {processor.py:840} INFO - DAG(s) 'medallion_crypto_pipeline' retrieved from /opt/airflow/dags/medallion_crypto_dag.py
[2025-12-12T06:30:01.603+0000] {logging_mixin.py:188} INFO - [2025-12-12T06:30:01.602+0000] {dag.py:3096} INFO - Sync 1 DAGs
[2025-12-12T06:30:01.745+0000] {logging_mixin.py:188} INFO - [2025-12-12T06:30:01.745+0000] {dag.py:3954} INFO - Setting next_dagrun for medallion_crypto_pipeline to 2025-12-12 00:00:00+00:00, run_after=2025-12-13 00:00:00+00:00
[2025-12-12T06:30:02.075+0000] {processor.py:183} INFO - Processing /opt/airflow/dags/medallion_crypto_dag.py took 10.305 seconds
[2025-12-12T06:30:47.857+0000] {processor.py:161} INFO - Started process (PID=974) to work on /opt/airflow/dags/medallion_crypto_dag.py
[2025-12-12T06:30:48.225+0000] {processor.py:830} INFO - Processing file /opt/airflow/dags/medallion_crypto_dag.py for tasks to queue
[2025-12-12T06:30:48.450+0000] {logging_mixin.py:188} INFO - [2025-12-12T06:30:48.447+0000] {dagbag.py:545} INFO - Filling up the DagBag from /opt/airflow/dags/medallion_crypto_dag.py
[2025-12-12T06:30:59.026+0000] {processor.py:840} INFO - DAG(s) 'medallion_crypto_pipeline' retrieved from /opt/airflow/dags/medallion_crypto_dag.py
[2025-12-12T06:31:00.067+0000] {logging_mixin.py:188} INFO - [2025-12-12T06:31:00.064+0000] {dag.py:3096} INFO - Sync 1 DAGs
[2025-12-12T06:31:00.235+0000] {logging_mixin.py:188} INFO - [2025-12-12T06:31:00.234+0000] {dag.py:3954} INFO - Setting next_dagrun for medallion_crypto_pipeline to 2025-12-12 00:00:00+00:00, run_after=2025-12-13 00:00:00+00:00
[2025-12-12T06:31:00.477+0000] {processor.py:183} INFO - Processing /opt/airflow/dags/medallion_crypto_dag.py took 12.656 seconds
[2025-12-12T06:31:40.623+0000] {processor.py:161} INFO - Started process (PID=980) to work on /opt/airflow/dags/medallion_crypto_dag.py
[2025-12-12T06:31:40.684+0000] {processor.py:830} INFO - Processing file /opt/airflow/dags/medallion_crypto_dag.py for tasks to queue
[2025-12-12T06:31:40.773+0000] {logging_mixin.py:188} INFO - [2025-12-12T06:31:40.772+0000] {dagbag.py:545} INFO - Filling up the DagBag from /opt/airflow/dags/medallion_crypto_dag.py
[2025-12-12T06:32:00.903+0000] {processor.py:840} INFO - DAG(s) 'medallion_crypto_pipeline' retrieved from /opt/airflow/dags/medallion_crypto_dag.py
[2025-12-12T06:32:01.182+0000] {logging_mixin.py:188} INFO - [2025-12-12T06:32:01.172+0000] {dag.py:3096} INFO - Sync 1 DAGs
[2025-12-12T06:32:01.555+0000] {logging_mixin.py:188} INFO - [2025-12-12T06:32:01.544+0000] {dag.py:3954} INFO - Setting next_dagrun for medallion_crypto_pipeline to 2025-12-12 00:00:00+00:00, run_after=2025-12-13 00:00:00+00:00
[2025-12-12T06:32:02.192+0000] {processor.py:183} INFO - Processing /opt/airflow/dags/medallion_crypto_dag.py took 21.598 seconds
[2025-12-12T06:32:48.846+0000] {processor.py:161} INFO - Started process (PID=986) to work on /opt/airflow/dags/medallion_crypto_dag.py
[2025-12-12T06:32:49.109+0000] {processor.py:830} INFO - Processing file /opt/airflow/dags/medallion_crypto_dag.py for tasks to queue
[2025-12-12T06:32:49.219+0000] {logging_mixin.py:188} INFO - [2025-12-12T06:32:49.217+0000] {dagbag.py:545} INFO - Filling up the DagBag from /opt/airflow/dags/medallion_crypto_dag.py
[2025-12-12T06:33:13.241+0000] {processor.py:840} INFO - DAG(s) 'medallion_crypto_pipeline' retrieved from /opt/airflow/dags/medallion_crypto_dag.py
[2025-12-12T06:33:13.791+0000] {logging_mixin.py:188} INFO - [2025-12-12T06:33:13.791+0000] {dag.py:3096} INFO - Sync 1 DAGs
[2025-12-12T06:33:14.026+0000] {logging_mixin.py:188} INFO - [2025-12-12T06:33:14.025+0000] {dag.py:3954} INFO - Setting next_dagrun for medallion_crypto_pipeline to 2025-12-12 00:00:00+00:00, run_after=2025-12-13 00:00:00+00:00
[2025-12-12T06:33:14.504+0000] {processor.py:183} INFO - Processing /opt/airflow/dags/medallion_crypto_dag.py took 25.700 seconds
[2025-12-12T06:33:48.795+0000] {processor.py:161} INFO - Started process (PID=992) to work on /opt/airflow/dags/medallion_crypto_dag.py
[2025-12-12T06:33:48.838+0000] {processor.py:830} INFO - Processing file /opt/airflow/dags/medallion_crypto_dag.py for tasks to queue
[2025-12-12T06:33:48.940+0000] {logging_mixin.py:188} INFO - [2025-12-12T06:33:48.939+0000] {dagbag.py:545} INFO - Filling up the DagBag from /opt/airflow/dags/medallion_crypto_dag.py
[2025-12-12T06:34:05.251+0000] {processor.py:840} INFO - DAG(s) 'medallion_crypto_pipeline' retrieved from /opt/airflow/dags/medallion_crypto_dag.py
[2025-12-12T06:34:06.416+0000] {logging_mixin.py:188} INFO - [2025-12-12T06:34:06.415+0000] {dag.py:3096} INFO - Sync 1 DAGs
[2025-12-12T06:34:08.533+0000] {logging_mixin.py:188} INFO - [2025-12-12T06:34:08.518+0000] {dag.py:3954} INFO - Setting next_dagrun for medallion_crypto_pipeline to 2025-12-12 00:00:00+00:00, run_after=2025-12-13 00:00:00+00:00
[2025-12-12T06:34:09.237+0000] {processor.py:183} INFO - Processing /opt/airflow/dags/medallion_crypto_dag.py took 20.475 seconds
[2025-12-12T06:34:42.704+0000] {processor.py:161} INFO - Started process (PID=998) to work on /opt/airflow/dags/medallion_crypto_dag.py
[2025-12-12T06:34:42.777+0000] {processor.py:830} INFO - Processing file /opt/airflow/dags/medallion_crypto_dag.py for tasks to queue
[2025-12-12T06:34:42.903+0000] {logging_mixin.py:188} INFO - [2025-12-12T06:34:42.897+0000] {dagbag.py:545} INFO - Filling up the DagBag from /opt/airflow/dags/medallion_crypto_dag.py
[2025-12-12T06:34:51.544+0000] {processor.py:840} INFO - DAG(s) 'medallion_crypto_pipeline' retrieved from /opt/airflow/dags/medallion_crypto_dag.py
[2025-12-12T06:34:52.582+0000] {logging_mixin.py:188} INFO - [2025-12-12T06:34:52.569+0000] {dag.py:3096} INFO - Sync 1 DAGs
[2025-12-12T06:34:52.740+0000] {logging_mixin.py:188} INFO - [2025-12-12T06:34:52.740+0000] {dag.py:3954} INFO - Setting next_dagrun for medallion_crypto_pipeline to 2025-12-12 00:00:00+00:00, run_after=2025-12-13 00:00:00+00:00
[2025-12-12T06:34:53.023+0000] {processor.py:183} INFO - Processing /opt/airflow/dags/medallion_crypto_dag.py took 10.365 seconds
[2025-12-12T06:35:23.939+0000] {processor.py:161} INFO - Started process (PID=1004) to work on /opt/airflow/dags/medallion_crypto_dag.py
[2025-12-12T06:35:23.941+0000] {processor.py:830} INFO - Processing file /opt/airflow/dags/medallion_crypto_dag.py for tasks to queue
[2025-12-12T06:35:23.956+0000] {logging_mixin.py:188} INFO - [2025-12-12T06:35:23.955+0000] {dagbag.py:545} INFO - Filling up the DagBag from /opt/airflow/dags/medallion_crypto_dag.py
[2025-12-12T06:35:26.146+0000] {processor.py:840} INFO - DAG(s) 'medallion_crypto_pipeline' retrieved from /opt/airflow/dags/medallion_crypto_dag.py
[2025-12-12T06:35:26.312+0000] {logging_mixin.py:188} INFO - [2025-12-12T06:35:26.300+0000] {dag.py:3096} INFO - Sync 1 DAGs
[2025-12-12T06:35:26.539+0000] {logging_mixin.py:188} INFO - [2025-12-12T06:35:26.538+0000] {dag.py:3954} INFO - Setting next_dagrun for medallion_crypto_pipeline to 2025-12-12 00:00:00+00:00, run_after=2025-12-13 00:00:00+00:00
[2025-12-12T06:35:26.798+0000] {processor.py:183} INFO - Processing /opt/airflow/dags/medallion_crypto_dag.py took 2.894 seconds
[2025-12-12T06:35:57.911+0000] {processor.py:161} INFO - Started process (PID=1010) to work on /opt/airflow/dags/medallion_crypto_dag.py
[2025-12-12T06:35:57.915+0000] {processor.py:830} INFO - Processing file /opt/airflow/dags/medallion_crypto_dag.py for tasks to queue
[2025-12-12T06:35:57.929+0000] {logging_mixin.py:188} INFO - [2025-12-12T06:35:57.928+0000] {dagbag.py:545} INFO - Filling up the DagBag from /opt/airflow/dags/medallion_crypto_dag.py
[2025-12-12T06:36:01.759+0000] {processor.py:840} INFO - DAG(s) 'medallion_crypto_pipeline' retrieved from /opt/airflow/dags/medallion_crypto_dag.py
[2025-12-12T06:36:01.935+0000] {logging_mixin.py:188} INFO - [2025-12-12T06:36:01.934+0000] {dag.py:3096} INFO - Sync 1 DAGs
[2025-12-12T06:36:02.096+0000] {logging_mixin.py:188} INFO - [2025-12-12T06:36:02.095+0000] {dag.py:3954} INFO - Setting next_dagrun for medallion_crypto_pipeline to 2025-12-12 00:00:00+00:00, run_after=2025-12-13 00:00:00+00:00
[2025-12-12T06:36:02.265+0000] {processor.py:183} INFO - Processing /opt/airflow/dags/medallion_crypto_dag.py took 4.421 seconds
