[2025-12-13T04:09:42.810+0000] {processor.py:161} INFO - Started process (PID=260) to work on /opt/airflow/dags/medallion/gold_curation.py
[2025-12-13T04:09:42.812+0000] {processor.py:830} INFO - Processing file /opt/airflow/dags/medallion/gold_curation.py for tasks to queue
[2025-12-13T04:09:42.814+0000] {logging_mixin.py:188} INFO - [2025-12-13T04:09:42.813+0000] {dagbag.py:545} INFO - Filling up the DagBag from /opt/airflow/dags/medallion/gold_curation.py
[2025-12-13T04:09:42.843+0000] {processor.py:842} WARNING - No viable dags retrieved from /opt/airflow/dags/medallion/gold_curation.py
[2025-12-13T04:09:42.874+0000] {processor.py:183} INFO - Processing /opt/airflow/dags/medallion/gold_curation.py took 0.073 seconds
[2025-12-13T04:10:13.252+0000] {processor.py:161} INFO - Started process (PID=271) to work on /opt/airflow/dags/medallion/gold_curation.py
[2025-12-13T04:10:13.254+0000] {processor.py:830} INFO - Processing file /opt/airflow/dags/medallion/gold_curation.py for tasks to queue
[2025-12-13T04:10:13.257+0000] {logging_mixin.py:188} INFO - [2025-12-13T04:10:13.256+0000] {dagbag.py:545} INFO - Filling up the DagBag from /opt/airflow/dags/medallion/gold_curation.py
[2025-12-13T04:10:13.300+0000] {processor.py:842} WARNING - No viable dags retrieved from /opt/airflow/dags/medallion/gold_curation.py
[2025-12-13T04:10:13.368+0000] {processor.py:183} INFO - Processing /opt/airflow/dags/medallion/gold_curation.py took 0.129 seconds
[2025-12-13T04:10:43.931+0000] {processor.py:161} INFO - Started process (PID=282) to work on /opt/airflow/dags/medallion/gold_curation.py
[2025-12-13T04:10:43.933+0000] {processor.py:830} INFO - Processing file /opt/airflow/dags/medallion/gold_curation.py for tasks to queue
[2025-12-13T04:10:43.935+0000] {logging_mixin.py:188} INFO - [2025-12-13T04:10:43.934+0000] {dagbag.py:545} INFO - Filling up the DagBag from /opt/airflow/dags/medallion/gold_curation.py
[2025-12-13T04:10:43.968+0000] {processor.py:842} WARNING - No viable dags retrieved from /opt/airflow/dags/medallion/gold_curation.py
[2025-12-13T04:10:44.002+0000] {processor.py:183} INFO - Processing /opt/airflow/dags/medallion/gold_curation.py took 0.084 seconds
[2025-12-13T04:11:14.156+0000] {processor.py:161} INFO - Started process (PID=293) to work on /opt/airflow/dags/medallion/gold_curation.py
[2025-12-13T04:11:14.159+0000] {processor.py:830} INFO - Processing file /opt/airflow/dags/medallion/gold_curation.py for tasks to queue
[2025-12-13T04:11:14.162+0000] {logging_mixin.py:188} INFO - [2025-12-13T04:11:14.161+0000] {dagbag.py:545} INFO - Filling up the DagBag from /opt/airflow/dags/medallion/gold_curation.py
[2025-12-13T04:11:14.202+0000] {processor.py:842} WARNING - No viable dags retrieved from /opt/airflow/dags/medallion/gold_curation.py
[2025-12-13T04:11:14.255+0000] {processor.py:183} INFO - Processing /opt/airflow/dags/medallion/gold_curation.py took 0.117 seconds
[2025-12-13T04:11:45.288+0000] {processor.py:161} INFO - Started process (PID=304) to work on /opt/airflow/dags/medallion/gold_curation.py
[2025-12-13T04:11:45.291+0000] {processor.py:830} INFO - Processing file /opt/airflow/dags/medallion/gold_curation.py for tasks to queue
[2025-12-13T04:11:45.293+0000] {logging_mixin.py:188} INFO - [2025-12-13T04:11:45.292+0000] {dagbag.py:545} INFO - Filling up the DagBag from /opt/airflow/dags/medallion/gold_curation.py
[2025-12-13T04:11:45.323+0000] {processor.py:842} WARNING - No viable dags retrieved from /opt/airflow/dags/medallion/gold_curation.py
[2025-12-13T04:11:45.365+0000] {processor.py:183} INFO - Processing /opt/airflow/dags/medallion/gold_curation.py took 0.089 seconds
[2025-12-13T04:11:51.512+0000] {processor.py:161} INFO - Started process (PID=309) to work on /opt/airflow/dags/medallion/gold_curation.py
[2025-12-13T04:11:51.514+0000] {processor.py:830} INFO - Processing file /opt/airflow/dags/medallion/gold_curation.py for tasks to queue
[2025-12-13T04:11:51.515+0000] {logging_mixin.py:188} INFO - [2025-12-13T04:11:51.515+0000] {dagbag.py:545} INFO - Filling up the DagBag from /opt/airflow/dags/medallion/gold_curation.py
[2025-12-13T04:11:51.533+0000] {logging_mixin.py:188} INFO - [2025-12-13T04:11:51.533+0000] {dagbag.py:334} INFO - File /opt/airflow/dags/medallion/gold_curation.py assumed to contain no DAGs. Skipping.
[2025-12-13T04:11:51.534+0000] {processor.py:842} WARNING - No viable dags retrieved from /opt/airflow/dags/medallion/gold_curation.py
[2025-12-13T04:11:51.603+0000] {processor.py:183} INFO - Processing /opt/airflow/dags/medallion/gold_curation.py took 0.101 seconds
[2025-12-13T04:11:55.983+0000] {processor.py:161} INFO - Started process (PID=314) to work on /opt/airflow/dags/medallion/gold_curation.py
[2025-12-13T04:11:55.985+0000] {processor.py:830} INFO - Processing file /opt/airflow/dags/medallion/gold_curation.py for tasks to queue
[2025-12-13T04:11:55.988+0000] {logging_mixin.py:188} INFO - [2025-12-13T04:11:55.987+0000] {dagbag.py:545} INFO - Filling up the DagBag from /opt/airflow/dags/medallion/gold_curation.py
[2025-12-13T04:11:56.020+0000] {logging_mixin.py:188} INFO - [2025-12-13T04:11:56.019+0000] {dagbag.py:334} INFO - File /opt/airflow/dags/medallion/gold_curation.py assumed to contain no DAGs. Skipping.
[2025-12-13T04:11:56.021+0000] {processor.py:842} WARNING - No viable dags retrieved from /opt/airflow/dags/medallion/gold_curation.py
[2025-12-13T04:11:56.063+0000] {processor.py:183} INFO - Processing /opt/airflow/dags/medallion/gold_curation.py took 0.098 seconds
