[2025-12-13T03:21:15.635+0000] {processor.py:161} INFO - Started process (PID=210) to work on /opt/airflow/dags/medallion/gold_curate.py
[2025-12-13T03:21:15.638+0000] {processor.py:830} INFO - Processing file /opt/airflow/dags/medallion/gold_curate.py for tasks to queue
[2025-12-13T03:21:15.646+0000] {logging_mixin.py:188} INFO - [2025-12-13T03:21:15.645+0000] {dagbag.py:545} INFO - Filling up the DagBag from /opt/airflow/dags/medallion/gold_curate.py
[2025-12-13T03:21:15.730+0000] {processor.py:842} WARNING - No viable dags retrieved from /opt/airflow/dags/medallion/gold_curate.py
[2025-12-13T03:21:15.779+0000] {processor.py:183} INFO - Processing /opt/airflow/dags/medallion/gold_curate.py took 0.164 seconds
[2025-12-13T03:21:46.065+0000] {processor.py:161} INFO - Started process (PID=226) to work on /opt/airflow/dags/medallion/gold_curate.py
[2025-12-13T03:21:46.069+0000] {processor.py:830} INFO - Processing file /opt/airflow/dags/medallion/gold_curate.py for tasks to queue
[2025-12-13T03:21:46.083+0000] {logging_mixin.py:188} INFO - [2025-12-13T03:21:46.081+0000] {dagbag.py:545} INFO - Filling up the DagBag from /opt/airflow/dags/medallion/gold_curate.py
[2025-12-13T03:21:46.119+0000] {processor.py:842} WARNING - No viable dags retrieved from /opt/airflow/dags/medallion/gold_curate.py
[2025-12-13T03:21:46.199+0000] {processor.py:183} INFO - Processing /opt/airflow/dags/medallion/gold_curate.py took 0.151 seconds
[2025-12-13T03:22:37.504+0000] {processor.py:161} INFO - Started process (PID=163) to work on /opt/airflow/dags/medallion/gold_curate.py
[2025-12-13T03:22:37.516+0000] {processor.py:830} INFO - Processing file /opt/airflow/dags/medallion/gold_curate.py for tasks to queue
[2025-12-13T03:22:37.532+0000] {logging_mixin.py:188} INFO - [2025-12-13T03:22:37.531+0000] {dagbag.py:545} INFO - Filling up the DagBag from /opt/airflow/dags/medallion/gold_curate.py
[2025-12-13T03:22:37.744+0000] {processor.py:842} WARNING - No viable dags retrieved from /opt/airflow/dags/medallion/gold_curate.py
[2025-12-13T03:22:37.838+0000] {processor.py:183} INFO - Processing /opt/airflow/dags/medallion/gold_curate.py took 0.368 seconds
[2025-12-13T03:23:08.217+0000] {processor.py:161} INFO - Started process (PID=171) to work on /opt/airflow/dags/medallion/gold_curate.py
[2025-12-13T03:23:08.219+0000] {processor.py:830} INFO - Processing file /opt/airflow/dags/medallion/gold_curate.py for tasks to queue
[2025-12-13T03:23:08.224+0000] {logging_mixin.py:188} INFO - [2025-12-13T03:23:08.222+0000] {dagbag.py:545} INFO - Filling up the DagBag from /opt/airflow/dags/medallion/gold_curate.py
[2025-12-13T03:23:08.261+0000] {processor.py:842} WARNING - No viable dags retrieved from /opt/airflow/dags/medallion/gold_curate.py
[2025-12-13T03:23:08.297+0000] {processor.py:183} INFO - Processing /opt/airflow/dags/medallion/gold_curate.py took 0.093 seconds
[2025-12-13T03:23:38.816+0000] {processor.py:161} INFO - Started process (PID=182) to work on /opt/airflow/dags/medallion/gold_curate.py
[2025-12-13T03:23:38.818+0000] {processor.py:830} INFO - Processing file /opt/airflow/dags/medallion/gold_curate.py for tasks to queue
[2025-12-13T03:23:38.821+0000] {logging_mixin.py:188} INFO - [2025-12-13T03:23:38.820+0000] {dagbag.py:545} INFO - Filling up the DagBag from /opt/airflow/dags/medallion/gold_curate.py
[2025-12-13T03:23:38.848+0000] {processor.py:842} WARNING - No viable dags retrieved from /opt/airflow/dags/medallion/gold_curate.py
[2025-12-13T03:23:38.882+0000] {processor.py:183} INFO - Processing /opt/airflow/dags/medallion/gold_curate.py took 0.074 seconds
[2025-12-13T03:24:09.719+0000] {processor.py:161} INFO - Started process (PID=193) to work on /opt/airflow/dags/medallion/gold_curate.py
[2025-12-13T03:24:09.726+0000] {processor.py:830} INFO - Processing file /opt/airflow/dags/medallion/gold_curate.py for tasks to queue
[2025-12-13T03:24:09.734+0000] {logging_mixin.py:188} INFO - [2025-12-13T03:24:09.733+0000] {dagbag.py:545} INFO - Filling up the DagBag from /opt/airflow/dags/medallion/gold_curate.py
[2025-12-13T03:24:09.785+0000] {processor.py:842} WARNING - No viable dags retrieved from /opt/airflow/dags/medallion/gold_curate.py
[2025-12-13T03:24:09.851+0000] {processor.py:183} INFO - Processing /opt/airflow/dags/medallion/gold_curate.py took 0.163 seconds
[2025-12-13T03:24:40.144+0000] {processor.py:161} INFO - Started process (PID=204) to work on /opt/airflow/dags/medallion/gold_curate.py
[2025-12-13T03:24:40.146+0000] {processor.py:830} INFO - Processing file /opt/airflow/dags/medallion/gold_curate.py for tasks to queue
[2025-12-13T03:24:40.152+0000] {logging_mixin.py:188} INFO - [2025-12-13T03:24:40.151+0000] {dagbag.py:545} INFO - Filling up the DagBag from /opt/airflow/dags/medallion/gold_curate.py
[2025-12-13T03:24:40.187+0000] {processor.py:842} WARNING - No viable dags retrieved from /opt/airflow/dags/medallion/gold_curate.py
[2025-12-13T03:24:40.224+0000] {processor.py:183} INFO - Processing /opt/airflow/dags/medallion/gold_curate.py took 0.093 seconds
[2025-12-13T03:25:10.410+0000] {processor.py:161} INFO - Started process (PID=215) to work on /opt/airflow/dags/medallion/gold_curate.py
[2025-12-13T03:25:10.412+0000] {processor.py:830} INFO - Processing file /opt/airflow/dags/medallion/gold_curate.py for tasks to queue
[2025-12-13T03:25:10.415+0000] {logging_mixin.py:188} INFO - [2025-12-13T03:25:10.414+0000] {dagbag.py:545} INFO - Filling up the DagBag from /opt/airflow/dags/medallion/gold_curate.py
[2025-12-13T03:25:10.442+0000] {processor.py:842} WARNING - No viable dags retrieved from /opt/airflow/dags/medallion/gold_curate.py
[2025-12-13T03:25:10.472+0000] {processor.py:183} INFO - Processing /opt/airflow/dags/medallion/gold_curate.py took 0.071 seconds
[2025-12-13T03:25:41.019+0000] {processor.py:161} INFO - Started process (PID=226) to work on /opt/airflow/dags/medallion/gold_curate.py
[2025-12-13T03:25:41.022+0000] {processor.py:830} INFO - Processing file /opt/airflow/dags/medallion/gold_curate.py for tasks to queue
[2025-12-13T03:25:41.026+0000] {logging_mixin.py:188} INFO - [2025-12-13T03:25:41.025+0000] {dagbag.py:545} INFO - Filling up the DagBag from /opt/airflow/dags/medallion/gold_curate.py
[2025-12-13T03:25:41.054+0000] {processor.py:842} WARNING - No viable dags retrieved from /opt/airflow/dags/medallion/gold_curate.py
[2025-12-13T03:25:41.090+0000] {processor.py:183} INFO - Processing /opt/airflow/dags/medallion/gold_curate.py took 0.080 seconds
[2025-12-13T03:26:11.540+0000] {processor.py:161} INFO - Started process (PID=237) to work on /opt/airflow/dags/medallion/gold_curate.py
[2025-12-13T03:26:11.543+0000] {processor.py:830} INFO - Processing file /opt/airflow/dags/medallion/gold_curate.py for tasks to queue
[2025-12-13T03:26:11.548+0000] {logging_mixin.py:188} INFO - [2025-12-13T03:26:11.547+0000] {dagbag.py:545} INFO - Filling up the DagBag from /opt/airflow/dags/medallion/gold_curate.py
[2025-12-13T03:26:11.579+0000] {processor.py:842} WARNING - No viable dags retrieved from /opt/airflow/dags/medallion/gold_curate.py
[2025-12-13T03:26:11.622+0000] {processor.py:183} INFO - Processing /opt/airflow/dags/medallion/gold_curate.py took 0.093 seconds
[2025-12-13T03:26:42.065+0000] {processor.py:161} INFO - Started process (PID=248) to work on /opt/airflow/dags/medallion/gold_curate.py
[2025-12-13T03:26:42.067+0000] {processor.py:830} INFO - Processing file /opt/airflow/dags/medallion/gold_curate.py for tasks to queue
[2025-12-13T03:26:42.070+0000] {logging_mixin.py:188} INFO - [2025-12-13T03:26:42.069+0000] {dagbag.py:545} INFO - Filling up the DagBag from /opt/airflow/dags/medallion/gold_curate.py
[2025-12-13T03:26:42.096+0000] {processor.py:842} WARNING - No viable dags retrieved from /opt/airflow/dags/medallion/gold_curate.py
[2025-12-13T03:26:42.127+0000] {processor.py:183} INFO - Processing /opt/airflow/dags/medallion/gold_curate.py took 0.071 seconds
[2025-12-13T03:27:12.496+0000] {processor.py:161} INFO - Started process (PID=259) to work on /opt/airflow/dags/medallion/gold_curate.py
[2025-12-13T03:27:12.498+0000] {processor.py:830} INFO - Processing file /opt/airflow/dags/medallion/gold_curate.py for tasks to queue
[2025-12-13T03:27:12.503+0000] {logging_mixin.py:188} INFO - [2025-12-13T03:27:12.502+0000] {dagbag.py:545} INFO - Filling up the DagBag from /opt/airflow/dags/medallion/gold_curate.py
[2025-12-13T03:27:12.540+0000] {processor.py:842} WARNING - No viable dags retrieved from /opt/airflow/dags/medallion/gold_curate.py
[2025-12-13T03:27:12.590+0000] {processor.py:183} INFO - Processing /opt/airflow/dags/medallion/gold_curate.py took 0.112 seconds
[2025-12-13T03:27:42.763+0000] {processor.py:161} INFO - Started process (PID=270) to work on /opt/airflow/dags/medallion/gold_curate.py
[2025-12-13T03:27:42.765+0000] {processor.py:830} INFO - Processing file /opt/airflow/dags/medallion/gold_curate.py for tasks to queue
[2025-12-13T03:27:42.769+0000] {logging_mixin.py:188} INFO - [2025-12-13T03:27:42.769+0000] {dagbag.py:545} INFO - Filling up the DagBag from /opt/airflow/dags/medallion/gold_curate.py
[2025-12-13T03:27:42.797+0000] {processor.py:842} WARNING - No viable dags retrieved from /opt/airflow/dags/medallion/gold_curate.py
[2025-12-13T03:27:42.828+0000] {processor.py:183} INFO - Processing /opt/airflow/dags/medallion/gold_curate.py took 0.074 seconds
[2025-12-13T03:28:13.025+0000] {processor.py:161} INFO - Started process (PID=281) to work on /opt/airflow/dags/medallion/gold_curate.py
[2025-12-13T03:28:13.026+0000] {processor.py:830} INFO - Processing file /opt/airflow/dags/medallion/gold_curate.py for tasks to queue
[2025-12-13T03:28:13.030+0000] {logging_mixin.py:188} INFO - [2025-12-13T03:28:13.029+0000] {dagbag.py:545} INFO - Filling up the DagBag from /opt/airflow/dags/medallion/gold_curate.py
[2025-12-13T03:28:13.055+0000] {processor.py:842} WARNING - No viable dags retrieved from /opt/airflow/dags/medallion/gold_curate.py
[2025-12-13T03:28:13.086+0000] {processor.py:183} INFO - Processing /opt/airflow/dags/medallion/gold_curate.py took 0.070 seconds
[2025-12-13T03:28:43.873+0000] {processor.py:161} INFO - Started process (PID=292) to work on /opt/airflow/dags/medallion/gold_curate.py
[2025-12-13T03:28:43.876+0000] {processor.py:830} INFO - Processing file /opt/airflow/dags/medallion/gold_curate.py for tasks to queue
[2025-12-13T03:28:43.879+0000] {logging_mixin.py:188} INFO - [2025-12-13T03:28:43.878+0000] {dagbag.py:545} INFO - Filling up the DagBag from /opt/airflow/dags/medallion/gold_curate.py
[2025-12-13T03:28:43.906+0000] {processor.py:842} WARNING - No viable dags retrieved from /opt/airflow/dags/medallion/gold_curate.py
[2025-12-13T03:28:43.938+0000] {processor.py:183} INFO - Processing /opt/airflow/dags/medallion/gold_curate.py took 0.075 seconds
[2025-12-13T03:30:00.768+0000] {processor.py:161} INFO - Started process (PID=163) to work on /opt/airflow/dags/medallion/gold_curate.py
[2025-12-13T03:30:00.770+0000] {processor.py:830} INFO - Processing file /opt/airflow/dags/medallion/gold_curate.py for tasks to queue
[2025-12-13T03:30:00.779+0000] {logging_mixin.py:188} INFO - [2025-12-13T03:30:00.778+0000] {dagbag.py:545} INFO - Filling up the DagBag from /opt/airflow/dags/medallion/gold_curate.py
[2025-12-13T03:30:00.828+0000] {processor.py:842} WARNING - No viable dags retrieved from /opt/airflow/dags/medallion/gold_curate.py
[2025-12-13T03:30:00.916+0000] {processor.py:183} INFO - Processing /opt/airflow/dags/medallion/gold_curate.py took 0.169 seconds
[2025-12-13T03:30:31.434+0000] {processor.py:161} INFO - Started process (PID=171) to work on /opt/airflow/dags/medallion/gold_curate.py
[2025-12-13T03:30:31.436+0000] {processor.py:830} INFO - Processing file /opt/airflow/dags/medallion/gold_curate.py for tasks to queue
[2025-12-13T03:30:31.439+0000] {logging_mixin.py:188} INFO - [2025-12-13T03:30:31.438+0000] {dagbag.py:545} INFO - Filling up the DagBag from /opt/airflow/dags/medallion/gold_curate.py
[2025-12-13T03:30:31.463+0000] {processor.py:842} WARNING - No viable dags retrieved from /opt/airflow/dags/medallion/gold_curate.py
[2025-12-13T03:30:31.493+0000] {processor.py:183} INFO - Processing /opt/airflow/dags/medallion/gold_curate.py took 0.068 seconds
[2025-12-13T03:31:01.628+0000] {processor.py:161} INFO - Started process (PID=182) to work on /opt/airflow/dags/medallion/gold_curate.py
[2025-12-13T03:31:01.630+0000] {processor.py:830} INFO - Processing file /opt/airflow/dags/medallion/gold_curate.py for tasks to queue
[2025-12-13T03:31:01.635+0000] {logging_mixin.py:188} INFO - [2025-12-13T03:31:01.634+0000] {dagbag.py:545} INFO - Filling up the DagBag from /opt/airflow/dags/medallion/gold_curate.py
[2025-12-13T03:31:01.668+0000] {processor.py:842} WARNING - No viable dags retrieved from /opt/airflow/dags/medallion/gold_curate.py
[2025-12-13T03:31:01.713+0000] {processor.py:183} INFO - Processing /opt/airflow/dags/medallion/gold_curate.py took 0.099 seconds
[2025-12-13T03:31:32.378+0000] {processor.py:161} INFO - Started process (PID=199) to work on /opt/airflow/dags/medallion/gold_curate.py
[2025-12-13T03:31:32.379+0000] {processor.py:830} INFO - Processing file /opt/airflow/dags/medallion/gold_curate.py for tasks to queue
[2025-12-13T03:31:32.383+0000] {logging_mixin.py:188} INFO - [2025-12-13T03:31:32.382+0000] {dagbag.py:545} INFO - Filling up the DagBag from /opt/airflow/dags/medallion/gold_curate.py
[2025-12-13T03:31:32.420+0000] {processor.py:842} WARNING - No viable dags retrieved from /opt/airflow/dags/medallion/gold_curate.py
[2025-12-13T03:31:32.457+0000] {processor.py:183} INFO - Processing /opt/airflow/dags/medallion/gold_curate.py took 0.094 seconds
[2025-12-13T03:32:02.641+0000] {processor.py:161} INFO - Started process (PID=213) to work on /opt/airflow/dags/medallion/gold_curate.py
[2025-12-13T03:32:02.652+0000] {processor.py:830} INFO - Processing file /opt/airflow/dags/medallion/gold_curate.py for tasks to queue
[2025-12-13T03:32:02.659+0000] {logging_mixin.py:188} INFO - [2025-12-13T03:32:02.658+0000] {dagbag.py:545} INFO - Filling up the DagBag from /opt/airflow/dags/medallion/gold_curate.py
[2025-12-13T03:32:02.724+0000] {processor.py:842} WARNING - No viable dags retrieved from /opt/airflow/dags/medallion/gold_curate.py
[2025-12-13T03:32:02.790+0000] {processor.py:183} INFO - Processing /opt/airflow/dags/medallion/gold_curate.py took 0.165 seconds
[2025-12-13T03:32:56.558+0000] {processor.py:161} INFO - Started process (PID=163) to work on /opt/airflow/dags/medallion/gold_curate.py
[2025-12-13T03:32:56.560+0000] {processor.py:830} INFO - Processing file /opt/airflow/dags/medallion/gold_curate.py for tasks to queue
[2025-12-13T03:32:56.565+0000] {logging_mixin.py:188} INFO - [2025-12-13T03:32:56.564+0000] {dagbag.py:545} INFO - Filling up the DagBag from /opt/airflow/dags/medallion/gold_curate.py
[2025-12-13T03:32:56.602+0000] {processor.py:842} WARNING - No viable dags retrieved from /opt/airflow/dags/medallion/gold_curate.py
[2025-12-13T03:32:56.636+0000] {processor.py:183} INFO - Processing /opt/airflow/dags/medallion/gold_curate.py took 0.091 seconds
[2025-12-13T03:33:27.118+0000] {processor.py:161} INFO - Started process (PID=171) to work on /opt/airflow/dags/medallion/gold_curate.py
[2025-12-13T03:33:27.121+0000] {processor.py:830} INFO - Processing file /opt/airflow/dags/medallion/gold_curate.py for tasks to queue
[2025-12-13T03:33:27.125+0000] {logging_mixin.py:188} INFO - [2025-12-13T03:33:27.124+0000] {dagbag.py:545} INFO - Filling up the DagBag from /opt/airflow/dags/medallion/gold_curate.py
[2025-12-13T03:33:27.184+0000] {processor.py:842} WARNING - No viable dags retrieved from /opt/airflow/dags/medallion/gold_curate.py
[2025-12-13T03:33:27.236+0000] {processor.py:183} INFO - Processing /opt/airflow/dags/medallion/gold_curate.py took 0.140 seconds
[2025-12-13T03:33:57.704+0000] {processor.py:161} INFO - Started process (PID=182) to work on /opt/airflow/dags/medallion/gold_curate.py
[2025-12-13T03:33:57.706+0000] {processor.py:830} INFO - Processing file /opt/airflow/dags/medallion/gold_curate.py for tasks to queue
[2025-12-13T03:33:57.710+0000] {logging_mixin.py:188} INFO - [2025-12-13T03:33:57.709+0000] {dagbag.py:545} INFO - Filling up the DagBag from /opt/airflow/dags/medallion/gold_curate.py
[2025-12-13T03:33:57.744+0000] {processor.py:842} WARNING - No viable dags retrieved from /opt/airflow/dags/medallion/gold_curate.py
[2025-12-13T03:33:57.780+0000] {processor.py:183} INFO - Processing /opt/airflow/dags/medallion/gold_curate.py took 0.088 seconds
[2025-12-13T03:34:28.330+0000] {processor.py:161} INFO - Started process (PID=193) to work on /opt/airflow/dags/medallion/gold_curate.py
[2025-12-13T03:34:28.332+0000] {processor.py:830} INFO - Processing file /opt/airflow/dags/medallion/gold_curate.py for tasks to queue
[2025-12-13T03:34:28.336+0000] {logging_mixin.py:188} INFO - [2025-12-13T03:34:28.335+0000] {dagbag.py:545} INFO - Filling up the DagBag from /opt/airflow/dags/medallion/gold_curate.py
[2025-12-13T03:34:28.368+0000] {processor.py:842} WARNING - No viable dags retrieved from /opt/airflow/dags/medallion/gold_curate.py
[2025-12-13T03:34:28.407+0000] {processor.py:183} INFO - Processing /opt/airflow/dags/medallion/gold_curate.py took 0.086 seconds
[2025-12-13T03:34:58.768+0000] {processor.py:161} INFO - Started process (PID=204) to work on /opt/airflow/dags/medallion/gold_curate.py
[2025-12-13T03:34:58.769+0000] {processor.py:830} INFO - Processing file /opt/airflow/dags/medallion/gold_curate.py for tasks to queue
[2025-12-13T03:34:58.772+0000] {logging_mixin.py:188} INFO - [2025-12-13T03:34:58.772+0000] {dagbag.py:545} INFO - Filling up the DagBag from /opt/airflow/dags/medallion/gold_curate.py
[2025-12-13T03:34:58.806+0000] {processor.py:842} WARNING - No viable dags retrieved from /opt/airflow/dags/medallion/gold_curate.py
[2025-12-13T03:34:58.837+0000] {processor.py:183} INFO - Processing /opt/airflow/dags/medallion/gold_curate.py took 0.078 seconds
[2025-12-13T03:35:28.941+0000] {processor.py:161} INFO - Started process (PID=215) to work on /opt/airflow/dags/medallion/gold_curate.py
[2025-12-13T03:35:28.944+0000] {processor.py:830} INFO - Processing file /opt/airflow/dags/medallion/gold_curate.py for tasks to queue
[2025-12-13T03:35:28.949+0000] {logging_mixin.py:188} INFO - [2025-12-13T03:35:28.949+0000] {dagbag.py:545} INFO - Filling up the DagBag from /opt/airflow/dags/medallion/gold_curate.py
[2025-12-13T03:35:28.987+0000] {processor.py:842} WARNING - No viable dags retrieved from /opt/airflow/dags/medallion/gold_curate.py
[2025-12-13T03:35:29.033+0000] {processor.py:183} INFO - Processing /opt/airflow/dags/medallion/gold_curate.py took 0.102 seconds
[2025-12-13T03:35:59.373+0000] {processor.py:161} INFO - Started process (PID=226) to work on /opt/airflow/dags/medallion/gold_curate.py
[2025-12-13T03:35:59.374+0000] {processor.py:830} INFO - Processing file /opt/airflow/dags/medallion/gold_curate.py for tasks to queue
[2025-12-13T03:35:59.380+0000] {logging_mixin.py:188} INFO - [2025-12-13T03:35:59.379+0000] {dagbag.py:545} INFO - Filling up the DagBag from /opt/airflow/dags/medallion/gold_curate.py
[2025-12-13T03:35:59.405+0000] {processor.py:842} WARNING - No viable dags retrieved from /opt/airflow/dags/medallion/gold_curate.py
[2025-12-13T03:35:59.439+0000] {processor.py:183} INFO - Processing /opt/airflow/dags/medallion/gold_curate.py took 0.076 seconds
[2025-12-13T03:36:30.122+0000] {processor.py:161} INFO - Started process (PID=237) to work on /opt/airflow/dags/medallion/gold_curate.py
[2025-12-13T03:36:30.123+0000] {processor.py:830} INFO - Processing file /opt/airflow/dags/medallion/gold_curate.py for tasks to queue
[2025-12-13T03:36:30.127+0000] {logging_mixin.py:188} INFO - [2025-12-13T03:36:30.126+0000] {dagbag.py:545} INFO - Filling up the DagBag from /opt/airflow/dags/medallion/gold_curate.py
[2025-12-13T03:36:30.159+0000] {processor.py:842} WARNING - No viable dags retrieved from /opt/airflow/dags/medallion/gold_curate.py
[2025-12-13T03:36:30.187+0000] {processor.py:183} INFO - Processing /opt/airflow/dags/medallion/gold_curate.py took 0.076 seconds
[2025-12-13T03:37:00.558+0000] {processor.py:161} INFO - Started process (PID=248) to work on /opt/airflow/dags/medallion/gold_curate.py
[2025-12-13T03:37:00.559+0000] {processor.py:830} INFO - Processing file /opt/airflow/dags/medallion/gold_curate.py for tasks to queue
[2025-12-13T03:37:00.563+0000] {logging_mixin.py:188} INFO - [2025-12-13T03:37:00.563+0000] {dagbag.py:545} INFO - Filling up the DagBag from /opt/airflow/dags/medallion/gold_curate.py
[2025-12-13T03:37:00.633+0000] {processor.py:842} WARNING - No viable dags retrieved from /opt/airflow/dags/medallion/gold_curate.py
[2025-12-13T03:37:00.665+0000] {processor.py:183} INFO - Processing /opt/airflow/dags/medallion/gold_curate.py took 0.117 seconds
[2025-12-13T03:37:31.190+0000] {processor.py:161} INFO - Started process (PID=259) to work on /opt/airflow/dags/medallion/gold_curate.py
[2025-12-13T03:37:31.193+0000] {processor.py:830} INFO - Processing file /opt/airflow/dags/medallion/gold_curate.py for tasks to queue
[2025-12-13T03:37:31.195+0000] {logging_mixin.py:188} INFO - [2025-12-13T03:37:31.195+0000] {dagbag.py:545} INFO - Filling up the DagBag from /opt/airflow/dags/medallion/gold_curate.py
[2025-12-13T03:37:31.236+0000] {processor.py:842} WARNING - No viable dags retrieved from /opt/airflow/dags/medallion/gold_curate.py
[2025-12-13T03:37:31.271+0000] {processor.py:183} INFO - Processing /opt/airflow/dags/medallion/gold_curate.py took 0.096 seconds
[2025-12-13T03:38:01.616+0000] {processor.py:161} INFO - Started process (PID=270) to work on /opt/airflow/dags/medallion/gold_curate.py
[2025-12-13T03:38:01.617+0000] {processor.py:830} INFO - Processing file /opt/airflow/dags/medallion/gold_curate.py for tasks to queue
[2025-12-13T03:38:01.621+0000] {logging_mixin.py:188} INFO - [2025-12-13T03:38:01.620+0000] {dagbag.py:545} INFO - Filling up the DagBag from /opt/airflow/dags/medallion/gold_curate.py
[2025-12-13T03:38:01.648+0000] {processor.py:842} WARNING - No viable dags retrieved from /opt/airflow/dags/medallion/gold_curate.py
[2025-12-13T03:38:01.679+0000] {processor.py:183} INFO - Processing /opt/airflow/dags/medallion/gold_curate.py took 0.073 seconds
[2025-12-13T03:38:32.365+0000] {processor.py:161} INFO - Started process (PID=281) to work on /opt/airflow/dags/medallion/gold_curate.py
[2025-12-13T03:38:32.367+0000] {processor.py:830} INFO - Processing file /opt/airflow/dags/medallion/gold_curate.py for tasks to queue
[2025-12-13T03:38:32.370+0000] {logging_mixin.py:188} INFO - [2025-12-13T03:38:32.369+0000] {dagbag.py:545} INFO - Filling up the DagBag from /opt/airflow/dags/medallion/gold_curate.py
[2025-12-13T03:38:32.395+0000] {processor.py:842} WARNING - No viable dags retrieved from /opt/airflow/dags/medallion/gold_curate.py
[2025-12-13T03:38:32.434+0000] {processor.py:183} INFO - Processing /opt/airflow/dags/medallion/gold_curate.py took 0.079 seconds
[2025-12-13T03:39:02.922+0000] {processor.py:161} INFO - Started process (PID=292) to work on /opt/airflow/dags/medallion/gold_curate.py
[2025-12-13T03:39:02.923+0000] {processor.py:830} INFO - Processing file /opt/airflow/dags/medallion/gold_curate.py for tasks to queue
[2025-12-13T03:39:02.926+0000] {logging_mixin.py:188} INFO - [2025-12-13T03:39:02.926+0000] {dagbag.py:545} INFO - Filling up the DagBag from /opt/airflow/dags/medallion/gold_curate.py
[2025-12-13T03:39:02.953+0000] {processor.py:842} WARNING - No viable dags retrieved from /opt/airflow/dags/medallion/gold_curate.py
[2025-12-13T03:39:02.982+0000] {processor.py:183} INFO - Processing /opt/airflow/dags/medallion/gold_curate.py took 0.069 seconds
[2025-12-13T03:39:33.546+0000] {processor.py:161} INFO - Started process (PID=303) to work on /opt/airflow/dags/medallion/gold_curate.py
[2025-12-13T03:39:33.548+0000] {processor.py:830} INFO - Processing file /opt/airflow/dags/medallion/gold_curate.py for tasks to queue
[2025-12-13T03:39:33.551+0000] {logging_mixin.py:188} INFO - [2025-12-13T03:39:33.550+0000] {dagbag.py:545} INFO - Filling up the DagBag from /opt/airflow/dags/medallion/gold_curate.py
[2025-12-13T03:39:33.577+0000] {processor.py:842} WARNING - No viable dags retrieved from /opt/airflow/dags/medallion/gold_curate.py
[2025-12-13T03:39:33.607+0000] {processor.py:183} INFO - Processing /opt/airflow/dags/medallion/gold_curate.py took 0.070 seconds
[2025-12-13T03:40:04.236+0000] {processor.py:161} INFO - Started process (PID=314) to work on /opt/airflow/dags/medallion/gold_curate.py
[2025-12-13T03:40:04.239+0000] {processor.py:830} INFO - Processing file /opt/airflow/dags/medallion/gold_curate.py for tasks to queue
[2025-12-13T03:40:04.246+0000] {logging_mixin.py:188} INFO - [2025-12-13T03:40:04.245+0000] {dagbag.py:545} INFO - Filling up the DagBag from /opt/airflow/dags/medallion/gold_curate.py
[2025-12-13T03:40:04.270+0000] {processor.py:842} WARNING - No viable dags retrieved from /opt/airflow/dags/medallion/gold_curate.py
[2025-12-13T03:40:04.296+0000] {processor.py:183} INFO - Processing /opt/airflow/dags/medallion/gold_curate.py took 0.072 seconds
[2025-12-13T03:40:34.499+0000] {processor.py:161} INFO - Started process (PID=325) to work on /opt/airflow/dags/medallion/gold_curate.py
[2025-12-13T03:40:34.500+0000] {processor.py:830} INFO - Processing file /opt/airflow/dags/medallion/gold_curate.py for tasks to queue
[2025-12-13T03:40:34.505+0000] {logging_mixin.py:188} INFO - [2025-12-13T03:40:34.504+0000] {dagbag.py:545} INFO - Filling up the DagBag from /opt/airflow/dags/medallion/gold_curate.py
[2025-12-13T03:40:34.535+0000] {processor.py:842} WARNING - No viable dags retrieved from /opt/airflow/dags/medallion/gold_curate.py
[2025-12-13T03:40:34.567+0000] {processor.py:183} INFO - Processing /opt/airflow/dags/medallion/gold_curate.py took 0.081 seconds
[2025-12-13T03:41:05.165+0000] {processor.py:161} INFO - Started process (PID=336) to work on /opt/airflow/dags/medallion/gold_curate.py
[2025-12-13T03:41:05.167+0000] {processor.py:830} INFO - Processing file /opt/airflow/dags/medallion/gold_curate.py for tasks to queue
[2025-12-13T03:41:05.172+0000] {logging_mixin.py:188} INFO - [2025-12-13T03:41:05.172+0000] {dagbag.py:545} INFO - Filling up the DagBag from /opt/airflow/dags/medallion/gold_curate.py
[2025-12-13T03:41:05.218+0000] {processor.py:842} WARNING - No viable dags retrieved from /opt/airflow/dags/medallion/gold_curate.py
[2025-12-13T03:41:05.264+0000] {processor.py:183} INFO - Processing /opt/airflow/dags/medallion/gold_curate.py took 0.118 seconds
[2025-12-13T03:41:35.635+0000] {processor.py:161} INFO - Started process (PID=347) to work on /opt/airflow/dags/medallion/gold_curate.py
[2025-12-13T03:41:35.637+0000] {processor.py:830} INFO - Processing file /opt/airflow/dags/medallion/gold_curate.py for tasks to queue
[2025-12-13T03:41:35.640+0000] {logging_mixin.py:188} INFO - [2025-12-13T03:41:35.640+0000] {dagbag.py:545} INFO - Filling up the DagBag from /opt/airflow/dags/medallion/gold_curate.py
[2025-12-13T03:41:35.667+0000] {processor.py:842} WARNING - No viable dags retrieved from /opt/airflow/dags/medallion/gold_curate.py
[2025-12-13T03:41:35.697+0000] {processor.py:183} INFO - Processing /opt/airflow/dags/medallion/gold_curate.py took 0.073 seconds
[2025-12-13T03:42:06.460+0000] {processor.py:161} INFO - Started process (PID=358) to work on /opt/airflow/dags/medallion/gold_curate.py
[2025-12-13T03:42:06.464+0000] {processor.py:830} INFO - Processing file /opt/airflow/dags/medallion/gold_curate.py for tasks to queue
[2025-12-13T03:42:06.469+0000] {logging_mixin.py:188} INFO - [2025-12-13T03:42:06.468+0000] {dagbag.py:545} INFO - Filling up the DagBag from /opt/airflow/dags/medallion/gold_curate.py
[2025-12-13T03:42:06.527+0000] {processor.py:842} WARNING - No viable dags retrieved from /opt/airflow/dags/medallion/gold_curate.py
[2025-12-13T03:42:06.584+0000] {processor.py:183} INFO - Processing /opt/airflow/dags/medallion/gold_curate.py took 0.147 seconds
[2025-12-13T03:43:16.868+0000] {processor.py:161} INFO - Started process (PID=163) to work on /opt/airflow/dags/medallion/gold_curate.py
[2025-12-13T03:43:16.871+0000] {processor.py:830} INFO - Processing file /opt/airflow/dags/medallion/gold_curate.py for tasks to queue
[2025-12-13T03:43:16.875+0000] {logging_mixin.py:188} INFO - [2025-12-13T03:43:16.874+0000] {dagbag.py:545} INFO - Filling up the DagBag from /opt/airflow/dags/medallion/gold_curate.py
[2025-12-13T03:43:16.919+0000] {processor.py:842} WARNING - No viable dags retrieved from /opt/airflow/dags/medallion/gold_curate.py
[2025-12-13T03:43:16.973+0000] {processor.py:183} INFO - Processing /opt/airflow/dags/medallion/gold_curate.py took 0.126 seconds
[2025-12-13T03:43:47.600+0000] {processor.py:161} INFO - Started process (PID=171) to work on /opt/airflow/dags/medallion/gold_curate.py
[2025-12-13T03:43:47.602+0000] {processor.py:830} INFO - Processing file /opt/airflow/dags/medallion/gold_curate.py for tasks to queue
[2025-12-13T03:43:47.606+0000] {logging_mixin.py:188} INFO - [2025-12-13T03:43:47.605+0000] {dagbag.py:545} INFO - Filling up the DagBag from /opt/airflow/dags/medallion/gold_curate.py
[2025-12-13T03:43:47.638+0000] {processor.py:842} WARNING - No viable dags retrieved from /opt/airflow/dags/medallion/gold_curate.py
[2025-12-13T03:43:47.677+0000] {processor.py:183} INFO - Processing /opt/airflow/dags/medallion/gold_curate.py took 0.092 seconds
[2025-12-13T03:44:18.280+0000] {processor.py:161} INFO - Started process (PID=182) to work on /opt/airflow/dags/medallion/gold_curate.py
[2025-12-13T03:44:18.282+0000] {processor.py:830} INFO - Processing file /opt/airflow/dags/medallion/gold_curate.py for tasks to queue
[2025-12-13T03:44:18.285+0000] {logging_mixin.py:188} INFO - [2025-12-13T03:44:18.285+0000] {dagbag.py:545} INFO - Filling up the DagBag from /opt/airflow/dags/medallion/gold_curate.py
[2025-12-13T03:44:18.311+0000] {processor.py:842} WARNING - No viable dags retrieved from /opt/airflow/dags/medallion/gold_curate.py
[2025-12-13T03:44:18.339+0000] {processor.py:183} INFO - Processing /opt/airflow/dags/medallion/gold_curate.py took 0.068 seconds
[2025-12-13T03:44:48.886+0000] {processor.py:161} INFO - Started process (PID=193) to work on /opt/airflow/dags/medallion/gold_curate.py
[2025-12-13T03:44:48.889+0000] {processor.py:830} INFO - Processing file /opt/airflow/dags/medallion/gold_curate.py for tasks to queue
[2025-12-13T03:44:48.896+0000] {logging_mixin.py:188} INFO - [2025-12-13T03:44:48.895+0000] {dagbag.py:545} INFO - Filling up the DagBag from /opt/airflow/dags/medallion/gold_curate.py
[2025-12-13T03:44:48.958+0000] {processor.py:842} WARNING - No viable dags retrieved from /opt/airflow/dags/medallion/gold_curate.py
[2025-12-13T03:44:49.013+0000] {processor.py:183} INFO - Processing /opt/airflow/dags/medallion/gold_curate.py took 0.154 seconds
[2025-12-13T03:45:19.314+0000] {processor.py:161} INFO - Started process (PID=204) to work on /opt/airflow/dags/medallion/gold_curate.py
[2025-12-13T03:45:19.317+0000] {processor.py:830} INFO - Processing file /opt/airflow/dags/medallion/gold_curate.py for tasks to queue
[2025-12-13T03:45:19.323+0000] {logging_mixin.py:188} INFO - [2025-12-13T03:45:19.321+0000] {dagbag.py:545} INFO - Filling up the DagBag from /opt/airflow/dags/medallion/gold_curate.py
[2025-12-13T03:45:19.414+0000] {processor.py:842} WARNING - No viable dags retrieved from /opt/airflow/dags/medallion/gold_curate.py
[2025-12-13T03:45:19.475+0000] {processor.py:183} INFO - Processing /opt/airflow/dags/medallion/gold_curate.py took 0.181 seconds
[2025-12-13T03:45:49.902+0000] {processor.py:161} INFO - Started process (PID=215) to work on /opt/airflow/dags/medallion/gold_curate.py
[2025-12-13T03:45:49.904+0000] {processor.py:830} INFO - Processing file /opt/airflow/dags/medallion/gold_curate.py for tasks to queue
[2025-12-13T03:45:49.907+0000] {logging_mixin.py:188} INFO - [2025-12-13T03:45:49.907+0000] {dagbag.py:545} INFO - Filling up the DagBag from /opt/airflow/dags/medallion/gold_curate.py
[2025-12-13T03:45:49.942+0000] {processor.py:842} WARNING - No viable dags retrieved from /opt/airflow/dags/medallion/gold_curate.py
[2025-12-13T03:45:49.978+0000] {processor.py:183} INFO - Processing /opt/airflow/dags/medallion/gold_curate.py took 0.088 seconds
[2025-12-13T03:46:20.438+0000] {processor.py:161} INFO - Started process (PID=229) to work on /opt/airflow/dags/medallion/gold_curate.py
[2025-12-13T03:46:20.439+0000] {processor.py:830} INFO - Processing file /opt/airflow/dags/medallion/gold_curate.py for tasks to queue
[2025-12-13T03:46:20.443+0000] {logging_mixin.py:188} INFO - [2025-12-13T03:46:20.442+0000] {dagbag.py:545} INFO - Filling up the DagBag from /opt/airflow/dags/medallion/gold_curate.py
[2025-12-13T03:46:20.481+0000] {processor.py:842} WARNING - No viable dags retrieved from /opt/airflow/dags/medallion/gold_curate.py
[2025-12-13T03:46:20.513+0000] {processor.py:183} INFO - Processing /opt/airflow/dags/medallion/gold_curate.py took 0.083 seconds
[2025-12-13T03:46:50.842+0000] {processor.py:161} INFO - Started process (PID=240) to work on /opt/airflow/dags/medallion/gold_curate.py
[2025-12-13T03:46:50.845+0000] {processor.py:830} INFO - Processing file /opt/airflow/dags/medallion/gold_curate.py for tasks to queue
[2025-12-13T03:46:50.849+0000] {logging_mixin.py:188} INFO - [2025-12-13T03:46:50.848+0000] {dagbag.py:545} INFO - Filling up the DagBag from /opt/airflow/dags/medallion/gold_curate.py
[2025-12-13T03:46:50.875+0000] {processor.py:842} WARNING - No viable dags retrieved from /opt/airflow/dags/medallion/gold_curate.py
[2025-12-13T03:46:50.908+0000] {processor.py:183} INFO - Processing /opt/airflow/dags/medallion/gold_curate.py took 0.075 seconds
[2025-12-13T03:47:21.408+0000] {processor.py:161} INFO - Started process (PID=251) to work on /opt/airflow/dags/medallion/gold_curate.py
[2025-12-13T03:47:21.409+0000] {processor.py:830} INFO - Processing file /opt/airflow/dags/medallion/gold_curate.py for tasks to queue
[2025-12-13T03:47:21.413+0000] {logging_mixin.py:188} INFO - [2025-12-13T03:47:21.412+0000] {dagbag.py:545} INFO - Filling up the DagBag from /opt/airflow/dags/medallion/gold_curate.py
[2025-12-13T03:47:21.442+0000] {processor.py:842} WARNING - No viable dags retrieved from /opt/airflow/dags/medallion/gold_curate.py
[2025-12-13T03:47:21.477+0000] {processor.py:183} INFO - Processing /opt/airflow/dags/medallion/gold_curate.py took 0.085 seconds
[2025-12-13T03:47:51.969+0000] {processor.py:161} INFO - Started process (PID=262) to work on /opt/airflow/dags/medallion/gold_curate.py
[2025-12-13T03:47:51.971+0000] {processor.py:830} INFO - Processing file /opt/airflow/dags/medallion/gold_curate.py for tasks to queue
[2025-12-13T03:47:51.981+0000] {logging_mixin.py:188} INFO - [2025-12-13T03:47:51.975+0000] {dagbag.py:545} INFO - Filling up the DagBag from /opt/airflow/dags/medallion/gold_curate.py
[2025-12-13T03:47:52.032+0000] {processor.py:842} WARNING - No viable dags retrieved from /opt/airflow/dags/medallion/gold_curate.py
[2025-12-13T03:47:52.079+0000] {processor.py:183} INFO - Processing /opt/airflow/dags/medallion/gold_curate.py took 0.127 seconds
[2025-12-13T03:48:22.426+0000] {processor.py:161} INFO - Started process (PID=273) to work on /opt/airflow/dags/medallion/gold_curate.py
[2025-12-13T03:48:22.432+0000] {processor.py:830} INFO - Processing file /opt/airflow/dags/medallion/gold_curate.py for tasks to queue
[2025-12-13T03:48:22.444+0000] {logging_mixin.py:188} INFO - [2025-12-13T03:48:22.442+0000] {dagbag.py:545} INFO - Filling up the DagBag from /opt/airflow/dags/medallion/gold_curate.py
[2025-12-13T03:48:22.506+0000] {processor.py:842} WARNING - No viable dags retrieved from /opt/airflow/dags/medallion/gold_curate.py
[2025-12-13T03:48:22.696+0000] {processor.py:183} INFO - Processing /opt/airflow/dags/medallion/gold_curate.py took 0.347 seconds
[2025-12-13T03:48:52.999+0000] {processor.py:161} INFO - Started process (PID=284) to work on /opt/airflow/dags/medallion/gold_curate.py
[2025-12-13T03:48:53.000+0000] {processor.py:830} INFO - Processing file /opt/airflow/dags/medallion/gold_curate.py for tasks to queue
[2025-12-13T03:48:53.005+0000] {logging_mixin.py:188} INFO - [2025-12-13T03:48:53.003+0000] {dagbag.py:545} INFO - Filling up the DagBag from /opt/airflow/dags/medallion/gold_curate.py
[2025-12-13T03:48:53.061+0000] {processor.py:842} WARNING - No viable dags retrieved from /opt/airflow/dags/medallion/gold_curate.py
[2025-12-13T03:48:53.122+0000] {processor.py:183} INFO - Processing /opt/airflow/dags/medallion/gold_curate.py took 0.137 seconds
[2025-12-13T03:49:11.578+0000] {processor.py:161} INFO - Started process (PID=289) to work on /opt/airflow/dags/medallion/gold_curate.py
[2025-12-13T03:49:11.582+0000] {processor.py:830} INFO - Processing file /opt/airflow/dags/medallion/gold_curate.py for tasks to queue
[2025-12-13T03:49:11.588+0000] {logging_mixin.py:188} INFO - [2025-12-13T03:49:11.587+0000] {dagbag.py:545} INFO - Filling up the DagBag from /opt/airflow/dags/medallion/gold_curate.py
[2025-12-13T03:49:11.718+0000] {processor.py:842} WARNING - No viable dags retrieved from /opt/airflow/dags/medallion/gold_curate.py
[2025-12-13T03:49:11.808+0000] {processor.py:183} INFO - Processing /opt/airflow/dags/medallion/gold_curate.py took 0.280 seconds
[2025-12-13T03:49:42.553+0000] {processor.py:161} INFO - Started process (PID=306) to work on /opt/airflow/dags/medallion/gold_curate.py
[2025-12-13T03:49:42.555+0000] {processor.py:830} INFO - Processing file /opt/airflow/dags/medallion/gold_curate.py for tasks to queue
[2025-12-13T03:49:42.564+0000] {logging_mixin.py:188} INFO - [2025-12-13T03:49:42.563+0000] {dagbag.py:545} INFO - Filling up the DagBag from /opt/airflow/dags/medallion/gold_curate.py
[2025-12-13T03:49:42.600+0000] {processor.py:842} WARNING - No viable dags retrieved from /opt/airflow/dags/medallion/gold_curate.py
[2025-12-13T03:49:42.641+0000] {processor.py:183} INFO - Processing /opt/airflow/dags/medallion/gold_curate.py took 0.104 seconds
[2025-12-13T03:50:13.466+0000] {processor.py:161} INFO - Started process (PID=317) to work on /opt/airflow/dags/medallion/gold_curate.py
[2025-12-13T03:50:13.468+0000] {processor.py:830} INFO - Processing file /opt/airflow/dags/medallion/gold_curate.py for tasks to queue
[2025-12-13T03:50:13.473+0000] {logging_mixin.py:188} INFO - [2025-12-13T03:50:13.472+0000] {dagbag.py:545} INFO - Filling up the DagBag from /opt/airflow/dags/medallion/gold_curate.py
[2025-12-13T03:50:13.502+0000] {processor.py:842} WARNING - No viable dags retrieved from /opt/airflow/dags/medallion/gold_curate.py
[2025-12-13T03:50:13.533+0000] {processor.py:183} INFO - Processing /opt/airflow/dags/medallion/gold_curate.py took 0.081 seconds
[2025-12-13T03:50:43.919+0000] {processor.py:161} INFO - Started process (PID=328) to work on /opt/airflow/dags/medallion/gold_curate.py
[2025-12-13T03:50:43.920+0000] {processor.py:830} INFO - Processing file /opt/airflow/dags/medallion/gold_curate.py for tasks to queue
[2025-12-13T03:50:43.924+0000] {logging_mixin.py:188} INFO - [2025-12-13T03:50:43.923+0000] {dagbag.py:545} INFO - Filling up the DagBag from /opt/airflow/dags/medallion/gold_curate.py
[2025-12-13T03:50:43.952+0000] {processor.py:842} WARNING - No viable dags retrieved from /opt/airflow/dags/medallion/gold_curate.py
[2025-12-13T03:50:43.984+0000] {processor.py:183} INFO - Processing /opt/airflow/dags/medallion/gold_curate.py took 0.076 seconds
[2025-12-13T03:51:37.809+0000] {processor.py:161} INFO - Started process (PID=164) to work on /opt/airflow/dags/medallion/gold_curate.py
[2025-12-13T03:51:37.816+0000] {processor.py:830} INFO - Processing file /opt/airflow/dags/medallion/gold_curate.py for tasks to queue
[2025-12-13T03:51:37.824+0000] {logging_mixin.py:188} INFO - [2025-12-13T03:51:37.824+0000] {dagbag.py:545} INFO - Filling up the DagBag from /opt/airflow/dags/medallion/gold_curate.py
[2025-12-13T03:51:37.867+0000] {processor.py:842} WARNING - No viable dags retrieved from /opt/airflow/dags/medallion/gold_curate.py
[2025-12-13T03:51:37.940+0000] {processor.py:183} INFO - Processing /opt/airflow/dags/medallion/gold_curate.py took 0.157 seconds
[2025-12-13T03:52:08.773+0000] {processor.py:161} INFO - Started process (PID=174) to work on /opt/airflow/dags/medallion/gold_curate.py
[2025-12-13T03:52:08.775+0000] {processor.py:830} INFO - Processing file /opt/airflow/dags/medallion/gold_curate.py for tasks to queue
[2025-12-13T03:52:08.782+0000] {logging_mixin.py:188} INFO - [2025-12-13T03:52:08.780+0000] {dagbag.py:545} INFO - Filling up the DagBag from /opt/airflow/dags/medallion/gold_curate.py
[2025-12-13T03:52:08.862+0000] {processor.py:842} WARNING - No viable dags retrieved from /opt/airflow/dags/medallion/gold_curate.py
[2025-12-13T03:52:08.928+0000] {processor.py:183} INFO - Processing /opt/airflow/dags/medallion/gold_curate.py took 0.194 seconds
[2025-12-13T03:52:39.094+0000] {processor.py:161} INFO - Started process (PID=185) to work on /opt/airflow/dags/medallion/gold_curate.py
[2025-12-13T03:52:39.096+0000] {processor.py:830} INFO - Processing file /opt/airflow/dags/medallion/gold_curate.py for tasks to queue
[2025-12-13T03:52:39.100+0000] {logging_mixin.py:188} INFO - [2025-12-13T03:52:39.099+0000] {dagbag.py:545} INFO - Filling up the DagBag from /opt/airflow/dags/medallion/gold_curate.py
[2025-12-13T03:52:39.150+0000] {processor.py:842} WARNING - No viable dags retrieved from /opt/airflow/dags/medallion/gold_curate.py
[2025-12-13T03:52:39.185+0000] {processor.py:183} INFO - Processing /opt/airflow/dags/medallion/gold_curate.py took 0.106 seconds
[2025-12-13T03:53:10.053+0000] {processor.py:161} INFO - Started process (PID=196) to work on /opt/airflow/dags/medallion/gold_curate.py
[2025-12-13T03:53:10.057+0000] {processor.py:830} INFO - Processing file /opt/airflow/dags/medallion/gold_curate.py for tasks to queue
[2025-12-13T03:53:10.072+0000] {logging_mixin.py:188} INFO - [2025-12-13T03:53:10.071+0000] {dagbag.py:545} INFO - Filling up the DagBag from /opt/airflow/dags/medallion/gold_curate.py
[2025-12-13T03:53:10.150+0000] {processor.py:842} WARNING - No viable dags retrieved from /opt/airflow/dags/medallion/gold_curate.py
[2025-12-13T03:53:10.263+0000] {processor.py:183} INFO - Processing /opt/airflow/dags/medallion/gold_curate.py took 0.241 seconds
[2025-12-13T03:53:41.159+0000] {processor.py:161} INFO - Started process (PID=207) to work on /opt/airflow/dags/medallion/gold_curate.py
[2025-12-13T03:53:41.160+0000] {processor.py:830} INFO - Processing file /opt/airflow/dags/medallion/gold_curate.py for tasks to queue
[2025-12-13T03:53:41.164+0000] {logging_mixin.py:188} INFO - [2025-12-13T03:53:41.163+0000] {dagbag.py:545} INFO - Filling up the DagBag from /opt/airflow/dags/medallion/gold_curate.py
[2025-12-13T03:53:41.186+0000] {processor.py:842} WARNING - No viable dags retrieved from /opt/airflow/dags/medallion/gold_curate.py
[2025-12-13T03:53:41.220+0000] {processor.py:183} INFO - Processing /opt/airflow/dags/medallion/gold_curate.py took 0.071 seconds
[2025-12-13T03:54:05.981+0000] {processor.py:161} INFO - Started process (PID=218) to work on /opt/airflow/dags/medallion/gold_curate.py
[2025-12-13T03:54:05.983+0000] {processor.py:830} INFO - Processing file /opt/airflow/dags/medallion/gold_curate.py for tasks to queue
[2025-12-13T03:54:05.989+0000] {logging_mixin.py:188} INFO - [2025-12-13T03:54:05.988+0000] {dagbag.py:545} INFO - Filling up the DagBag from /opt/airflow/dags/medallion/gold_curate.py
[2025-12-13T03:54:06.072+0000] {processor.py:842} WARNING - No viable dags retrieved from /opt/airflow/dags/medallion/gold_curate.py
[2025-12-13T03:54:06.138+0000] {processor.py:183} INFO - Processing /opt/airflow/dags/medallion/gold_curate.py took 0.180 seconds
[2025-12-13T03:54:36.740+0000] {processor.py:161} INFO - Started process (PID=229) to work on /opt/airflow/dags/medallion/gold_curate.py
[2025-12-13T03:54:36.746+0000] {processor.py:830} INFO - Processing file /opt/airflow/dags/medallion/gold_curate.py for tasks to queue
[2025-12-13T03:54:36.776+0000] {logging_mixin.py:188} INFO - [2025-12-13T03:54:36.774+0000] {dagbag.py:545} INFO - Filling up the DagBag from /opt/airflow/dags/medallion/gold_curate.py
[2025-12-13T03:54:36.961+0000] {processor.py:842} WARNING - No viable dags retrieved from /opt/airflow/dags/medallion/gold_curate.py
[2025-12-13T03:54:37.185+0000] {processor.py:183} INFO - Processing /opt/airflow/dags/medallion/gold_curate.py took 0.530 seconds
[2025-12-13T03:54:47.049+0000] {processor.py:161} INFO - Started process (PID=234) to work on /opt/airflow/dags/medallion/gold_curate.py
[2025-12-13T03:54:47.050+0000] {processor.py:830} INFO - Processing file /opt/airflow/dags/medallion/gold_curate.py for tasks to queue
[2025-12-13T03:54:47.054+0000] {logging_mixin.py:188} INFO - [2025-12-13T03:54:47.053+0000] {dagbag.py:545} INFO - Filling up the DagBag from /opt/airflow/dags/medallion/gold_curate.py
[2025-12-13T03:54:47.112+0000] {processor.py:842} WARNING - No viable dags retrieved from /opt/airflow/dags/medallion/gold_curate.py
[2025-12-13T03:54:47.159+0000] {processor.py:183} INFO - Processing /opt/airflow/dags/medallion/gold_curate.py took 0.122 seconds
[2025-12-13T03:55:17.254+0000] {processor.py:161} INFO - Started process (PID=245) to work on /opt/airflow/dags/medallion/gold_curate.py
[2025-12-13T03:55:17.256+0000] {processor.py:830} INFO - Processing file /opt/airflow/dags/medallion/gold_curate.py for tasks to queue
[2025-12-13T03:55:17.259+0000] {logging_mixin.py:188} INFO - [2025-12-13T03:55:17.259+0000] {dagbag.py:545} INFO - Filling up the DagBag from /opt/airflow/dags/medallion/gold_curate.py
[2025-12-13T03:55:17.285+0000] {processor.py:842} WARNING - No viable dags retrieved from /opt/airflow/dags/medallion/gold_curate.py
[2025-12-13T03:55:17.315+0000] {processor.py:183} INFO - Processing /opt/airflow/dags/medallion/gold_curate.py took 0.076 seconds
[2025-12-13T03:56:07.394+0000] {processor.py:161} INFO - Started process (PID=160) to work on /opt/airflow/dags/medallion/gold_curate.py
[2025-12-13T03:56:07.396+0000] {processor.py:830} INFO - Processing file /opt/airflow/dags/medallion/gold_curate.py for tasks to queue
[2025-12-13T03:56:07.400+0000] {logging_mixin.py:188} INFO - [2025-12-13T03:56:07.400+0000] {dagbag.py:545} INFO - Filling up the DagBag from /opt/airflow/dags/medallion/gold_curate.py
[2025-12-13T03:56:07.445+0000] {processor.py:842} WARNING - No viable dags retrieved from /opt/airflow/dags/medallion/gold_curate.py
[2025-12-13T03:56:07.491+0000] {processor.py:183} INFO - Processing /opt/airflow/dags/medallion/gold_curate.py took 0.111 seconds
[2025-12-13T03:56:38.190+0000] {processor.py:161} INFO - Started process (PID=171) to work on /opt/airflow/dags/medallion/gold_curate.py
[2025-12-13T03:56:38.192+0000] {processor.py:830} INFO - Processing file /opt/airflow/dags/medallion/gold_curate.py for tasks to queue
[2025-12-13T03:56:38.195+0000] {logging_mixin.py:188} INFO - [2025-12-13T03:56:38.195+0000] {dagbag.py:545} INFO - Filling up the DagBag from /opt/airflow/dags/medallion/gold_curate.py
[2025-12-13T03:56:38.221+0000] {processor.py:842} WARNING - No viable dags retrieved from /opt/airflow/dags/medallion/gold_curate.py
[2025-12-13T03:56:38.249+0000] {processor.py:183} INFO - Processing /opt/airflow/dags/medallion/gold_curate.py took 0.068 seconds
[2025-12-13T03:57:08.835+0000] {processor.py:161} INFO - Started process (PID=185) to work on /opt/airflow/dags/medallion/gold_curate.py
[2025-12-13T03:57:08.853+0000] {processor.py:830} INFO - Processing file /opt/airflow/dags/medallion/gold_curate.py for tasks to queue
[2025-12-13T03:57:08.857+0000] {logging_mixin.py:188} INFO - [2025-12-13T03:57:08.857+0000] {dagbag.py:545} INFO - Filling up the DagBag from /opt/airflow/dags/medallion/gold_curate.py
[2025-12-13T03:57:08.887+0000] {processor.py:842} WARNING - No viable dags retrieved from /opt/airflow/dags/medallion/gold_curate.py
[2025-12-13T03:57:08.924+0000] {processor.py:183} INFO - Processing /opt/airflow/dags/medallion/gold_curate.py took 0.112 seconds
[2025-12-13T03:57:39.286+0000] {processor.py:161} INFO - Started process (PID=196) to work on /opt/airflow/dags/medallion/gold_curate.py
[2025-12-13T03:57:39.288+0000] {processor.py:830} INFO - Processing file /opt/airflow/dags/medallion/gold_curate.py for tasks to queue
[2025-12-13T03:57:39.293+0000] {logging_mixin.py:188} INFO - [2025-12-13T03:57:39.293+0000] {dagbag.py:545} INFO - Filling up the DagBag from /opt/airflow/dags/medallion/gold_curate.py
[2025-12-13T03:57:39.334+0000] {processor.py:842} WARNING - No viable dags retrieved from /opt/airflow/dags/medallion/gold_curate.py
[2025-12-13T03:57:39.386+0000] {processor.py:183} INFO - Processing /opt/airflow/dags/medallion/gold_curate.py took 0.113 seconds
[2025-12-13T03:58:09.686+0000] {processor.py:161} INFO - Started process (PID=207) to work on /opt/airflow/dags/medallion/gold_curate.py
[2025-12-13T03:58:09.688+0000] {processor.py:830} INFO - Processing file /opt/airflow/dags/medallion/gold_curate.py for tasks to queue
[2025-12-13T03:58:09.692+0000] {logging_mixin.py:188} INFO - [2025-12-13T03:58:09.691+0000] {dagbag.py:545} INFO - Filling up the DagBag from /opt/airflow/dags/medallion/gold_curate.py
[2025-12-13T03:58:09.721+0000] {processor.py:842} WARNING - No viable dags retrieved from /opt/airflow/dags/medallion/gold_curate.py
[2025-12-13T03:58:09.770+0000] {processor.py:183} INFO - Processing /opt/airflow/dags/medallion/gold_curate.py took 0.093 seconds
[2025-12-13T03:58:40.213+0000] {processor.py:161} INFO - Started process (PID=218) to work on /opt/airflow/dags/medallion/gold_curate.py
[2025-12-13T03:58:40.215+0000] {processor.py:830} INFO - Processing file /opt/airflow/dags/medallion/gold_curate.py for tasks to queue
[2025-12-13T03:58:40.220+0000] {logging_mixin.py:188} INFO - [2025-12-13T03:58:40.219+0000] {dagbag.py:545} INFO - Filling up the DagBag from /opt/airflow/dags/medallion/gold_curate.py
[2025-12-13T03:58:40.260+0000] {processor.py:842} WARNING - No viable dags retrieved from /opt/airflow/dags/medallion/gold_curate.py
[2025-12-13T03:58:40.315+0000] {processor.py:183} INFO - Processing /opt/airflow/dags/medallion/gold_curate.py took 0.112 seconds
[2025-12-13T03:59:10.720+0000] {processor.py:161} INFO - Started process (PID=229) to work on /opt/airflow/dags/medallion/gold_curate.py
[2025-12-13T03:59:10.724+0000] {processor.py:830} INFO - Processing file /opt/airflow/dags/medallion/gold_curate.py for tasks to queue
[2025-12-13T03:59:10.727+0000] {logging_mixin.py:188} INFO - [2025-12-13T03:59:10.726+0000] {dagbag.py:545} INFO - Filling up the DagBag from /opt/airflow/dags/medallion/gold_curate.py
[2025-12-13T03:59:10.763+0000] {processor.py:842} WARNING - No viable dags retrieved from /opt/airflow/dags/medallion/gold_curate.py
[2025-12-13T03:59:10.809+0000] {processor.py:183} INFO - Processing /opt/airflow/dags/medallion/gold_curate.py took 0.101 seconds
[2025-12-13T03:59:41.577+0000] {processor.py:161} INFO - Started process (PID=240) to work on /opt/airflow/dags/medallion/gold_curate.py
[2025-12-13T03:59:41.579+0000] {processor.py:830} INFO - Processing file /opt/airflow/dags/medallion/gold_curate.py for tasks to queue
[2025-12-13T03:59:41.584+0000] {logging_mixin.py:188} INFO - [2025-12-13T03:59:41.583+0000] {dagbag.py:545} INFO - Filling up the DagBag from /opt/airflow/dags/medallion/gold_curate.py
[2025-12-13T03:59:41.613+0000] {processor.py:842} WARNING - No viable dags retrieved from /opt/airflow/dags/medallion/gold_curate.py
[2025-12-13T03:59:41.649+0000] {processor.py:183} INFO - Processing /opt/airflow/dags/medallion/gold_curate.py took 0.082 seconds
[2025-12-13T04:00:12.189+0000] {processor.py:161} INFO - Started process (PID=251) to work on /opt/airflow/dags/medallion/gold_curate.py
[2025-12-13T04:00:12.194+0000] {processor.py:830} INFO - Processing file /opt/airflow/dags/medallion/gold_curate.py for tasks to queue
[2025-12-13T04:00:12.199+0000] {logging_mixin.py:188} INFO - [2025-12-13T04:00:12.198+0000] {dagbag.py:545} INFO - Filling up the DagBag from /opt/airflow/dags/medallion/gold_curate.py
[2025-12-13T04:00:12.243+0000] {processor.py:842} WARNING - No viable dags retrieved from /opt/airflow/dags/medallion/gold_curate.py
[2025-12-13T04:00:12.281+0000] {processor.py:183} INFO - Processing /opt/airflow/dags/medallion/gold_curate.py took 0.115 seconds
[2025-12-13T04:00:42.917+0000] {processor.py:161} INFO - Started process (PID=262) to work on /opt/airflow/dags/medallion/gold_curate.py
[2025-12-13T04:00:42.918+0000] {processor.py:830} INFO - Processing file /opt/airflow/dags/medallion/gold_curate.py for tasks to queue
[2025-12-13T04:00:42.922+0000] {logging_mixin.py:188} INFO - [2025-12-13T04:00:42.921+0000] {dagbag.py:545} INFO - Filling up the DagBag from /opt/airflow/dags/medallion/gold_curate.py
[2025-12-13T04:00:42.953+0000] {processor.py:842} WARNING - No viable dags retrieved from /opt/airflow/dags/medallion/gold_curate.py
[2025-12-13T04:00:42.984+0000] {processor.py:183} INFO - Processing /opt/airflow/dags/medallion/gold_curate.py took 0.078 seconds
[2025-12-13T04:01:14.027+0000] {processor.py:161} INFO - Started process (PID=273) to work on /opt/airflow/dags/medallion/gold_curate.py
[2025-12-13T04:01:14.030+0000] {processor.py:830} INFO - Processing file /opt/airflow/dags/medallion/gold_curate.py for tasks to queue
[2025-12-13T04:01:14.037+0000] {logging_mixin.py:188} INFO - [2025-12-13T04:01:14.033+0000] {dagbag.py:545} INFO - Filling up the DagBag from /opt/airflow/dags/medallion/gold_curate.py
[2025-12-13T04:01:14.060+0000] {processor.py:842} WARNING - No viable dags retrieved from /opt/airflow/dags/medallion/gold_curate.py
[2025-12-13T04:01:14.088+0000] {processor.py:183} INFO - Processing /opt/airflow/dags/medallion/gold_curate.py took 0.082 seconds
[2025-12-13T04:01:44.828+0000] {processor.py:161} INFO - Started process (PID=284) to work on /opt/airflow/dags/medallion/gold_curate.py
[2025-12-13T04:01:44.829+0000] {processor.py:830} INFO - Processing file /opt/airflow/dags/medallion/gold_curate.py for tasks to queue
[2025-12-13T04:01:44.832+0000] {logging_mixin.py:188} INFO - [2025-12-13T04:01:44.832+0000] {dagbag.py:545} INFO - Filling up the DagBag from /opt/airflow/dags/medallion/gold_curate.py
[2025-12-13T04:01:44.862+0000] {processor.py:842} WARNING - No viable dags retrieved from /opt/airflow/dags/medallion/gold_curate.py
[2025-12-13T04:01:44.890+0000] {processor.py:183} INFO - Processing /opt/airflow/dags/medallion/gold_curate.py took 0.071 seconds
[2025-12-13T04:02:15.255+0000] {processor.py:161} INFO - Started process (PID=295) to work on /opt/airflow/dags/medallion/gold_curate.py
[2025-12-13T04:02:15.257+0000] {processor.py:830} INFO - Processing file /opt/airflow/dags/medallion/gold_curate.py for tasks to queue
[2025-12-13T04:02:15.260+0000] {logging_mixin.py:188} INFO - [2025-12-13T04:02:15.260+0000] {dagbag.py:545} INFO - Filling up the DagBag from /opt/airflow/dags/medallion/gold_curate.py
[2025-12-13T04:02:15.328+0000] {processor.py:842} WARNING - No viable dags retrieved from /opt/airflow/dags/medallion/gold_curate.py
[2025-12-13T04:02:15.380+0000] {processor.py:183} INFO - Processing /opt/airflow/dags/medallion/gold_curate.py took 0.137 seconds
[2025-12-13T04:02:45.887+0000] {processor.py:161} INFO - Started process (PID=306) to work on /opt/airflow/dags/medallion/gold_curate.py
[2025-12-13T04:02:45.890+0000] {processor.py:830} INFO - Processing file /opt/airflow/dags/medallion/gold_curate.py for tasks to queue
[2025-12-13T04:02:45.896+0000] {logging_mixin.py:188} INFO - [2025-12-13T04:02:45.894+0000] {dagbag.py:545} INFO - Filling up the DagBag from /opt/airflow/dags/medallion/gold_curate.py
[2025-12-13T04:02:45.929+0000] {processor.py:842} WARNING - No viable dags retrieved from /opt/airflow/dags/medallion/gold_curate.py
[2025-12-13T04:02:45.975+0000] {processor.py:183} INFO - Processing /opt/airflow/dags/medallion/gold_curate.py took 0.112 seconds
[2025-12-13T04:03:16.634+0000] {processor.py:161} INFO - Started process (PID=317) to work on /opt/airflow/dags/medallion/gold_curate.py
[2025-12-13T04:03:16.636+0000] {processor.py:830} INFO - Processing file /opt/airflow/dags/medallion/gold_curate.py for tasks to queue
[2025-12-13T04:03:16.639+0000] {logging_mixin.py:188} INFO - [2025-12-13T04:03:16.639+0000] {dagbag.py:545} INFO - Filling up the DagBag from /opt/airflow/dags/medallion/gold_curate.py
[2025-12-13T04:03:16.669+0000] {processor.py:842} WARNING - No viable dags retrieved from /opt/airflow/dags/medallion/gold_curate.py
[2025-12-13T04:03:16.704+0000] {processor.py:183} INFO - Processing /opt/airflow/dags/medallion/gold_curate.py took 0.081 seconds
[2025-12-13T04:03:46.993+0000] {processor.py:161} INFO - Started process (PID=328) to work on /opt/airflow/dags/medallion/gold_curate.py
[2025-12-13T04:03:46.995+0000] {processor.py:830} INFO - Processing file /opt/airflow/dags/medallion/gold_curate.py for tasks to queue
[2025-12-13T04:03:47.000+0000] {logging_mixin.py:188} INFO - [2025-12-13T04:03:46.999+0000] {dagbag.py:545} INFO - Filling up the DagBag from /opt/airflow/dags/medallion/gold_curate.py
[2025-12-13T04:03:47.036+0000] {processor.py:842} WARNING - No viable dags retrieved from /opt/airflow/dags/medallion/gold_curate.py
[2025-12-13T04:03:47.069+0000] {processor.py:183} INFO - Processing /opt/airflow/dags/medallion/gold_curate.py took 0.088 seconds
[2025-12-13T04:04:42.687+0000] {processor.py:161} INFO - Started process (PID=160) to work on /opt/airflow/dags/medallion/gold_curate.py
[2025-12-13T04:04:42.690+0000] {processor.py:830} INFO - Processing file /opt/airflow/dags/medallion/gold_curate.py for tasks to queue
[2025-12-13T04:04:42.695+0000] {logging_mixin.py:188} INFO - [2025-12-13T04:04:42.695+0000] {dagbag.py:545} INFO - Filling up the DagBag from /opt/airflow/dags/medallion/gold_curate.py
[2025-12-13T04:04:42.729+0000] {processor.py:842} WARNING - No viable dags retrieved from /opt/airflow/dags/medallion/gold_curate.py
[2025-12-13T04:04:42.780+0000] {processor.py:183} INFO - Processing /opt/airflow/dags/medallion/gold_curate.py took 0.107 seconds
[2025-12-13T04:05:13.301+0000] {processor.py:161} INFO - Started process (PID=171) to work on /opt/airflow/dags/medallion/gold_curate.py
[2025-12-13T04:05:13.303+0000] {processor.py:830} INFO - Processing file /opt/airflow/dags/medallion/gold_curate.py for tasks to queue
[2025-12-13T04:05:13.306+0000] {logging_mixin.py:188} INFO - [2025-12-13T04:05:13.305+0000] {dagbag.py:545} INFO - Filling up the DagBag from /opt/airflow/dags/medallion/gold_curate.py
[2025-12-13T04:05:13.334+0000] {processor.py:842} WARNING - No viable dags retrieved from /opt/airflow/dags/medallion/gold_curate.py
[2025-12-13T04:05:13.366+0000] {processor.py:183} INFO - Processing /opt/airflow/dags/medallion/gold_curate.py took 0.073 seconds
[2025-12-13T04:05:44.180+0000] {processor.py:161} INFO - Started process (PID=182) to work on /opt/airflow/dags/medallion/gold_curate.py
[2025-12-13T04:05:44.182+0000] {processor.py:830} INFO - Processing file /opt/airflow/dags/medallion/gold_curate.py for tasks to queue
[2025-12-13T04:05:44.188+0000] {logging_mixin.py:188} INFO - [2025-12-13T04:05:44.188+0000] {dagbag.py:545} INFO - Filling up the DagBag from /opt/airflow/dags/medallion/gold_curate.py
[2025-12-13T04:05:44.229+0000] {processor.py:842} WARNING - No viable dags retrieved from /opt/airflow/dags/medallion/gold_curate.py
[2025-12-13T04:05:44.286+0000] {processor.py:183} INFO - Processing /opt/airflow/dags/medallion/gold_curate.py took 0.126 seconds
[2025-12-13T04:06:14.721+0000] {processor.py:161} INFO - Started process (PID=193) to work on /opt/airflow/dags/medallion/gold_curate.py
[2025-12-13T04:06:14.722+0000] {processor.py:830} INFO - Processing file /opt/airflow/dags/medallion/gold_curate.py for tasks to queue
[2025-12-13T04:06:14.725+0000] {logging_mixin.py:188} INFO - [2025-12-13T04:06:14.725+0000] {dagbag.py:545} INFO - Filling up the DagBag from /opt/airflow/dags/medallion/gold_curate.py
[2025-12-13T04:06:14.751+0000] {processor.py:842} WARNING - No viable dags retrieved from /opt/airflow/dags/medallion/gold_curate.py
[2025-12-13T04:06:14.781+0000] {processor.py:183} INFO - Processing /opt/airflow/dags/medallion/gold_curate.py took 0.069 seconds
[2025-12-13T04:06:45.062+0000] {processor.py:161} INFO - Started process (PID=204) to work on /opt/airflow/dags/medallion/gold_curate.py
[2025-12-13T04:06:45.064+0000] {processor.py:830} INFO - Processing file /opt/airflow/dags/medallion/gold_curate.py for tasks to queue
[2025-12-13T04:06:45.067+0000] {logging_mixin.py:188} INFO - [2025-12-13T04:06:45.067+0000] {dagbag.py:545} INFO - Filling up the DagBag from /opt/airflow/dags/medallion/gold_curate.py
[2025-12-13T04:06:45.093+0000] {processor.py:842} WARNING - No viable dags retrieved from /opt/airflow/dags/medallion/gold_curate.py
[2025-12-13T04:06:45.125+0000] {processor.py:183} INFO - Processing /opt/airflow/dags/medallion/gold_curate.py took 0.072 seconds
[2025-12-13T04:07:15.529+0000] {processor.py:161} INFO - Started process (PID=215) to work on /opt/airflow/dags/medallion/gold_curate.py
[2025-12-13T04:07:15.531+0000] {processor.py:830} INFO - Processing file /opt/airflow/dags/medallion/gold_curate.py for tasks to queue
[2025-12-13T04:07:15.534+0000] {logging_mixin.py:188} INFO - [2025-12-13T04:07:15.534+0000] {dagbag.py:545} INFO - Filling up the DagBag from /opt/airflow/dags/medallion/gold_curate.py
[2025-12-13T04:07:15.564+0000] {processor.py:842} WARNING - No viable dags retrieved from /opt/airflow/dags/medallion/gold_curate.py
[2025-12-13T04:07:15.594+0000] {processor.py:183} INFO - Processing /opt/airflow/dags/medallion/gold_curate.py took 0.074 seconds
[2025-12-13T04:07:46.296+0000] {processor.py:161} INFO - Started process (PID=226) to work on /opt/airflow/dags/medallion/gold_curate.py
[2025-12-13T04:07:46.298+0000] {processor.py:830} INFO - Processing file /opt/airflow/dags/medallion/gold_curate.py for tasks to queue
[2025-12-13T04:07:46.301+0000] {logging_mixin.py:188} INFO - [2025-12-13T04:07:46.301+0000] {dagbag.py:545} INFO - Filling up the DagBag from /opt/airflow/dags/medallion/gold_curate.py
[2025-12-13T04:07:46.328+0000] {processor.py:842} WARNING - No viable dags retrieved from /opt/airflow/dags/medallion/gold_curate.py
[2025-12-13T04:07:46.357+0000] {processor.py:183} INFO - Processing /opt/airflow/dags/medallion/gold_curate.py took 0.070 seconds
[2025-12-13T04:08:16.983+0000] {processor.py:161} INFO - Started process (PID=237) to work on /opt/airflow/dags/medallion/gold_curate.py
[2025-12-13T04:08:16.985+0000] {processor.py:830} INFO - Processing file /opt/airflow/dags/medallion/gold_curate.py for tasks to queue
[2025-12-13T04:08:16.988+0000] {logging_mixin.py:188} INFO - [2025-12-13T04:08:16.987+0000] {dagbag.py:545} INFO - Filling up the DagBag from /opt/airflow/dags/medallion/gold_curate.py
[2025-12-13T04:08:17.023+0000] {processor.py:842} WARNING - No viable dags retrieved from /opt/airflow/dags/medallion/gold_curate.py
[2025-12-13T04:08:17.064+0000] {processor.py:183} INFO - Processing /opt/airflow/dags/medallion/gold_curate.py took 0.093 seconds
