[2025-12-11T03:59:44.015+0000] {local_task_job_runner.py:120} INFO - ::group::Pre task execution logs
[2025-12-11T03:59:44.076+0000] {taskinstance.py:2076} INFO - Dependencies all met for dep_context=non-requeueable deps ti=<TaskInstance: medallion_crypto_pipeline.bronze_extraction scheduled__2025-12-10T00:00:00+00:00 [queued]>
[2025-12-11T03:59:44.095+0000] {taskinstance.py:2076} INFO - Dependencies all met for dep_context=requeueable deps ti=<TaskInstance: medallion_crypto_pipeline.bronze_extraction scheduled__2025-12-10T00:00:00+00:00 [queued]>
[2025-12-11T03:59:44.097+0000] {taskinstance.py:2306} INFO - Starting attempt 1 of 3
[2025-12-11T03:59:44.482+0000] {taskinstance.py:2330} INFO - Executing <Task(_PythonDecoratedOperator): bronze_extraction> on 2025-12-10 00:00:00+00:00
[2025-12-11T03:59:44.519+0000] {logging_mixin.py:188} WARNING - /home/***/.local/lib/python3.12/site-packages/***/task/task_runner/standard_task_runner.py:61 DeprecationWarning: This process (pid=160) is multi-threaded, use of fork() may lead to deadlocks in the child.
[2025-12-11T03:59:44.517+0000] {standard_task_runner.py:90} INFO - Running: ['***', 'tasks', 'run', 'medallion_crypto_pipeline', 'bronze_extraction', 'scheduled__2025-12-10T00:00:00+00:00', '--job-id', '4', '--raw', '--subdir', 'DAGS_FOLDER/medallion_crypto_dag.py', '--cfg-path', '/tmp/tmpxx3_3cem']
[2025-12-11T03:59:44.526+0000] {standard_task_runner.py:63} INFO - Started process 166 to run task
[2025-12-11T03:59:44.531+0000] {standard_task_runner.py:91} INFO - Job 4: Subtask bronze_extraction
[2025-12-11T03:59:44.588+0000] {logging_mixin.py:188} WARNING - /home/***/.local/lib/python3.12/site-packages/***/settings.py:195 DeprecationWarning: The sql_alchemy_conn option in [core] has been moved to the sql_alchemy_conn option in [database] - the old setting has been used, but please update your config.
[2025-12-11T03:59:44.870+0000] {task_command.py:426} INFO - Running <TaskInstance: medallion_crypto_pipeline.bronze_extraction scheduled__2025-12-10T00:00:00+00:00 [running]> on host 7c99677c3514
[2025-12-11T03:59:45.341+0000] {taskinstance.py:2648} INFO - Exporting env vars: AIRFLOW_CTX_DAG_OWNER='data_engineer' AIRFLOW_CTX_DAG_ID='medallion_crypto_pipeline' AIRFLOW_CTX_TASK_ID='bronze_extraction' AIRFLOW_CTX_EXECUTION_DATE='2025-12-10T00:00:00+00:00' AIRFLOW_CTX_TRY_NUMBER='1' AIRFLOW_CTX_DAG_RUN_ID='scheduled__2025-12-10T00:00:00+00:00'
[2025-12-11T03:59:45.343+0000] {taskinstance.py:430} INFO - ::endgroup::
[2025-12-11T03:59:45.345+0000] {medallion_crypto_dag.py:44} INFO - Starting Bronze extraction for date: 2025-12-10
[2025-12-11T03:59:45.347+0000] {bronze_extract.py:25} INFO - [2025-12-10] Starting Bronze Extraction with Config...
[2025-12-11T03:59:45.355+0000] {bronze_extract.py:37} INFO - Extracting coins: bitcoin,ethereum,cardano,solana | VS: usd
[2025-12-11T03:59:45.356+0000] {bronze_extract.py:38} INFO - Rate limit: Sleep 1.2s between requests
[2025-12-11T03:59:46.042+0000] {bronze_extract.py:48} INFO - Successfully extracted 4 coins
[2025-12-11T03:59:46.079+0000] {base.py:84} INFO - Using connection ID 'postgres_default' for task execution.
[2025-12-11T03:59:46.135+0000] {medallion_crypto_dag.py:48} ERROR - Bronze extraction failed for date 2025-12-10: connection to server at "postgres" (172.20.0.2), port 5432 failed: FATAL:  password authentication failed for user "postgres"

[2025-12-11T03:59:46.140+0000] {taskinstance.py:441} INFO - ::group::Post task execution logs
[2025-12-11T03:59:46.142+0000] {taskinstance.py:2905} ERROR - Task failed with exception
Traceback (most recent call last):
  File "/home/airflow/.local/lib/python3.12/site-packages/airflow/models/taskinstance.py", line 465, in _execute_task
    result = _execute_callable(context=context, **execute_callable_kwargs)
             ^^^^^^^^^^^^^^^^^^^^^^^^^^^^^^^^^^^^^^^^^^^^^^^^^^^^^^^^^^^^^
  File "/home/airflow/.local/lib/python3.12/site-packages/airflow/models/taskinstance.py", line 432, in _execute_callable
    return execute_callable(context=context, **execute_callable_kwargs)
           ^^^^^^^^^^^^^^^^^^^^^^^^^^^^^^^^^^^^^^^^^^^^^^^^^^^^^^^^^^^^
  File "/home/airflow/.local/lib/python3.12/site-packages/airflow/models/baseoperator.py", line 400, in wrapper
    return func(self, *args, **kwargs)
           ^^^^^^^^^^^^^^^^^^^^^^^^^^^
  File "/home/airflow/.local/lib/python3.12/site-packages/airflow/decorators/base.py", line 265, in execute
    return_value = super().execute(context)
                   ^^^^^^^^^^^^^^^^^^^^^^^^
  File "/home/airflow/.local/lib/python3.12/site-packages/airflow/models/baseoperator.py", line 400, in wrapper
    return func(self, *args, **kwargs)
           ^^^^^^^^^^^^^^^^^^^^^^^^^^^
  File "/home/airflow/.local/lib/python3.12/site-packages/airflow/operators/python.py", line 235, in execute
    return_value = self.execute_callable()
                   ^^^^^^^^^^^^^^^^^^^^^^^
  File "/home/airflow/.local/lib/python3.12/site-packages/airflow/operators/python.py", line 252, in execute_callable
    return self.python_callable(*self.op_args, **self.op_kwargs)
           ^^^^^^^^^^^^^^^^^^^^^^^^^^^^^^^^^^^^^^^^^^^^^^^^^^^^^
  File "/opt/airflow/dags/medallion_crypto_dag.py", line 45, in run_bronze_extract
    extract_and_load_bronze(ds)
  File "/opt/airflow/scripts/bronze_extract.py", line 53, in extract_and_load_bronze
    with hook.get_conn() as conn:
         ^^^^^^^^^^^^^^^
  File "/home/airflow/.local/lib/python3.12/site-packages/airflow/providers/postgres/hooks/postgres.py", line 161, in get_conn
    self.conn = psycopg2.connect(**conn_args)
                ^^^^^^^^^^^^^^^^^^^^^^^^^^^^^
  File "/home/airflow/.local/lib/python3.12/site-packages/psycopg2/__init__.py", line 122, in connect
    conn = _connect(dsn, connection_factory=connection_factory, **kwasync)
           ^^^^^^^^^^^^^^^^^^^^^^^^^^^^^^^^^^^^^^^^^^^^^^^^^^^^^^^^^^^^^^^
psycopg2.OperationalError: connection to server at "postgres" (172.20.0.2), port 5432 failed: FATAL:  password authentication failed for user "postgres"

[2025-12-11T03:59:46.194+0000] {taskinstance.py:1206} INFO - Marking task as UP_FOR_RETRY. dag_id=medallion_crypto_pipeline, task_id=bronze_extraction, run_id=scheduled__2025-12-10T00:00:00+00:00, execution_date=20251210T000000, start_date=20251211T035944, end_date=20251211T035946
[2025-12-11T03:59:46.227+0000] {standard_task_runner.py:110} ERROR - Failed to execute job 4 for task bronze_extraction (connection to server at "postgres" (172.20.0.2), port 5432 failed: FATAL:  password authentication failed for user "postgres"
; 166)
[2025-12-11T03:59:46.260+0000] {local_task_job_runner.py:240} INFO - Task exited with return code 1
[2025-12-11T03:59:46.328+0000] {taskinstance.py:3498} INFO - 0 downstream tasks scheduled from follow-on schedule check
[2025-12-11T03:59:46.334+0000] {local_task_job_runner.py:222} INFO - ::endgroup::
[2025-12-11T04:12:52.502+0000] {local_task_job_runner.py:120} INFO - ::group::Pre task execution logs
[2025-12-11T04:12:52.746+0000] {taskinstance.py:2076} INFO - Dependencies all met for dep_context=non-requeueable deps ti=<TaskInstance: medallion_crypto_pipeline.bronze_extraction scheduled__2025-12-10T00:00:00+00:00 [queued]>
[2025-12-11T04:12:52.770+0000] {taskinstance.py:2076} INFO - Dependencies all met for dep_context=requeueable deps ti=<TaskInstance: medallion_crypto_pipeline.bronze_extraction scheduled__2025-12-10T00:00:00+00:00 [queued]>
[2025-12-11T04:12:52.771+0000] {taskinstance.py:2306} INFO - Starting attempt 1 of 3
[2025-12-11T04:12:52.817+0000] {taskinstance.py:2330} INFO - Executing <Task(_PythonDecoratedOperator): bronze_extraction> on 2025-12-10 00:00:00+00:00
[2025-12-11T04:12:52.847+0000] {logging_mixin.py:188} WARNING - /home/***/.local/lib/python3.12/site-packages/***/task/task_runner/standard_task_runner.py:61 DeprecationWarning: This process (pid=167) is multi-threaded, use of fork() may lead to deadlocks in the child.
[2025-12-11T04:12:52.841+0000] {standard_task_runner.py:90} INFO - Running: ['***', 'tasks', 'run', 'medallion_crypto_pipeline', 'bronze_extraction', 'scheduled__2025-12-10T00:00:00+00:00', '--job-id', '2', '--raw', '--subdir', 'DAGS_FOLDER/medallion_crypto_dag.py', '--cfg-path', '/tmp/tmpgmr5g4ap']
[2025-12-11T04:12:52.849+0000] {standard_task_runner.py:63} INFO - Started process 169 to run task
[2025-12-11T04:12:52.851+0000] {standard_task_runner.py:91} INFO - Job 2: Subtask bronze_extraction
[2025-12-11T04:12:52.926+0000] {logging_mixin.py:188} WARNING - /home/***/.local/lib/python3.12/site-packages/***/settings.py:195 DeprecationWarning: The sql_alchemy_conn option in [core] has been moved to the sql_alchemy_conn option in [database] - the old setting has been used, but please update your config.
[2025-12-11T04:12:53.252+0000] {task_command.py:426} INFO - Running <TaskInstance: medallion_crypto_pipeline.bronze_extraction scheduled__2025-12-10T00:00:00+00:00 [running]> on host 20ed4a49f379
[2025-12-11T04:12:54.289+0000] {taskinstance.py:2648} INFO - Exporting env vars: AIRFLOW_CTX_DAG_OWNER='data_engineer' AIRFLOW_CTX_DAG_ID='medallion_crypto_pipeline' AIRFLOW_CTX_TASK_ID='bronze_extraction' AIRFLOW_CTX_EXECUTION_DATE='2025-12-10T00:00:00+00:00' AIRFLOW_CTX_TRY_NUMBER='1' AIRFLOW_CTX_DAG_RUN_ID='scheduled__2025-12-10T00:00:00+00:00'
[2025-12-11T04:12:54.317+0000] {taskinstance.py:430} INFO - ::endgroup::
[2025-12-11T04:12:54.321+0000] {medallion_crypto_dag.py:34} INFO - Starting Bronze extraction for date: 2025-12-10
[2025-12-11T04:12:54.324+0000] {bronze_extract.py:31} INFO - [2025-12-10] Starting Bronze Extraction with Config...
[2025-12-11T04:12:54.402+0000] {bronze_extract.py:45} INFO - Extracting coins: bitcoin,ethereum,cardano,solana | VS: usd
[2025-12-11T04:12:54.404+0000] {bronze_extract.py:46} INFO - Rate limit: Sleep 1.2s between requests
[2025-12-11T04:12:55.016+0000] {bronze_extract.py:56} INFO - Successfully extracted 4 coins
[2025-12-11T04:12:55.082+0000] {base.py:84} INFO - Using connection ID 'postgres_default' for task execution.
[2025-12-11T04:12:55.117+0000] {taskinstance.py:441} INFO - ::group::Post task execution logs
[2025-12-11T04:12:55.130+0000] {taskinstance.py:2905} ERROR - Task failed with exception
Traceback (most recent call last):
  File "/home/airflow/.local/lib/python3.12/site-packages/airflow/models/taskinstance.py", line 465, in _execute_task
    result = _execute_callable(context=context, **execute_callable_kwargs)
             ^^^^^^^^^^^^^^^^^^^^^^^^^^^^^^^^^^^^^^^^^^^^^^^^^^^^^^^^^^^^^
  File "/home/airflow/.local/lib/python3.12/site-packages/airflow/models/taskinstance.py", line 432, in _execute_callable
    return execute_callable(context=context, **execute_callable_kwargs)
           ^^^^^^^^^^^^^^^^^^^^^^^^^^^^^^^^^^^^^^^^^^^^^^^^^^^^^^^^^^^^
  File "/home/airflow/.local/lib/python3.12/site-packages/airflow/models/baseoperator.py", line 400, in wrapper
    return func(self, *args, **kwargs)
           ^^^^^^^^^^^^^^^^^^^^^^^^^^^
  File "/home/airflow/.local/lib/python3.12/site-packages/airflow/decorators/base.py", line 265, in execute
    return_value = super().execute(context)
                   ^^^^^^^^^^^^^^^^^^^^^^^^
  File "/home/airflow/.local/lib/python3.12/site-packages/airflow/models/baseoperator.py", line 400, in wrapper
    return func(self, *args, **kwargs)
           ^^^^^^^^^^^^^^^^^^^^^^^^^^^
  File "/home/airflow/.local/lib/python3.12/site-packages/airflow/operators/python.py", line 235, in execute
    return_value = self.execute_callable()
                   ^^^^^^^^^^^^^^^^^^^^^^^
  File "/home/airflow/.local/lib/python3.12/site-packages/airflow/operators/python.py", line 252, in execute_callable
    return self.python_callable(*self.op_args, **self.op_kwargs)
           ^^^^^^^^^^^^^^^^^^^^^^^^^^^^^^^^^^^^^^^^^^^^^^^^^^^^^
  File "/opt/airflow/dags/medallion_crypto_dag.py", line 35, in run_bronze_extract
    return extract_and_load_bronze(ds)
           ^^^^^^^^^^^^^^^^^^^^^^^^^^^
  File "/opt/airflow/scripts/bronze_extract.py", line 60, in extract_and_load_bronze
    with hook.get_conn() as conn:
         ^^^^^^^^^^^^^^^
  File "/home/airflow/.local/lib/python3.12/site-packages/airflow/providers/postgres/hooks/postgres.py", line 161, in get_conn
    self.conn = psycopg2.connect(**conn_args)
                ^^^^^^^^^^^^^^^^^^^^^^^^^^^^^
  File "/home/airflow/.local/lib/python3.12/site-packages/psycopg2/__init__.py", line 122, in connect
    conn = _connect(dsn, connection_factory=connection_factory, **kwasync)
           ^^^^^^^^^^^^^^^^^^^^^^^^^^^^^^^^^^^^^^^^^^^^^^^^^^^^^^^^^^^^^^^
psycopg2.OperationalError: connection to server at "postgres" (172.20.0.5), port 5432 failed: FATAL:  password authentication failed for user "postgres"

[2025-12-11T04:12:55.237+0000] {taskinstance.py:1206} INFO - Marking task as UP_FOR_RETRY. dag_id=medallion_crypto_pipeline, task_id=bronze_extraction, run_id=scheduled__2025-12-10T00:00:00+00:00, execution_date=20251210T000000, start_date=20251211T041252, end_date=20251211T041255
[2025-12-11T04:12:55.331+0000] {standard_task_runner.py:110} ERROR - Failed to execute job 2 for task bronze_extraction (connection to server at "postgres" (172.20.0.5), port 5432 failed: FATAL:  password authentication failed for user "postgres"
; 169)
[2025-12-11T04:12:55.434+0000] {local_task_job_runner.py:240} INFO - Task exited with return code 1
[2025-12-11T04:12:55.624+0000] {taskinstance.py:3498} INFO - 0 downstream tasks scheduled from follow-on schedule check
[2025-12-11T04:12:55.631+0000] {local_task_job_runner.py:222} INFO - ::endgroup::
[2025-12-11T04:46:28.033+0000] {local_task_job_runner.py:120} INFO - ::group::Pre task execution logs
[2025-12-11T04:46:28.159+0000] {taskinstance.py:2076} INFO - Dependencies all met for dep_context=non-requeueable deps ti=<TaskInstance: medallion_crypto_pipeline.bronze_extraction scheduled__2025-12-10T00:00:00+00:00 [queued]>
[2025-12-11T04:46:28.203+0000] {taskinstance.py:2076} INFO - Dependencies all met for dep_context=requeueable deps ti=<TaskInstance: medallion_crypto_pipeline.bronze_extraction scheduled__2025-12-10T00:00:00+00:00 [queued]>
[2025-12-11T04:46:28.206+0000] {taskinstance.py:2306} INFO - Starting attempt 1 of 3
[2025-12-11T04:46:28.252+0000] {taskinstance.py:2330} INFO - Executing <Task(_PythonDecoratedOperator): bronze_extraction> on 2025-12-10 00:00:00+00:00
[2025-12-11T04:46:28.275+0000] {logging_mixin.py:188} WARNING - /home/***/.local/lib/python3.12/site-packages/***/task/task_runner/standard_task_runner.py:61 DeprecationWarning: This process (pid=166) is multi-threaded, use of fork() may lead to deadlocks in the child.
[2025-12-11T04:46:28.279+0000] {standard_task_runner.py:90} INFO - Running: ['***', 'tasks', 'run', 'medallion_crypto_pipeline', 'bronze_extraction', 'scheduled__2025-12-10T00:00:00+00:00', '--job-id', '2', '--raw', '--subdir', 'DAGS_FOLDER/medallion_crypto_dag.py', '--cfg-path', '/tmp/tmpqf9sv2uf']
[2025-12-11T04:46:28.291+0000] {standard_task_runner.py:63} INFO - Started process 168 to run task
[2025-12-11T04:46:28.292+0000] {standard_task_runner.py:91} INFO - Job 2: Subtask bronze_extraction
[2025-12-11T04:46:28.445+0000] {logging_mixin.py:188} WARNING - /home/***/.local/lib/python3.12/site-packages/***/settings.py:195 DeprecationWarning: The sql_alchemy_conn option in [core] has been moved to the sql_alchemy_conn option in [database] - the old setting has been used, but please update your config.
[2025-12-11T04:46:28.654+0000] {task_command.py:426} INFO - Running <TaskInstance: medallion_crypto_pipeline.bronze_extraction scheduled__2025-12-10T00:00:00+00:00 [running]> on host 2a7720869a5a
[2025-12-11T04:46:32.048+0000] {taskinstance.py:2648} INFO - Exporting env vars: AIRFLOW_CTX_DAG_OWNER='data_engineer' AIRFLOW_CTX_DAG_ID='medallion_crypto_pipeline' AIRFLOW_CTX_TASK_ID='bronze_extraction' AIRFLOW_CTX_EXECUTION_DATE='2025-12-10T00:00:00+00:00' AIRFLOW_CTX_TRY_NUMBER='1' AIRFLOW_CTX_DAG_RUN_ID='scheduled__2025-12-10T00:00:00+00:00'
[2025-12-11T04:46:32.050+0000] {taskinstance.py:430} INFO - ::endgroup::
[2025-12-11T04:46:32.065+0000] {medallion_crypto_dag.py:34} INFO - Starting Bronze extraction for date: 2025-12-10
[2025-12-11T04:46:32.068+0000] {bronze_extract.py:31} INFO - [2025-12-10] Starting Bronze Extraction with Config...
[2025-12-11T04:46:32.079+0000] {bronze_extract.py:45} INFO - Extracting coins: bitcoin,ethereum,cardano,solana | VS: usd
[2025-12-11T04:46:32.080+0000] {bronze_extract.py:46} INFO - Rate limit: Sleep 1.2s between requests
[2025-12-11T04:46:32.774+0000] {bronze_extract.py:56} INFO - Successfully extracted 4 coins
[2025-12-11T04:46:32.872+0000] {base.py:84} INFO - Using connection ID 'postgres_default' for task execution.
[2025-12-11T04:46:32.898+0000] {taskinstance.py:441} INFO - ::group::Post task execution logs
[2025-12-11T04:46:32.900+0000] {taskinstance.py:2905} ERROR - Task failed with exception
Traceback (most recent call last):
  File "/home/airflow/.local/lib/python3.12/site-packages/airflow/models/taskinstance.py", line 465, in _execute_task
    result = _execute_callable(context=context, **execute_callable_kwargs)
             ^^^^^^^^^^^^^^^^^^^^^^^^^^^^^^^^^^^^^^^^^^^^^^^^^^^^^^^^^^^^^
  File "/home/airflow/.local/lib/python3.12/site-packages/airflow/models/taskinstance.py", line 432, in _execute_callable
    return execute_callable(context=context, **execute_callable_kwargs)
           ^^^^^^^^^^^^^^^^^^^^^^^^^^^^^^^^^^^^^^^^^^^^^^^^^^^^^^^^^^^^
  File "/home/airflow/.local/lib/python3.12/site-packages/airflow/models/baseoperator.py", line 400, in wrapper
    return func(self, *args, **kwargs)
           ^^^^^^^^^^^^^^^^^^^^^^^^^^^
  File "/home/airflow/.local/lib/python3.12/site-packages/airflow/decorators/base.py", line 265, in execute
    return_value = super().execute(context)
                   ^^^^^^^^^^^^^^^^^^^^^^^^
  File "/home/airflow/.local/lib/python3.12/site-packages/airflow/models/baseoperator.py", line 400, in wrapper
    return func(self, *args, **kwargs)
           ^^^^^^^^^^^^^^^^^^^^^^^^^^^
  File "/home/airflow/.local/lib/python3.12/site-packages/airflow/operators/python.py", line 235, in execute
    return_value = self.execute_callable()
                   ^^^^^^^^^^^^^^^^^^^^^^^
  File "/home/airflow/.local/lib/python3.12/site-packages/airflow/operators/python.py", line 252, in execute_callable
    return self.python_callable(*self.op_args, **self.op_kwargs)
           ^^^^^^^^^^^^^^^^^^^^^^^^^^^^^^^^^^^^^^^^^^^^^^^^^^^^^
  File "/opt/airflow/dags/medallion_crypto_dag.py", line 35, in run_bronze_extract
    return extract_and_load_bronze(ds)
           ^^^^^^^^^^^^^^^^^^^^^^^^^^^
  File "/opt/airflow/scripts/bronze_extract.py", line 60, in extract_and_load_bronze
    with hook.get_conn() as conn:
         ^^^^^^^^^^^^^^^
  File "/home/airflow/.local/lib/python3.12/site-packages/airflow/providers/postgres/hooks/postgres.py", line 161, in get_conn
    self.conn = psycopg2.connect(**conn_args)
                ^^^^^^^^^^^^^^^^^^^^^^^^^^^^^
  File "/home/airflow/.local/lib/python3.12/site-packages/psycopg2/__init__.py", line 122, in connect
    conn = _connect(dsn, connection_factory=connection_factory, **kwasync)
           ^^^^^^^^^^^^^^^^^^^^^^^^^^^^^^^^^^^^^^^^^^^^^^^^^^^^^^^^^^^^^^^
psycopg2.OperationalError: connection to server at "postgres" (172.20.0.2), port 5432 failed: FATAL:  password authentication failed for user "postgres"

[2025-12-11T04:46:32.967+0000] {taskinstance.py:1206} INFO - Marking task as UP_FOR_RETRY. dag_id=medallion_crypto_pipeline, task_id=bronze_extraction, run_id=scheduled__2025-12-10T00:00:00+00:00, execution_date=20251210T000000, start_date=20251211T044628, end_date=20251211T044632
[2025-12-11T04:46:33.006+0000] {standard_task_runner.py:110} ERROR - Failed to execute job 2 for task bronze_extraction (connection to server at "postgres" (172.20.0.2), port 5432 failed: FATAL:  password authentication failed for user "postgres"
; 168)
[2025-12-11T04:46:33.078+0000] {local_task_job_runner.py:240} INFO - Task exited with return code 1
[2025-12-11T04:46:33.168+0000] {taskinstance.py:3498} INFO - 0 downstream tasks scheduled from follow-on schedule check
[2025-12-11T04:46:33.177+0000] {local_task_job_runner.py:222} INFO - ::endgroup::
