[2025-12-16T03:53:20.974+0000] {local_task_job_runner.py:120} INFO - ::group::Pre task execution logs
[2025-12-16T03:53:21.054+0000] {taskinstance.py:2076} INFO - Dependencies all met for dep_context=non-requeueable deps ti=<TaskInstance: medallion_crypto_pipeline.bronze_task __airflow_temporary_run_2025-12-16T03:53:18.900101+00:00__ [None]>
[2025-12-16T03:53:21.070+0000] {taskinstance.py:2076} INFO - Dependencies all met for dep_context=requeueable deps ti=<TaskInstance: medallion_crypto_pipeline.bronze_task __airflow_temporary_run_2025-12-16T03:53:18.900101+00:00__ [None]>
[2025-12-16T03:53:21.072+0000] {taskinstance.py:2306} INFO - Starting attempt 1 of 3
[2025-12-16T03:53:21.107+0000] {taskinstance.py:2330} INFO - Executing <Task(_PythonDecoratedOperator): bronze_task> on 2025-12-16 03:53:18.900013+00:00
[2025-12-16T03:53:21.115+0000] {standard_task_runner.py:63} INFO - Started process 167 to run task
[2025-12-16T03:53:21.122+0000] {standard_task_runner.py:90} INFO - Running: ['***', 'tasks', 'run', 'medallion_crypto_pipeline', 'bronze_task', '__***_temporary_run_2025-12-16T03:53:18.900101+00:00__', '--job-id', '85', '--raw', '--subdir', 'DAGS_FOLDER/medallion_crypto_dag.py', '--cfg-path', '/tmp/tmp1fvh9txt']
[2025-12-16T03:53:21.128+0000] {standard_task_runner.py:91} INFO - Job 85: Subtask bronze_task
[2025-12-16T03:53:21.301+0000] {task_command.py:426} INFO - Running <TaskInstance: medallion_crypto_pipeline.bronze_task __airflow_temporary_run_2025-12-16T03:53:18.900101+00:00__ [running]> on host 70e3fa7bb378
[2025-12-16T03:53:21.795+0000] {taskinstance.py:2648} INFO - Exporting env vars: AIRFLOW_CTX_DAG_OWNER='data_engineer' AIRFLOW_CTX_DAG_ID='medallion_crypto_pipeline' AIRFLOW_CTX_TASK_ID='bronze_task' AIRFLOW_CTX_EXECUTION_DATE='2025-12-16T03:53:18.900013+00:00' AIRFLOW_CTX_TRY_NUMBER='1' AIRFLOW_CTX_DAG_RUN_ID='__***_temporary_run_2025-12-16T03:53:18.900101+00:00__'
[2025-12-16T03:53:21.797+0000] {taskinstance.py:430} INFO - ::endgroup::
[2025-12-16T03:53:21.799+0000] {medallion_crypto_dag.py:31} INFO - Running Bronze extraction for date: 2025-12-16
[2025-12-16T03:53:21.800+0000] {bronze_extract.py:24} INFO - [2025-12-16] Starting Bronze Extraction
[2025-12-16T03:53:21.806+0000] {bronze_extract.py:42} INFO - Requesting data from https://api.coingecko.com/api/v3/simple/price | Coins: bitcoin,ethereum,cardano,solana
[2025-12-16T03:53:23.281+0000] {bronze_extract.py:60} INFO - Extracted 4 coins
[2025-12-16T03:53:23.305+0000] {base.py:84} INFO - Using connection ID 'postgres_default' for task execution.
[2025-12-16T03:53:23.323+0000] {bronze_extract.py:95} INFO - [2025-12-16] Data already exists – skipping
[2025-12-16T03:53:23.327+0000] {python.py:237} INFO - Done. Returned value was: None
[2025-12-16T03:53:23.330+0000] {taskinstance.py:441} INFO - ::group::Post task execution logs
[2025-12-16T03:53:23.353+0000] {taskinstance.py:1206} INFO - Marking task as SUCCESS. dag_id=medallion_crypto_pipeline, task_id=bronze_task, run_id=__***_temporary_run_2025-12-16T03:53:18.900101+00:00__, execution_date=20251216T035318, start_date=20251216T035321, end_date=20251216T035323
[2025-12-16T03:53:23.435+0000] {local_task_job_runner.py:240} INFO - Task exited with return code 0
[2025-12-16T03:53:23.476+0000] {taskinstance.py:3498} INFO - 0 downstream tasks scheduled from follow-on schedule check
[2025-12-16T03:53:23.480+0000] {local_task_job_runner.py:222} INFO - ::endgroup::
