[2025-12-16T00:04:37.460+0000] {local_task_job_runner.py:120} INFO - ::group::Pre task execution logs
[2025-12-16T00:04:37.536+0000] {taskinstance.py:2076} INFO - Dependencies all met for dep_context=non-requeueable deps ti=<TaskInstance: medallion_crypto_pipeline.bronze_extraction scheduled__2025-12-15T00:00:00+00:00 [queued]>
[2025-12-16T00:04:37.553+0000] {taskinstance.py:2076} INFO - Dependencies all met for dep_context=requeueable deps ti=<TaskInstance: medallion_crypto_pipeline.bronze_extraction scheduled__2025-12-15T00:00:00+00:00 [queued]>
[2025-12-16T00:04:37.554+0000] {taskinstance.py:2306} INFO - Starting attempt 1 of 3
[2025-12-16T00:04:37.585+0000] {taskinstance.py:2330} INFO - Executing <Task(_PythonDecoratedOperator): bronze_extraction> on 2025-12-15 00:00:00+00:00
[2025-12-16T00:04:37.598+0000] {standard_task_runner.py:63} INFO - Started process 166 to run task
[2025-12-16T00:04:37.604+0000] {standard_task_runner.py:90} INFO - Running: ['***', 'tasks', 'run', 'medallion_crypto_pipeline', 'bronze_extraction', 'scheduled__2025-12-15T00:00:00+00:00', '--job-id', '64', '--raw', '--subdir', 'DAGS_FOLDER/medallion_crypto_dag.py', '--cfg-path', '/tmp/tmpeetiyca8']
[2025-12-16T00:04:37.611+0000] {standard_task_runner.py:91} INFO - Job 64: Subtask bronze_extraction
[2025-12-16T00:04:37.676+0000] {logging_mixin.py:188} WARNING - /home/***/.local/lib/python3.11/site-packages/***/settings.py:195 DeprecationWarning: The sql_alchemy_conn option in [core] has been moved to the sql_alchemy_conn option in [database] - the old setting has been used, but please update your config.
[2025-12-16T00:04:37.848+0000] {task_command.py:426} INFO - Running <TaskInstance: medallion_crypto_pipeline.bronze_extraction scheduled__2025-12-15T00:00:00+00:00 [running]> on host 4476a577943d
[2025-12-16T00:04:38.067+0000] {taskinstance.py:2648} INFO - Exporting env vars: AIRFLOW_CTX_DAG_OWNER='data_engineer' AIRFLOW_CTX_DAG_ID='medallion_crypto_pipeline' AIRFLOW_CTX_TASK_ID='bronze_extraction' AIRFLOW_CTX_EXECUTION_DATE='2025-12-15T00:00:00+00:00' AIRFLOW_CTX_TRY_NUMBER='1' AIRFLOW_CTX_DAG_RUN_ID='scheduled__2025-12-15T00:00:00+00:00'
[2025-12-16T00:04:38.069+0000] {taskinstance.py:430} INFO - ::endgroup::
[2025-12-16T00:04:38.070+0000] {medallion_crypto_dag.py:41} INFO - Running Bronze extraction for date: 2025-12-15
[2025-12-16T00:04:38.072+0000] {bronze_extract.py:36} INFO - [2025-12-15] Starting Bronze Extraction...
[2025-12-16T00:04:38.092+0000] {bronze_extract.py:51} INFO - Extracting coins: bitcoin,ethereum,cardano,solana | VS: usd from https://api.coingecko.com/api/v3/simple/price
[2025-12-16T00:04:38.093+0000] {bronze_extract.py:56} INFO - Rate limiting: sleeping for 1.2s before API request...
[2025-12-16T00:04:40.344+0000] {bronze_extract.py:71} INFO - Successfully extracted 4 coins.
[2025-12-16T00:04:40.374+0000] {base.py:84} INFO - Using connection ID 'postgres_default' for task execution.
[2025-12-16T00:04:40.499+0000] {bronze_extract.py:98} INFO - [2025-12-15] Bronze data inserted successfully into bronze_raw_prices.
[2025-12-16T00:04:40.503+0000] {python.py:237} INFO - Done. Returned value was: None
[2025-12-16T00:04:40.505+0000] {taskinstance.py:441} INFO - ::group::Post task execution logs
[2025-12-16T00:04:40.527+0000] {taskinstance.py:1206} INFO - Marking task as SUCCESS. dag_id=medallion_crypto_pipeline, task_id=bronze_extraction, run_id=scheduled__2025-12-15T00:00:00+00:00, execution_date=20251215T000000, start_date=20251216T000437, end_date=20251216T000440
[2025-12-16T00:04:40.600+0000] {local_task_job_runner.py:240} INFO - Task exited with return code 0
[2025-12-16T00:04:40.650+0000] {taskinstance.py:3498} INFO - 1 downstream tasks scheduled from follow-on schedule check
[2025-12-16T00:04:40.669+0000] {local_task_job_runner.py:222} INFO - ::endgroup::
