[2025-12-16T00:36:23.445+0000] {local_task_job_runner.py:120} INFO - ::group::Pre task execution logs
[2025-12-16T00:36:23.493+0000] {taskinstance.py:2076} INFO - Dependencies all met for dep_context=non-requeueable deps ti=<TaskInstance: medallion_crypto_pipeline.bronze_task manual__2025-12-16T00:31:15.797652+00:00 [queued]>
[2025-12-16T00:36:23.505+0000] {taskinstance.py:2076} INFO - Dependencies all met for dep_context=requeueable deps ti=<TaskInstance: medallion_crypto_pipeline.bronze_task manual__2025-12-16T00:31:15.797652+00:00 [queued]>
[2025-12-16T00:36:23.507+0000] {taskinstance.py:2306} INFO - Starting attempt 2 of 3
[2025-12-16T00:36:23.527+0000] {taskinstance.py:2330} INFO - Executing <Task(_PythonDecoratedOperator): bronze_task> on 2025-12-16 00:31:15.797652+00:00
[2025-12-16T00:36:23.535+0000] {standard_task_runner.py:63} INFO - Started process 201 to run task
[2025-12-16T00:36:23.540+0000] {standard_task_runner.py:90} INFO - Running: ['***', 'tasks', 'run', 'medallion_crypto_pipeline', 'bronze_task', 'manual__2025-12-16T00:31:15.797652+00:00', '--job-id', '75', '--raw', '--subdir', 'DAGS_FOLDER/medallion_crypto_dag.py', '--cfg-path', '/tmp/tmpdo768004']
[2025-12-16T00:36:23.543+0000] {standard_task_runner.py:91} INFO - Job 75: Subtask bronze_task
[2025-12-16T00:36:23.671+0000] {task_command.py:426} INFO - Running <TaskInstance: medallion_crypto_pipeline.bronze_task manual__2025-12-16T00:31:15.797652+00:00 [running]> on host 377b02a4d5fa
[2025-12-16T00:36:24.042+0000] {taskinstance.py:2648} INFO - Exporting env vars: AIRFLOW_CTX_DAG_OWNER='data_engineer' AIRFLOW_CTX_DAG_ID='medallion_crypto_pipeline' AIRFLOW_CTX_TASK_ID='bronze_task' AIRFLOW_CTX_EXECUTION_DATE='2025-12-16T00:31:15.797652+00:00' AIRFLOW_CTX_TRY_NUMBER='2' AIRFLOW_CTX_DAG_RUN_ID='manual__2025-12-16T00:31:15.797652+00:00'
[2025-12-16T00:36:24.044+0000] {taskinstance.py:430} INFO - ::endgroup::
[2025-12-16T00:36:24.045+0000] {medallion_crypto_dag.py:31} INFO - Running Bronze extraction for date: 2025-12-16
[2025-12-16T00:36:24.046+0000] {bronze_extract.py:27} INFO - [2025-12-16] Starting Bronze Extraction
[2025-12-16T00:36:24.051+0000] {bronze_extract.py:41} INFO - Requesting data from https://api.coingecko.com/api/v3/simple/price | Coins: bitcoin,ethereum,cardano,solana
[2025-12-16T00:36:25.545+0000] {bronze_extract.py:59} INFO - Extracted 4 coins
[2025-12-16T00:36:25.580+0000] {base.py:84} INFO - Using connection ID 'postgres_default' for task execution.
[2025-12-16T00:36:25.614+0000] {taskinstance.py:441} INFO - ::group::Post task execution logs
[2025-12-16T00:36:25.618+0000] {taskinstance.py:2905} ERROR - Task failed with exception
Traceback (most recent call last):
  File "/home/airflow/.local/lib/python3.11/site-packages/airflow/models/taskinstance.py", line 465, in _execute_task
    result = _execute_callable(context=context, **execute_callable_kwargs)
             ^^^^^^^^^^^^^^^^^^^^^^^^^^^^^^^^^^^^^^^^^^^^^^^^^^^^^^^^^^^^^
  File "/home/airflow/.local/lib/python3.11/site-packages/airflow/models/taskinstance.py", line 432, in _execute_callable
    return execute_callable(context=context, **execute_callable_kwargs)
           ^^^^^^^^^^^^^^^^^^^^^^^^^^^^^^^^^^^^^^^^^^^^^^^^^^^^^^^^^^^^
  File "/home/airflow/.local/lib/python3.11/site-packages/airflow/models/baseoperator.py", line 400, in wrapper
    return func(self, *args, **kwargs)
           ^^^^^^^^^^^^^^^^^^^^^^^^^^^
  File "/home/airflow/.local/lib/python3.11/site-packages/airflow/decorators/base.py", line 265, in execute
    return_value = super().execute(context)
                   ^^^^^^^^^^^^^^^^^^^^^^^^
  File "/home/airflow/.local/lib/python3.11/site-packages/airflow/models/baseoperator.py", line 400, in wrapper
    return func(self, *args, **kwargs)
           ^^^^^^^^^^^^^^^^^^^^^^^^^^^
  File "/home/airflow/.local/lib/python3.11/site-packages/airflow/operators/python.py", line 235, in execute
    return_value = self.execute_callable()
                   ^^^^^^^^^^^^^^^^^^^^^^^
  File "/home/airflow/.local/lib/python3.11/site-packages/airflow/operators/python.py", line 252, in execute_callable
    return self.python_callable(*self.op_args, **self.op_kwargs)
           ^^^^^^^^^^^^^^^^^^^^^^^^^^^^^^^^^^^^^^^^^^^^^^^^^^^^^
  File "/opt/airflow/dags/medallion_crypto_dag.py", line 32, in bronze_task
    extract_and_load_bronze(ds)
  File "/opt/airflow/dags/medallion/bronze_extract.py", line 74, in extract_and_load_bronze
    cur.execute(
psycopg2.errors.UndefinedColumn: column "date" of relation "bronze_raw_prices" does not exist
LINE 2:             INSERT INTO bronze_raw_prices (date, raw_data, c...
                                                   ^

[2025-12-16T00:36:25.674+0000] {taskinstance.py:1206} INFO - Marking task as UP_FOR_RETRY. dag_id=medallion_crypto_pipeline, task_id=bronze_task, run_id=manual__2025-12-16T00:31:15.797652+00:00, execution_date=20251216T003115, start_date=20251216T003623, end_date=20251216T003625
[2025-12-16T00:36:25.699+0000] {standard_task_runner.py:110} ERROR - Failed to execute job 75 for task bronze_task (column "date" of relation "bronze_raw_prices" does not exist
LINE 2:             INSERT INTO bronze_raw_prices (date, raw_data, c...
                                                   ^
; 201)
[2025-12-16T00:36:25.764+0000] {local_task_job_runner.py:240} INFO - Task exited with return code 1
[2025-12-16T00:36:25.820+0000] {taskinstance.py:3498} INFO - 0 downstream tasks scheduled from follow-on schedule check
[2025-12-16T00:36:25.825+0000] {local_task_job_runner.py:222} INFO - ::endgroup::
