[2025-12-16T00:41:26.338+0000] {local_task_job_runner.py:120} INFO - ::group::Pre task execution logs
[2025-12-16T00:41:26.389+0000] {taskinstance.py:2076} INFO - Dependencies all met for dep_context=non-requeueable deps ti=<TaskInstance: medallion_crypto_pipeline.bronze_task manual__2025-12-16T00:31:15.797652+00:00 [queued]>
[2025-12-16T00:41:26.402+0000] {taskinstance.py:2076} INFO - Dependencies all met for dep_context=requeueable deps ti=<TaskInstance: medallion_crypto_pipeline.bronze_task manual__2025-12-16T00:31:15.797652+00:00 [queued]>
[2025-12-16T00:41:26.404+0000] {taskinstance.py:2306} INFO - Starting attempt 3 of 3
[2025-12-16T00:41:26.423+0000] {taskinstance.py:2330} INFO - Executing <Task(_PythonDecoratedOperator): bronze_task> on 2025-12-16 00:31:15.797652+00:00
[2025-12-16T00:41:26.431+0000] {standard_task_runner.py:63} INFO - Started process 253 to run task
[2025-12-16T00:41:26.437+0000] {standard_task_runner.py:90} INFO - Running: ['***', 'tasks', 'run', 'medallion_crypto_pipeline', 'bronze_task', 'manual__2025-12-16T00:31:15.797652+00:00', '--job-id', '76', '--raw', '--subdir', 'DAGS_FOLDER/medallion_crypto_dag.py', '--cfg-path', '/tmp/tmp4o1bw288']
[2025-12-16T00:41:26.441+0000] {standard_task_runner.py:91} INFO - Job 76: Subtask bronze_task
[2025-12-16T00:41:26.555+0000] {task_command.py:426} INFO - Running <TaskInstance: medallion_crypto_pipeline.bronze_task manual__2025-12-16T00:31:15.797652+00:00 [running]> on host 377b02a4d5fa
[2025-12-16T00:41:27.035+0000] {taskinstance.py:2648} INFO - Exporting env vars: AIRFLOW_CTX_DAG_OWNER='data_engineer' AIRFLOW_CTX_DAG_ID='medallion_crypto_pipeline' AIRFLOW_CTX_TASK_ID='bronze_task' AIRFLOW_CTX_EXECUTION_DATE='2025-12-16T00:31:15.797652+00:00' AIRFLOW_CTX_TRY_NUMBER='3' AIRFLOW_CTX_DAG_RUN_ID='manual__2025-12-16T00:31:15.797652+00:00'
[2025-12-16T00:41:27.037+0000] {taskinstance.py:430} INFO - ::endgroup::
[2025-12-16T00:41:27.039+0000] {medallion_crypto_dag.py:31} INFO - Running Bronze extraction for date: 2025-12-16
[2025-12-16T00:41:27.041+0000] {bronze_extract.py:27} INFO - [2025-12-16] Starting Bronze Extraction
[2025-12-16T00:41:27.047+0000] {bronze_extract.py:41} INFO - Requesting data from https://api.coingecko.com/api/v3/simple/price | Coins: bitcoin,ethereum,cardano,solana
[2025-12-16T00:41:28.638+0000] {bronze_extract.py:59} INFO - Extracted 4 coins
[2025-12-16T00:41:28.660+0000] {base.py:84} INFO - Using connection ID 'postgres_default' for task execution.
[2025-12-16T00:41:28.677+0000] {taskinstance.py:441} INFO - ::group::Post task execution logs
[2025-12-16T00:41:28.678+0000] {taskinstance.py:2905} ERROR - Task failed with exception
Traceback (most recent call last):
  File "/home/airflow/.local/lib/python3.11/site-packages/airflow/models/taskinstance.py", line 465, in _execute_task
    result = _execute_callable(context=context, **execute_callable_kwargs)
             ^^^^^^^^^^^^^^^^^^^^^^^^^^^^^^^^^^^^^^^^^^^^^^^^^^^^^^^^^^^^^
  File "/home/airflow/.local/lib/python3.11/site-packages/airflow/models/taskinstance.py", line 432, in _execute_callable
    return execute_callable(context=context, **execute_callable_kwargs)
           ^^^^^^^^^^^^^^^^^^^^^^^^^^^^^^^^^^^^^^^^^^^^^^^^^^^^^^^^^^^^
  File "/home/airflow/.local/lib/python3.11/site-packages/airflow/models/baseoperator.py", line 400, in wrapper
    return func(self, *args, **kwargs)
           ^^^^^^^^^^^^^^^^^^^^^^^^^^^
  File "/home/airflow/.local/lib/python3.11/site-packages/airflow/decorators/base.py", line 265, in execute
    return_value = super().execute(context)
                   ^^^^^^^^^^^^^^^^^^^^^^^^
  File "/home/airflow/.local/lib/python3.11/site-packages/airflow/models/baseoperator.py", line 400, in wrapper
    return func(self, *args, **kwargs)
           ^^^^^^^^^^^^^^^^^^^^^^^^^^^
  File "/home/airflow/.local/lib/python3.11/site-packages/airflow/operators/python.py", line 235, in execute
    return_value = self.execute_callable()
                   ^^^^^^^^^^^^^^^^^^^^^^^
  File "/home/airflow/.local/lib/python3.11/site-packages/airflow/operators/python.py", line 252, in execute_callable
    return self.python_callable(*self.op_args, **self.op_kwargs)
           ^^^^^^^^^^^^^^^^^^^^^^^^^^^^^^^^^^^^^^^^^^^^^^^^^^^^^
  File "/opt/airflow/dags/medallion_crypto_dag.py", line 32, in bronze_task
    extract_and_load_bronze(ds)
  File "/opt/airflow/dags/medallion/bronze_extract.py", line 74, in extract_and_load_bronze
    cur.execute(
psycopg2.errors.UndefinedColumn: column "date" of relation "bronze_raw_prices" does not exist
LINE 2:             INSERT INTO bronze_raw_prices (date, raw_data, c...
                                                   ^

[2025-12-16T00:41:28.711+0000] {taskinstance.py:1206} INFO - Marking task as FAILED. dag_id=medallion_crypto_pipeline, task_id=bronze_task, run_id=manual__2025-12-16T00:31:15.797652+00:00, execution_date=20251216T003115, start_date=20251216T004126, end_date=20251216T004128
[2025-12-16T00:41:28.732+0000] {standard_task_runner.py:110} ERROR - Failed to execute job 76 for task bronze_task (column "date" of relation "bronze_raw_prices" does not exist
LINE 2:             INSERT INTO bronze_raw_prices (date, raw_data, c...
                                                   ^
; 253)
[2025-12-16T00:41:28.784+0000] {local_task_job_runner.py:240} INFO - Task exited with return code 1
[2025-12-16T00:41:28.809+0000] {local_task_job_runner.py:222} INFO - ::endgroup::
