[2025-12-13T03:32:06.235+0000] {local_task_job_runner.py:120} INFO - ::group::Pre task execution logs
[2025-12-13T03:32:06.287+0000] {taskinstance.py:2076} INFO - Dependencies all met for dep_context=non-requeueable deps ti=<TaskInstance: medallion_crypto_pipeline.silver_transformation scheduled__2025-12-12T00:00:00+00:00 [queued]>
[2025-12-13T03:32:06.300+0000] {taskinstance.py:2076} INFO - Dependencies all met for dep_context=requeueable deps ti=<TaskInstance: medallion_crypto_pipeline.silver_transformation scheduled__2025-12-12T00:00:00+00:00 [queued]>
[2025-12-13T03:32:06.302+0000] {taskinstance.py:2306} INFO - Starting attempt 3 of 3
[2025-12-13T03:32:06.319+0000] {taskinstance.py:2330} INFO - Executing <Task(_PythonDecoratedOperator): silver_transformation> on 2025-12-12 00:00:00+00:00
[2025-12-13T03:32:06.330+0000] {logging_mixin.py:188} WARNING - /home/***/.local/lib/python3.12/site-packages/***/task/task_runner/standard_task_runner.py:61 DeprecationWarning: This process (pid=221) is multi-threaded, use of fork() may lead to deadlocks in the child.
[2025-12-13T03:32:06.332+0000] {standard_task_runner.py:63} INFO - Started process 223 to run task
[2025-12-13T03:32:06.331+0000] {standard_task_runner.py:90} INFO - Running: ['***', 'tasks', 'run', 'medallion_crypto_pipeline', 'silver_transformation', 'scheduled__2025-12-12T00:00:00+00:00', '--job-id', '21', '--raw', '--subdir', 'DAGS_FOLDER/medallion_crypto_dag.py', '--cfg-path', '/tmp/tmpxch02x15']
[2025-12-13T03:32:06.335+0000] {standard_task_runner.py:91} INFO - Job 21: Subtask silver_transformation
[2025-12-13T03:32:06.370+0000] {logging_mixin.py:188} WARNING - /home/***/.local/lib/python3.12/site-packages/***/settings.py:195 DeprecationWarning: The sql_alchemy_conn option in [core] has been moved to the sql_alchemy_conn option in [database] - the old setting has been used, but please update your config.
[2025-12-13T03:32:06.464+0000] {task_command.py:426} INFO - Running <TaskInstance: medallion_crypto_pipeline.silver_transformation scheduled__2025-12-12T00:00:00+00:00 [running]> on host c7a519d94925
[2025-12-13T03:32:06.896+0000] {taskinstance.py:2648} INFO - Exporting env vars: AIRFLOW_CTX_DAG_EMAIL='your_alert_address@example.com' AIRFLOW_CTX_DAG_OWNER='data_engineer' AIRFLOW_CTX_DAG_ID='medallion_crypto_pipeline' AIRFLOW_CTX_TASK_ID='silver_transformation' AIRFLOW_CTX_EXECUTION_DATE='2025-12-12T00:00:00+00:00' AIRFLOW_CTX_TRY_NUMBER='3' AIRFLOW_CTX_DAG_RUN_ID='scheduled__2025-12-12T00:00:00+00:00'
[2025-12-13T03:32:06.898+0000] {taskinstance.py:430} INFO - ::endgroup::
[2025-12-13T03:32:06.899+0000] {medallion_crypto_dag.py:61} INFO - Starting Silver transformation for date: 2025-12-12
[2025-12-13T03:32:06.900+0000] {silver_transform.py:34} INFO - Starting Silver Transformation for date: 2025-12-12
[2025-12-13T03:32:06.903+0000] {silver_transform.py:22} ERROR - Configuration file not found at: /opt/***/dags/medallion/../config/api_config.json
[2025-12-13T03:32:06.903+0000] {taskinstance.py:441} INFO - ::group::Post task execution logs
[2025-12-13T03:32:06.904+0000] {taskinstance.py:2905} ERROR - Task failed with exception
Traceback (most recent call last):
  File "/home/airflow/.local/lib/python3.12/site-packages/airflow/models/taskinstance.py", line 465, in _execute_task
    result = _execute_callable(context=context, **execute_callable_kwargs)
             ^^^^^^^^^^^^^^^^^^^^^^^^^^^^^^^^^^^^^^^^^^^^^^^^^^^^^^^^^^^^^
  File "/home/airflow/.local/lib/python3.12/site-packages/airflow/models/taskinstance.py", line 432, in _execute_callable
    return execute_callable(context=context, **execute_callable_kwargs)
           ^^^^^^^^^^^^^^^^^^^^^^^^^^^^^^^^^^^^^^^^^^^^^^^^^^^^^^^^^^^^
  File "/home/airflow/.local/lib/python3.12/site-packages/airflow/models/baseoperator.py", line 400, in wrapper
    return func(self, *args, **kwargs)
           ^^^^^^^^^^^^^^^^^^^^^^^^^^^
  File "/home/airflow/.local/lib/python3.12/site-packages/airflow/decorators/base.py", line 265, in execute
    return_value = super().execute(context)
                   ^^^^^^^^^^^^^^^^^^^^^^^^
  File "/home/airflow/.local/lib/python3.12/site-packages/airflow/models/baseoperator.py", line 400, in wrapper
    return func(self, *args, **kwargs)
           ^^^^^^^^^^^^^^^^^^^^^^^^^^^
  File "/home/airflow/.local/lib/python3.12/site-packages/airflow/operators/python.py", line 235, in execute
    return_value = self.execute_callable()
                   ^^^^^^^^^^^^^^^^^^^^^^^
  File "/home/airflow/.local/lib/python3.12/site-packages/airflow/operators/python.py", line 252, in execute_callable
    return self.python_callable(*self.op_args, **self.op_kwargs)
           ^^^^^^^^^^^^^^^^^^^^^^^^^^^^^^^^^^^^^^^^^^^^^^^^^^^^^
  File "/opt/airflow/dags/medallion_crypto_dag.py", line 64, in run_silver_transform
    transform_and_load_silver(ds)
  File "/opt/airflow/dags/medallion/silver_transform.py", line 36, in transform_and_load_silver
    config = load_config()
             ^^^^^^^^^^^^^
  File "/opt/airflow/dags/medallion/silver_transform.py", line 19, in load_config
    with open(CONFIG_PATH, 'r') as f:
         ^^^^^^^^^^^^^^^^^^^^^^
FileNotFoundError: [Errno 2] No such file or directory: '/opt/airflow/dags/medallion/../config/api_config.json'
[2025-12-13T03:32:06.936+0000] {taskinstance.py:1206} INFO - Marking task as FAILED. dag_id=medallion_crypto_pipeline, task_id=silver_transformation, run_id=scheduled__2025-12-12T00:00:00+00:00, execution_date=20251212T000000, start_date=20251213T033206, end_date=20251213T033206
[2025-12-13T03:32:06.958+0000] {standard_task_runner.py:110} ERROR - Failed to execute job 21 for task silver_transformation ([Errno 2] No such file or directory: '/opt/airflow/dags/medallion/../config/api_config.json'; 223)
[2025-12-13T03:32:06.992+0000] {local_task_job_runner.py:240} INFO - Task exited with return code 1
[2025-12-13T03:32:07.029+0000] {taskinstance.py:3498} INFO - 0 downstream tasks scheduled from follow-on schedule check
[2025-12-13T03:32:07.038+0000] {local_task_job_runner.py:222} INFO - ::endgroup::
