[2025-12-13T05:21:14.204+0000] {local_task_job_runner.py:120} INFO - ::group::Pre task execution logs
[2025-12-13T05:21:14.254+0000] {taskinstance.py:2076} INFO - Dependencies all met for dep_context=non-requeueable deps ti=<TaskInstance: medallion_crypto_pipeline.bronze_extraction __airflow_temporary_run_2025-12-13T05:21:13.095685+00:00__ [queued]>
[2025-12-13T05:21:14.269+0000] {taskinstance.py:2076} INFO - Dependencies all met for dep_context=requeueable deps ti=<TaskInstance: medallion_crypto_pipeline.bronze_extraction __airflow_temporary_run_2025-12-13T05:21:13.095685+00:00__ [queued]>
[2025-12-13T05:21:14.271+0000] {taskinstance.py:2306} INFO - Starting attempt 1 of 3
[2025-12-13T05:21:14.306+0000] {taskinstance.py:2330} INFO - Executing <Task(_PythonDecoratedOperator): bronze_extraction> on 2025-12-13 00:00:00+00:00
[2025-12-13T05:21:14.320+0000] {standard_task_runner.py:63} INFO - Started process 166 to run task
[2025-12-13T05:21:14.329+0000] {standard_task_runner.py:90} INFO - Running: ['***', 'tasks', 'run', 'medallion_crypto_pipeline', 'bronze_extraction', '__***_temporary_run_2025-12-13T05:21:13.095685+00:00__', '--job-id', '47', '--raw', '--subdir', 'DAGS_FOLDER/medallion_crypto_dag.py', '--cfg-path', '/tmp/tmp2uzx3fgg']
[2025-12-13T05:21:14.339+0000] {standard_task_runner.py:91} INFO - Job 47: Subtask bronze_extraction
[2025-12-13T05:21:14.403+0000] {logging_mixin.py:188} WARNING - /home/***/.local/lib/python3.11/site-packages/***/settings.py:195 DeprecationWarning: The sql_alchemy_conn option in [core] has been moved to the sql_alchemy_conn option in [database] - the old setting has been used, but please update your config.
[2025-12-13T05:21:14.511+0000] {task_command.py:426} INFO - Running <TaskInstance: medallion_crypto_pipeline.bronze_extraction __airflow_temporary_run_2025-12-13T05:21:13.095685+00:00__ [running]> on host 071d9a712a90
[2025-12-13T05:21:14.919+0000] {taskinstance.py:2648} INFO - Exporting env vars: AIRFLOW_CTX_DAG_OWNER='data_engineer' AIRFLOW_CTX_DAG_ID='medallion_crypto_pipeline' AIRFLOW_CTX_TASK_ID='bronze_extraction' AIRFLOW_CTX_EXECUTION_DATE='2025-12-13T00:00:00+00:00' AIRFLOW_CTX_TRY_NUMBER='1' AIRFLOW_CTX_DAG_RUN_ID='__***_temporary_run_2025-12-13T05:21:13.095685+00:00__'
[2025-12-13T05:21:14.921+0000] {taskinstance.py:430} INFO - ::endgroup::
[2025-12-13T05:21:14.922+0000] {bronze_extract.py:36} INFO - [2025-12-13] Starting Bronze Extraction...
[2025-12-13T05:21:14.928+0000] {bronze_extract.py:51} INFO - Extracting coins: bitcoin,ethereum,cardano,solana | VS: usd from https://api.coingecko.com/api/v3/simple/price
[2025-12-13T05:21:14.929+0000] {bronze_extract.py:56} INFO - Rate limiting: sleeping for 1.2s before API request...
[2025-12-13T05:21:16.380+0000] {bronze_extract.py:71} INFO - Successfully extracted 4 coins.
[2025-12-13T05:21:16.399+0000] {base.py:84} INFO - Using connection ID 'postgres_default' for task execution.
[2025-12-13T05:21:16.417+0000] {bronze_extract.py:100} WARNING - [2025-12-13] Data already exists for this date. Skipping insert.
[2025-12-13T05:21:16.421+0000] {python.py:237} INFO - Done. Returned value was: None
[2025-12-13T05:21:16.423+0000] {taskinstance.py:441} INFO - ::group::Post task execution logs
[2025-12-13T05:21:16.443+0000] {taskinstance.py:1206} INFO - Marking task as SUCCESS. dag_id=medallion_crypto_pipeline, task_id=bronze_extraction, run_id=__***_temporary_run_2025-12-13T05:21:13.095685+00:00__, execution_date=20251213T000000, start_date=20251213T052114, end_date=20251213T052116
[2025-12-13T05:21:16.529+0000] {local_task_job_runner.py:240} INFO - Task exited with return code 0
[2025-12-13T05:21:16.581+0000] {taskinstance.py:3498} INFO - 0 downstream tasks scheduled from follow-on schedule check
[2025-12-13T05:21:16.588+0000] {local_task_job_runner.py:222} INFO - ::endgroup::
