[2025-12-16T00:04:45.380+0000] {local_task_job_runner.py:120} INFO - ::group::Pre task execution logs
[2025-12-16T00:04:45.436+0000] {taskinstance.py:2076} INFO - Dependencies all met for dep_context=non-requeueable deps ti=<TaskInstance: medallion_crypto_pipeline.gold_curation scheduled__2025-12-15T00:00:00+00:00 [queued]>
[2025-12-16T00:04:45.450+0000] {taskinstance.py:2076} INFO - Dependencies all met for dep_context=requeueable deps ti=<TaskInstance: medallion_crypto_pipeline.gold_curation scheduled__2025-12-15T00:00:00+00:00 [queued]>
[2025-12-16T00:04:45.451+0000] {taskinstance.py:2306} INFO - Starting attempt 1 of 3
[2025-12-16T00:04:45.476+0000] {taskinstance.py:2330} INFO - Executing <Task(_PythonDecoratedOperator): gold_curation> on 2025-12-15 00:00:00+00:00
[2025-12-16T00:04:45.486+0000] {standard_task_runner.py:63} INFO - Started process 174 to run task
[2025-12-16T00:04:45.492+0000] {standard_task_runner.py:90} INFO - Running: ['***', 'tasks', 'run', 'medallion_crypto_pipeline', 'gold_curation', 'scheduled__2025-12-15T00:00:00+00:00', '--job-id', '66', '--raw', '--subdir', 'DAGS_FOLDER/medallion_crypto_dag.py', '--cfg-path', '/tmp/tmpasdxhed_']
[2025-12-16T00:04:45.496+0000] {standard_task_runner.py:91} INFO - Job 66: Subtask gold_curation
[2025-12-16T00:04:45.533+0000] {logging_mixin.py:188} WARNING - /home/***/.local/lib/python3.11/site-packages/***/settings.py:195 DeprecationWarning: The sql_alchemy_conn option in [core] has been moved to the sql_alchemy_conn option in [database] - the old setting has been used, but please update your config.
[2025-12-16T00:04:45.629+0000] {task_command.py:426} INFO - Running <TaskInstance: medallion_crypto_pipeline.gold_curation scheduled__2025-12-15T00:00:00+00:00 [running]> on host 4476a577943d
[2025-12-16T00:04:45.840+0000] {taskinstance.py:2648} INFO - Exporting env vars: AIRFLOW_CTX_DAG_OWNER='data_engineer' AIRFLOW_CTX_DAG_ID='medallion_crypto_pipeline' AIRFLOW_CTX_TASK_ID='gold_curation' AIRFLOW_CTX_EXECUTION_DATE='2025-12-15T00:00:00+00:00' AIRFLOW_CTX_TRY_NUMBER='1' AIRFLOW_CTX_DAG_RUN_ID='scheduled__2025-12-15T00:00:00+00:00'
[2025-12-16T00:04:45.844+0000] {taskinstance.py:430} INFO - ::endgroup::
[2025-12-16T00:04:45.846+0000] {medallion_crypto_dag.py:53} INFO - Running Gold curation for date: 2025-12-15
[2025-12-16T00:04:45.847+0000] {gold_curation.py:40} INFO - [2025-12-15] Starting Gold Curation...
[2025-12-16T00:04:45.878+0000] {base.py:84} INFO - Using connection ID 'postgres_default' for task execution.
[2025-12-16T00:04:45.897+0000] {gold_curation.py:68} INFO - Ensured Gold table exists: gold_daily_metrics
[2025-12-16T00:04:45.898+0000] {gold_curation.py:71} INFO - Aggregating Silver data from silver_clean_prices for 2025-12-15
[2025-12-16T00:04:45.904+0000] {gold_curation.py:90} INFO - [2025-12-15] Successfully curated and loaded/updated 0 rows into Gold layer: gold_daily_metrics
[2025-12-16T00:04:45.905+0000] {python.py:237} INFO - Done. Returned value was: None
[2025-12-16T00:04:45.906+0000] {taskinstance.py:441} INFO - ::group::Post task execution logs
[2025-12-16T00:04:45.933+0000] {taskinstance.py:1206} INFO - Marking task as SUCCESS. dag_id=medallion_crypto_pipeline, task_id=gold_curation, run_id=scheduled__2025-12-15T00:00:00+00:00, execution_date=20251215T000000, start_date=20251216T000445, end_date=20251216T000445
[2025-12-16T00:04:45.990+0000] {local_task_job_runner.py:240} INFO - Task exited with return code 0
[2025-12-16T00:04:46.022+0000] {taskinstance.py:3498} INFO - 0 downstream tasks scheduled from follow-on schedule check
[2025-12-16T00:04:46.028+0000] {local_task_job_runner.py:222} INFO - ::endgroup::
