[2025-12-13T05:18:33.356+0000] {local_task_job_runner.py:120} INFO - ::group::Pre task execution logs
[2025-12-13T05:18:33.423+0000] {taskinstance.py:2076} INFO - Dependencies all met for dep_context=non-requeueable deps ti=<TaskInstance: medallion_crypto_pipeline.bronze_extraction manual__2025-12-13T05:10:10.524819+00:00 [queued]>
[2025-12-13T05:18:33.440+0000] {taskinstance.py:2076} INFO - Dependencies all met for dep_context=requeueable deps ti=<TaskInstance: medallion_crypto_pipeline.bronze_extraction manual__2025-12-13T05:10:10.524819+00:00 [queued]>
[2025-12-13T05:18:33.443+0000] {taskinstance.py:2306} INFO - Starting attempt 1 of 3
[2025-12-13T05:18:33.480+0000] {taskinstance.py:2330} INFO - Executing <Task(_PythonDecoratedOperator): bronze_extraction> on 2025-12-13 05:10:10.524819+00:00
[2025-12-13T05:18:33.490+0000] {standard_task_runner.py:63} INFO - Started process 176 to run task
[2025-12-13T05:18:33.497+0000] {standard_task_runner.py:90} INFO - Running: ['***', 'tasks', 'run', 'medallion_crypto_pipeline', 'bronze_extraction', 'manual__2025-12-13T05:10:10.524819+00:00', '--job-id', '44', '--raw', '--subdir', 'DAGS_FOLDER/medallion_crypto_dag.py', '--cfg-path', '/tmp/tmpzmqs4jqq']
[2025-12-13T05:18:33.502+0000] {standard_task_runner.py:91} INFO - Job 44: Subtask bronze_extraction
[2025-12-13T05:18:33.543+0000] {logging_mixin.py:188} WARNING - /home/***/.local/lib/python3.11/site-packages/***/settings.py:195 DeprecationWarning: The sql_alchemy_conn option in [core] has been moved to the sql_alchemy_conn option in [database] - the old setting has been used, but please update your config.
[2025-12-13T05:18:33.661+0000] {task_command.py:426} INFO - Running <TaskInstance: medallion_crypto_pipeline.bronze_extraction manual__2025-12-13T05:10:10.524819+00:00 [running]> on host 86054a8149f6
[2025-12-13T05:18:34.133+0000] {taskinstance.py:2648} INFO - Exporting env vars: AIRFLOW_CTX_DAG_OWNER='data_engineer' AIRFLOW_CTX_DAG_ID='medallion_crypto_pipeline' AIRFLOW_CTX_TASK_ID='bronze_extraction' AIRFLOW_CTX_EXECUTION_DATE='2025-12-13T05:10:10.524819+00:00' AIRFLOW_CTX_TRY_NUMBER='1' AIRFLOW_CTX_DAG_RUN_ID='manual__2025-12-13T05:10:10.524819+00:00'
[2025-12-13T05:18:34.134+0000] {taskinstance.py:430} INFO - ::endgroup::
[2025-12-13T05:18:34.136+0000] {bronze_extract.py:36} INFO - [2025-12-13] Starting Bronze Extraction...
[2025-12-13T05:18:34.143+0000] {bronze_extract.py:51} INFO - Extracting coins: bitcoin,ethereum,cardano,solana | VS: usd from https://api.coingecko.com/api/v3/simple/price
[2025-12-13T05:18:34.143+0000] {bronze_extract.py:56} INFO - Rate limiting: sleeping for 1.2s before API request...
[2025-12-13T05:18:35.880+0000] {bronze_extract.py:71} INFO - Successfully extracted 4 coins.
[2025-12-13T05:18:35.912+0000] {base.py:84} INFO - Using connection ID 'postgres_default' for task execution.
[2025-12-13T05:18:35.966+0000] {bronze_extract.py:98} INFO - [2025-12-13] Bronze data inserted successfully into bronze_raw_prices.
[2025-12-13T05:18:35.970+0000] {python.py:237} INFO - Done. Returned value was: None
[2025-12-13T05:18:35.974+0000] {taskinstance.py:441} INFO - ::group::Post task execution logs
[2025-12-13T05:18:36.003+0000] {taskinstance.py:1206} INFO - Marking task as SUCCESS. dag_id=medallion_crypto_pipeline, task_id=bronze_extraction, run_id=manual__2025-12-13T05:10:10.524819+00:00, execution_date=20251213T051010, start_date=20251213T051833, end_date=20251213T051836
[2025-12-13T05:18:36.043+0000] {local_task_job_runner.py:240} INFO - Task exited with return code 0
[2025-12-13T05:18:36.085+0000] {taskinstance.py:3498} INFO - 1 downstream tasks scheduled from follow-on schedule check
[2025-12-13T05:18:36.090+0000] {local_task_job_runner.py:222} INFO - ::endgroup::
