[2025-12-14T00:20:01.504+0000] {local_task_job_runner.py:120} INFO - ::group::Pre task execution logs
[2025-12-14T00:20:01.558+0000] {taskinstance.py:2076} INFO - Dependencies all met for dep_context=non-requeueable deps ti=<TaskInstance: medallion_crypto_pipeline.silver_transformation manual__2025-12-14T00:19:43.315952+00:00 [queued]>
[2025-12-14T00:20:01.576+0000] {taskinstance.py:2076} INFO - Dependencies all met for dep_context=requeueable deps ti=<TaskInstance: medallion_crypto_pipeline.silver_transformation manual__2025-12-14T00:19:43.315952+00:00 [queued]>
[2025-12-14T00:20:01.577+0000] {taskinstance.py:2306} INFO - Starting attempt 1 of 3
[2025-12-14T00:20:01.603+0000] {taskinstance.py:2330} INFO - Executing <Task(_PythonDecoratedOperator): silver_transformation> on 2025-12-14 00:19:43.315952+00:00
[2025-12-14T00:20:01.616+0000] {standard_task_runner.py:63} INFO - Started process 384 to run task
[2025-12-14T00:20:01.625+0000] {standard_task_runner.py:90} INFO - Running: ['***', 'tasks', 'run', 'medallion_crypto_pipeline', 'silver_transformation', 'manual__2025-12-14T00:19:43.315952+00:00', '--job-id', '54', '--raw', '--subdir', 'DAGS_FOLDER/medallion_crypto_dag.py', '--cfg-path', '/tmp/tmpe4ejgebm']
[2025-12-14T00:20:01.632+0000] {standard_task_runner.py:91} INFO - Job 54: Subtask silver_transformation
[2025-12-14T00:20:01.692+0000] {logging_mixin.py:188} WARNING - /home/***/.local/lib/python3.11/site-packages/***/settings.py:195 DeprecationWarning: The sql_alchemy_conn option in [core] has been moved to the sql_alchemy_conn option in [database] - the old setting has been used, but please update your config.
[2025-12-14T00:20:01.799+0000] {task_command.py:426} INFO - Running <TaskInstance: medallion_crypto_pipeline.silver_transformation manual__2025-12-14T00:19:43.315952+00:00 [running]> on host 8ada072513e0
[2025-12-14T00:20:02.132+0000] {taskinstance.py:2648} INFO - Exporting env vars: AIRFLOW_CTX_DAG_OWNER='data_engineer' AIRFLOW_CTX_DAG_ID='medallion_crypto_pipeline' AIRFLOW_CTX_TASK_ID='silver_transformation' AIRFLOW_CTX_EXECUTION_DATE='2025-12-14T00:19:43.315952+00:00' AIRFLOW_CTX_TRY_NUMBER='1' AIRFLOW_CTX_DAG_RUN_ID='manual__2025-12-14T00:19:43.315952+00:00'
[2025-12-14T00:20:02.134+0000] {taskinstance.py:430} INFO - ::endgroup::
[2025-12-14T00:20:02.137+0000] {medallion_crypto_dag.py:47} INFO - Running Silver transformation for date: 2025-12-14
[2025-12-14T00:20:02.139+0000] {silver_transform.py:43} INFO - Starting Silver Transformation for date: 2025-12-14
[2025-12-14T00:20:02.178+0000] {base.py:84} INFO - Using connection ID 'postgres_default' for task execution.
[2025-12-14T00:20:02.199+0000] {sql.py:470} INFO - Running statement: 
        SELECT raw_json_payload, extracted_at
        FROM bronze_raw_prices
        WHERE execution_date = %s;
    , parameters: ('2025-12-14',)
[2025-12-14T00:20:02.203+0000] {sql.py:479} INFO - Rows affected: 1
[2025-12-14T00:20:02.222+0000] {silver_transform.py:93} INFO - Prepared 4 rows for Silver layer.
[2025-12-14T00:20:02.257+0000] {base.py:84} INFO - Using connection ID 'postgres_default' for task execution.
[2025-12-14T00:20:02.317+0000] {silver_transform.py:124} INFO - Successfully loaded 4 rows into Silver layer: silver_clean_prices.
[2025-12-14T00:20:02.319+0000] {python.py:237} INFO - Done. Returned value was: None
[2025-12-14T00:20:02.322+0000] {taskinstance.py:441} INFO - ::group::Post task execution logs
[2025-12-14T00:20:02.351+0000] {taskinstance.py:1206} INFO - Marking task as SUCCESS. dag_id=medallion_crypto_pipeline, task_id=silver_transformation, run_id=manual__2025-12-14T00:19:43.315952+00:00, execution_date=20251214T001943, start_date=20251214T002001, end_date=20251214T002002
[2025-12-14T00:20:02.413+0000] {local_task_job_runner.py:240} INFO - Task exited with return code 0
[2025-12-14T00:20:02.468+0000] {taskinstance.py:3498} INFO - 1 downstream tasks scheduled from follow-on schedule check
[2025-12-14T00:20:02.472+0000] {local_task_job_runner.py:222} INFO - ::endgroup::
